mode: set
github.com/m/configtoggle/internal/config/custom_parser.go:14.66,18.16 3 1
github.com/m/configtoggle/internal/config/custom_parser.go:18.16,20.3 1 1
github.com/m/configtoggle/internal/config/custom_parser.go:21.2,24.21 3 1
github.com/m/configtoggle/internal/config/custom_parser.go:24.21,28.49 2 1
github.com/m/configtoggle/internal/config/custom_parser.go:28.49,29.12 1 1
github.com/m/configtoggle/internal/config/custom_parser.go:33.3,34.22 2 1
github.com/m/configtoggle/internal/config/custom_parser.go:34.22,35.12 1 1
github.com/m/configtoggle/internal/config/custom_parser.go:38.3,42.46 3 1
github.com/m/configtoggle/internal/config/custom_parser.go:42.46,44.32 1 1
github.com/m/configtoggle/internal/config/custom_parser.go:45.18,46.33 1 1
github.com/m/configtoggle/internal/config/custom_parser.go:47.16,48.35 1 1
github.com/m/configtoggle/internal/config/custom_parser.go:49.12,50.47 1 1
github.com/m/configtoggle/internal/config/custom_parser.go:52.9,54.4 1 1
github.com/m/configtoggle/internal/config/custom_parser.go:57.2,57.38 1 1
github.com/m/configtoggle/internal/config/custom_parser.go:57.38,59.3 1 0
github.com/m/configtoggle/internal/config/custom_parser.go:61.2,61.15 1 1
github.com/m/configtoggle/internal/config/custom_parser.go:65.87,68.16 2 1
github.com/m/configtoggle/internal/config/custom_parser.go:68.16,71.3 1 1
github.com/m/configtoggle/internal/config/custom_parser.go:74.2,77.37 3 1
github.com/m/configtoggle/internal/config/custom_parser.go:77.37,81.55 2 1
github.com/m/configtoggle/internal/config/custom_parser.go:81.55,83.12 2 1
github.com/m/configtoggle/internal/config/custom_parser.go:87.3,88.22 2 1
github.com/m/configtoggle/internal/config/custom_parser.go:88.22,90.12 2 0
github.com/m/configtoggle/internal/config/custom_parser.go:93.3,96.20 2 1
github.com/m/configtoggle/internal/config/custom_parser.go:96.20,100.46 2 1
github.com/m/configtoggle/internal/config/custom_parser.go:100.46,102.5 1 1
github.com/m/configtoggle/internal/config/custom_parser.go:105.4,105.29 1 1
github.com/m/configtoggle/internal/config/custom_parser.go:106.18,107.27 1 1
github.com/m/configtoggle/internal/config/custom_parser.go:107.27,109.6 1 1
github.com/m/configtoggle/internal/config/custom_parser.go:110.23,111.27 1 0
github.com/m/configtoggle/internal/config/custom_parser.go:111.27,113.6 1 0
github.com/m/configtoggle/internal/config/custom_parser.go:114.12,115.64 1 1
github.com/m/configtoggle/internal/config/custom_parser.go:118.4,118.29 1 1
github.com/m/configtoggle/internal/config/custom_parser.go:119.9,122.4 1 1
github.com/m/configtoggle/internal/config/custom_parser.go:126.2,126.34 1 1
github.com/m/configtoggle/internal/config/custom_parser.go:126.34,127.26 1 1
github.com/m/configtoggle/internal/config/custom_parser.go:127.26,128.29 1 1
github.com/m/configtoggle/internal/config/custom_parser.go:129.18,130.27 1 0
github.com/m/configtoggle/internal/config/custom_parser.go:130.27,132.6 1 0
github.com/m/configtoggle/internal/config/custom_parser.go:133.23,134.27 1 0
github.com/m/configtoggle/internal/config/custom_parser.go:134.27,136.6 1 0
github.com/m/configtoggle/internal/config/custom_parser.go:137.12,138.64 1 1
github.com/m/configtoggle/internal/config/custom_parser.go:144.2,145.16 2 1
github.com/m/configtoggle/internal/config/custom_parser.go:145.16,147.3 1 0
github.com/m/configtoggle/internal/config/custom_parser.go:148.2,151.30 3 1
github.com/m/configtoggle/internal/config/custom_parser.go:151.30,152.60 1 1
github.com/m/configtoggle/internal/config/custom_parser.go:152.60,154.4 1 0
github.com/m/configtoggle/internal/config/custom_parser.go:157.2,157.23 1 1
github.com/m/configtoggle/internal/config/custom_parser.go:161.89,163.16 2 1
github.com/m/configtoggle/internal/config/custom_parser.go:163.16,165.3 1 1
github.com/m/configtoggle/internal/config/custom_parser.go:166.2,175.21 7 1
github.com/m/configtoggle/internal/config/custom_parser.go:175.21,180.38 4 1
github.com/m/configtoggle/internal/config/custom_parser.go:180.38,182.4 1 1
github.com/m/configtoggle/internal/config/custom_parser.go:182.9,182.48 1 1
github.com/m/configtoggle/internal/config/custom_parser.go:182.48,185.4 2 1
github.com/m/configtoggle/internal/config/custom_parser.go:187.3,187.12 1 1
github.com/m/configtoggle/internal/config/custom_parser.go:190.2,190.39 1 1
github.com/m/configtoggle/internal/config/custom_parser.go:194.69,197.47 2 1
github.com/m/configtoggle/internal/config/custom_parser.go:197.47,199.3 1 1
github.com/m/configtoggle/internal/config/custom_parser.go:201.2,202.16 2 1
github.com/m/configtoggle/internal/config/custom_parser.go:202.16,204.3 1 0
github.com/m/configtoggle/internal/config/custom_parser.go:205.2,223.41 6 1
github.com/m/configtoggle/internal/config/custom_parser.go:223.41,226.28 2 1
github.com/m/configtoggle/internal/config/custom_parser.go:226.28,227.21 1 1
github.com/m/configtoggle/internal/config/custom_parser.go:227.21,229.30 2 1
github.com/m/configtoggle/internal/config/custom_parser.go:230.19,231.28 1 1
github.com/m/configtoggle/internal/config/custom_parser.go:231.28,233.7 1 1
github.com/m/configtoggle/internal/config/custom_parser.go:234.24,235.28 1 0
github.com/m/configtoggle/internal/config/custom_parser.go:235.28,237.7 1 0
github.com/m/configtoggle/internal/config/custom_parser.go:238.13,239.62 1 1
github.com/m/configtoggle/internal/config/custom_parser.go:243.3,243.27 1 1
github.com/m/configtoggle/internal/config/custom_parser.go:247.2,248.34 2 1
github.com/m/configtoggle/internal/config/custom_parser.go:248.34,249.28 1 1
github.com/m/configtoggle/internal/config/custom_parser.go:249.28,251.4 1 1
github.com/m/configtoggle/internal/config/custom_parser.go:254.2,255.34 2 1
github.com/m/configtoggle/internal/config/custom_parser.go:255.34,256.28 1 1
github.com/m/configtoggle/internal/config/custom_parser.go:256.28,257.29 1 1
github.com/m/configtoggle/internal/config/custom_parser.go:258.18,259.27 1 1
github.com/m/configtoggle/internal/config/custom_parser.go:259.27,261.6 1 1
github.com/m/configtoggle/internal/config/custom_parser.go:262.23,263.27 1 0
github.com/m/configtoggle/internal/config/custom_parser.go:263.27,265.6 1 0
github.com/m/configtoggle/internal/config/custom_parser.go:266.12,267.61 1 1
github.com/m/configtoggle/internal/config/custom_parser.go:272.2,272.23 1 1
github.com/m/configtoggle/internal/config/loader.go:23.35,25.16 2 1
github.com/m/configtoggle/internal/config/loader.go:25.16,27.3 1 1
github.com/m/configtoggle/internal/config/loader.go:29.2,30.53 2 1
github.com/m/configtoggle/internal/config/loader.go:30.53,32.3 1 0
github.com/m/configtoggle/internal/config/loader.go:34.2,36.8 1 1
github.com/m/configtoggle/internal/config/loader.go:40.43,42.2 1 1
github.com/m/configtoggle/internal/config/loader.go:73.68,76.55 2 1
github.com/m/configtoggle/internal/config/loader.go:76.55,78.3 1 1
github.com/m/configtoggle/internal/config/loader.go:80.2,81.16 2 1
github.com/m/configtoggle/internal/config/loader.go:81.16,83.3 1 0
github.com/m/configtoggle/internal/config/loader.go:85.2,86.56 2 1
github.com/m/configtoggle/internal/config/loader.go:86.56,88.3 1 1
github.com/m/configtoggle/internal/config/loader.go:90.2,91.21 2 1
github.com/m/configtoggle/internal/config/loader.go:95.47,99.24 3 1
github.com/m/configtoggle/internal/config/loader.go:99.24,101.3 1 1
github.com/m/configtoggle/internal/config/loader.go:102.2,102.16 1 1
github.com/m/configtoggle/internal/config/loader.go:102.16,104.3 1 0
github.com/m/configtoggle/internal/config/loader.go:106.2,107.32 2 1
github.com/m/configtoggle/internal/config/loader.go:107.32,108.65 1 1
github.com/m/configtoggle/internal/config/loader.go:108.65,111.4 2 1
github.com/m/configtoggle/internal/config/loader.go:114.2,114.18 1 1
github.com/m/configtoggle/internal/config/loader.go:118.79,121.40 2 1
github.com/m/configtoggle/internal/config/loader.go:121.40,123.17 2 1
github.com/m/configtoggle/internal/config/loader.go:123.17,125.4 1 0
github.com/m/configtoggle/internal/config/loader.go:126.3,126.51 1 1
github.com/m/configtoggle/internal/config/loader.go:129.2,133.43 3 1
github.com/m/configtoggle/internal/config/loader.go:134.14,135.25 1 1
github.com/m/configtoggle/internal/config/loader.go:136.21,137.25 1 1
github.com/m/configtoggle/internal/config/loader.go:138.14,139.25 1 1
github.com/m/configtoggle/internal/config/loader.go:140.16,142.40 1 1
github.com/m/configtoggle/internal/config/loader.go:143.10,146.14 2 1
github.com/m/configtoggle/internal/config/loader.go:147.16,148.26 1 1
github.com/m/configtoggle/internal/config/loader.go:149.24,150.26 1 0
github.com/m/configtoggle/internal/config/loader.go:151.16,152.26 1 0
github.com/m/configtoggle/internal/config/loader.go:153.11,154.77 1 1
github.com/m/configtoggle/internal/config/loader.go:158.2,158.66 1 1
github.com/m/configtoggle/internal/config/loader.go:158.66,160.3 1 1
github.com/m/configtoggle/internal/config/loader.go:162.2,162.15 1 1
github.com/m/configtoggle/internal/config/loader.go:166.79,168.40 2 1
github.com/m/configtoggle/internal/config/loader.go:168.40,170.17 2 0
github.com/m/configtoggle/internal/config/loader.go:170.17,172.4 1 0
github.com/m/configtoggle/internal/config/loader.go:173.3,173.51 1 0
github.com/m/configtoggle/internal/config/loader.go:177.2,178.47 2 1
github.com/m/configtoggle/internal/config/loader.go:178.47,179.58 1 1
github.com/m/configtoggle/internal/config/loader.go:179.58,181.4 1 0
github.com/m/configtoggle/internal/config/loader.go:184.2,187.43 3 1
github.com/m/configtoggle/internal/config/loader.go:188.14,189.39 1 1
github.com/m/configtoggle/internal/config/loader.go:190.21,191.39 1 1
github.com/m/configtoggle/internal/config/loader.go:192.14,193.39 1 1
github.com/m/configtoggle/internal/config/loader.go:194.16,195.43 1 1
github.com/m/configtoggle/internal/config/loader.go:196.10,198.14 2 1
github.com/m/configtoggle/internal/config/loader.go:199.16,200.40 1 0
github.com/m/configtoggle/internal/config/loader.go:201.24,202.40 1 0
github.com/m/configtoggle/internal/config/loader.go:203.16,204.40 1 0
github.com/m/configtoggle/internal/config/loader.go:205.11,206.72 1 1
github.com/m/configtoggle/internal/config/loader.go:210.2,210.16 1 1
github.com/m/configtoggle/internal/config/loader.go:210.16,212.3 1 0
github.com/m/configtoggle/internal/config/loader.go:214.2,214.61 1 1
github.com/m/configtoggle/internal/config/loader.go:214.61,216.3 1 0
github.com/m/configtoggle/internal/config/loader.go:218.2,218.12 1 1
github.com/m/configtoggle/internal/config/loader.go:222.76,225.2 1 1
github.com/m/configtoggle/internal/config/loader.go:228.76,231.2 1 1
github.com/m/configtoggle/internal/config/loader.go:234.38,236.16 2 1
github.com/m/configtoggle/internal/config/loader.go:236.16,238.3 1 0
github.com/m/configtoggle/internal/config/loader.go:239.2,239.38 1 1
