mode: set
github.com/m/configtoggle/internal/errors/errors.go:59.44,62.17 2 1
github.com/m/configtoggle/internal/errors/errors.go:62.17,64.3 1 1
github.com/m/configtoggle/internal/errors/errors.go:65.2,65.19 1 1
github.com/m/configtoggle/internal/errors/errors.go:65.19,67.3 1 1
github.com/m/configtoggle/internal/errors/errors.go:68.2,68.19 1 1
github.com/m/configtoggle/internal/errors/errors.go:68.19,70.3 1 1
github.com/m/configtoggle/internal/errors/errors.go:72.2,73.20 2 1
github.com/m/configtoggle/internal/errors/errors.go:73.20,75.3 1 1
github.com/m/configtoggle/internal/errors/errors.go:77.2,79.20 2 1
github.com/m/configtoggle/internal/errors/errors.go:79.20,81.3 1 0
github.com/m/configtoggle/internal/errors/errors.go:83.2,83.12 1 1
github.com/m/configtoggle/internal/errors/errors.go:87.44,89.2 1 1
github.com/m/configtoggle/internal/errors/errors.go:92.45,95.28 2 1
github.com/m/configtoggle/internal/errors/errors.go:95.28,97.44 2 1
github.com/m/configtoggle/internal/errors/errors.go:97.44,99.4 1 1
github.com/m/configtoggle/internal/errors/errors.go:102.2,102.12 1 1
github.com/m/configtoggle/internal/errors/errors.go:106.62,108.2 1 1
github.com/m/configtoggle/internal/errors/errors.go:111.66,116.2 1 1
github.com/m/configtoggle/internal/errors/errors.go:119.80,125.2 1 1
github.com/m/configtoggle/internal/errors/errors.go:128.68,131.2 2 1
github.com/m/configtoggle/internal/errors/errors.go:134.72,137.2 2 1
github.com/m/configtoggle/internal/errors/errors.go:140.72,143.2 2 1
github.com/m/configtoggle/internal/errors/errors.go:146.87,149.2 2 1
github.com/m/configtoggle/internal/errors/errors.go:154.81,158.28 2 1
github.com/m/configtoggle/internal/errors/errors.go:158.28,160.3 1 1
github.com/m/configtoggle/internal/errors/errors.go:162.2,164.34 1 1
github.com/m/configtoggle/internal/errors/errors.go:168.92,172.30 2 1
github.com/m/configtoggle/internal/errors/errors.go:172.30,174.3 1 1
github.com/m/configtoggle/internal/errors/errors.go:176.2,179.34 1 1
github.com/m/configtoggle/internal/errors/errors.go:183.94,185.26 2 1
github.com/m/configtoggle/internal/errors/errors.go:185.26,187.3 1 1
github.com/m/configtoggle/internal/errors/errors.go:189.2,193.34 1 1
github.com/m/configtoggle/internal/errors/errors.go:197.95,201.31 2 0
github.com/m/configtoggle/internal/errors/errors.go:201.31,203.3 1 0
github.com/m/configtoggle/internal/errors/errors.go:205.2,208.34 1 0
github.com/m/configtoggle/internal/errors/errors.go:212.61,221.2 2 0
github.com/m/configtoggle/internal/errors/errors.go:224.71,233.2 2 0
github.com/m/configtoggle/internal/errors/errors.go:236.75,245.2 2 0
github.com/m/configtoggle/internal/errors/errors.go:248.42,251.2 2 1
github.com/m/configtoggle/internal/errors/errors.go:254.65,255.47 1 1
github.com/m/configtoggle/internal/errors/errors.go:255.47,257.3 1 1
github.com/m/configtoggle/internal/errors/errors.go:258.2,258.19 1 1
github.com/m/configtoggle/internal/config/custom_parser.go:14.66,18.16 3 1
github.com/m/configtoggle/internal/config/custom_parser.go:18.16,20.3 1 1
github.com/m/configtoggle/internal/config/custom_parser.go:21.2,24.21 3 1
github.com/m/configtoggle/internal/config/custom_parser.go:24.21,28.49 2 1
github.com/m/configtoggle/internal/config/custom_parser.go:28.49,29.12 1 1
github.com/m/configtoggle/internal/config/custom_parser.go:33.3,34.22 2 1
github.com/m/configtoggle/internal/config/custom_parser.go:34.22,35.12 1 1
github.com/m/configtoggle/internal/config/custom_parser.go:38.3,42.46 3 1
github.com/m/configtoggle/internal/config/custom_parser.go:42.46,44.32 1 1
github.com/m/configtoggle/internal/config/custom_parser.go:45.18,46.33 1 1
github.com/m/configtoggle/internal/config/custom_parser.go:47.16,48.35 1 1
github.com/m/configtoggle/internal/config/custom_parser.go:49.12,50.47 1 1
github.com/m/configtoggle/internal/config/custom_parser.go:52.9,54.4 1 1
github.com/m/configtoggle/internal/config/custom_parser.go:57.2,57.38 1 1
github.com/m/configtoggle/internal/config/custom_parser.go:57.38,59.3 1 0
github.com/m/configtoggle/internal/config/custom_parser.go:61.2,61.15 1 1
github.com/m/configtoggle/internal/config/custom_parser.go:65.87,68.16 2 1
github.com/m/configtoggle/internal/config/custom_parser.go:68.16,71.3 1 1
github.com/m/configtoggle/internal/config/custom_parser.go:74.2,77.37 3 1
github.com/m/configtoggle/internal/config/custom_parser.go:77.37,81.55 2 1
github.com/m/configtoggle/internal/config/custom_parser.go:81.55,83.12 2 1
github.com/m/configtoggle/internal/config/custom_parser.go:87.3,88.22 2 1
github.com/m/configtoggle/internal/config/custom_parser.go:88.22,90.12 2 0
github.com/m/configtoggle/internal/config/custom_parser.go:93.3,96.20 2 1
github.com/m/configtoggle/internal/config/custom_parser.go:96.20,100.46 2 1
github.com/m/configtoggle/internal/config/custom_parser.go:100.46,102.5 1 1
github.com/m/configtoggle/internal/config/custom_parser.go:105.4,105.29 1 1
github.com/m/configtoggle/internal/config/custom_parser.go:106.18,107.27 1 1
github.com/m/configtoggle/internal/config/custom_parser.go:107.27,109.6 1 1
github.com/m/configtoggle/internal/config/custom_parser.go:110.23,111.27 1 0
github.com/m/configtoggle/internal/config/custom_parser.go:111.27,113.6 1 0
github.com/m/configtoggle/internal/config/custom_parser.go:114.12,115.64 1 1
github.com/m/configtoggle/internal/config/custom_parser.go:118.4,118.29 1 1
github.com/m/configtoggle/internal/config/custom_parser.go:119.9,122.4 1 1
github.com/m/configtoggle/internal/config/custom_parser.go:126.2,126.34 1 1
github.com/m/configtoggle/internal/config/custom_parser.go:126.34,127.26 1 1
github.com/m/configtoggle/internal/config/custom_parser.go:127.26,128.29 1 1
github.com/m/configtoggle/internal/config/custom_parser.go:129.18,130.27 1 0
github.com/m/configtoggle/internal/config/custom_parser.go:130.27,132.6 1 0
github.com/m/configtoggle/internal/config/custom_parser.go:133.23,134.27 1 0
github.com/m/configtoggle/internal/config/custom_parser.go:134.27,136.6 1 0
github.com/m/configtoggle/internal/config/custom_parser.go:137.12,138.64 1 1
github.com/m/configtoggle/internal/config/custom_parser.go:144.2,145.16 2 1
github.com/m/configtoggle/internal/config/custom_parser.go:145.16,147.3 1 0
github.com/m/configtoggle/internal/config/custom_parser.go:148.2,151.30 3 1
github.com/m/configtoggle/internal/config/custom_parser.go:151.30,152.60 1 1
github.com/m/configtoggle/internal/config/custom_parser.go:152.60,154.4 1 0
github.com/m/configtoggle/internal/config/custom_parser.go:157.2,157.23 1 1
github.com/m/configtoggle/internal/config/custom_parser.go:161.89,163.16 2 1
github.com/m/configtoggle/internal/config/custom_parser.go:163.16,165.3 1 1
github.com/m/configtoggle/internal/config/custom_parser.go:166.2,175.21 7 1
github.com/m/configtoggle/internal/config/custom_parser.go:175.21,180.38 4 1
github.com/m/configtoggle/internal/config/custom_parser.go:180.38,182.4 1 1
github.com/m/configtoggle/internal/config/custom_parser.go:182.9,182.48 1 1
github.com/m/configtoggle/internal/config/custom_parser.go:182.48,185.4 2 1
github.com/m/configtoggle/internal/config/custom_parser.go:187.3,187.12 1 1
github.com/m/configtoggle/internal/config/custom_parser.go:190.2,190.39 1 1
github.com/m/configtoggle/internal/config/custom_parser.go:194.69,197.47 2 1
github.com/m/configtoggle/internal/config/custom_parser.go:197.47,199.3 1 1
github.com/m/configtoggle/internal/config/custom_parser.go:201.2,202.16 2 1
github.com/m/configtoggle/internal/config/custom_parser.go:202.16,204.3 1 0
github.com/m/configtoggle/internal/config/custom_parser.go:205.2,223.41 6 1
github.com/m/configtoggle/internal/config/custom_parser.go:223.41,226.28 2 1
github.com/m/configtoggle/internal/config/custom_parser.go:226.28,227.21 1 1
github.com/m/configtoggle/internal/config/custom_parser.go:227.21,229.30 2 1
github.com/m/configtoggle/internal/config/custom_parser.go:230.19,231.28 1 1
github.com/m/configtoggle/internal/config/custom_parser.go:231.28,233.7 1 1
github.com/m/configtoggle/internal/config/custom_parser.go:234.24,235.28 1 0
github.com/m/configtoggle/internal/config/custom_parser.go:235.28,237.7 1 0
github.com/m/configtoggle/internal/config/custom_parser.go:238.13,239.62 1 1
github.com/m/configtoggle/internal/config/custom_parser.go:243.3,243.27 1 1
github.com/m/configtoggle/internal/config/custom_parser.go:247.2,248.34 2 1
github.com/m/configtoggle/internal/config/custom_parser.go:248.34,249.28 1 1
github.com/m/configtoggle/internal/config/custom_parser.go:249.28,251.4 1 1
github.com/m/configtoggle/internal/config/custom_parser.go:254.2,255.34 2 1
github.com/m/configtoggle/internal/config/custom_parser.go:255.34,256.28 1 1
github.com/m/configtoggle/internal/config/custom_parser.go:256.28,257.29 1 1
github.com/m/configtoggle/internal/config/custom_parser.go:258.18,259.27 1 1
github.com/m/configtoggle/internal/config/custom_parser.go:259.27,261.6 1 1
github.com/m/configtoggle/internal/config/custom_parser.go:262.23,263.27 1 0
github.com/m/configtoggle/internal/config/custom_parser.go:263.27,265.6 1 0
github.com/m/configtoggle/internal/config/custom_parser.go:266.12,267.61 1 1
github.com/m/configtoggle/internal/config/custom_parser.go:272.2,272.23 1 1
github.com/m/configtoggle/internal/config/loader.go:23.35,25.16 2 1
github.com/m/configtoggle/internal/config/loader.go:25.16,27.3 1 0
github.com/m/configtoggle/internal/config/loader.go:29.2,30.53 2 1
github.com/m/configtoggle/internal/config/loader.go:30.53,32.3 1 0
github.com/m/configtoggle/internal/config/loader.go:34.2,36.8 1 1
github.com/m/configtoggle/internal/config/loader.go:40.43,42.2 1 0
github.com/m/configtoggle/internal/config/loader.go:73.68,76.55 2 1
github.com/m/configtoggle/internal/config/loader.go:76.55,78.3 1 1
github.com/m/configtoggle/internal/config/loader.go:80.2,81.16 2 1
github.com/m/configtoggle/internal/config/loader.go:81.16,83.3 1 0
github.com/m/configtoggle/internal/config/loader.go:85.2,86.56 2 1
github.com/m/configtoggle/internal/config/loader.go:86.56,88.3 1 0
github.com/m/configtoggle/internal/config/loader.go:90.2,91.21 2 1
github.com/m/configtoggle/internal/config/loader.go:95.47,99.24 3 1
github.com/m/configtoggle/internal/config/loader.go:99.24,101.3 1 1
github.com/m/configtoggle/internal/config/loader.go:102.2,102.16 1 1
github.com/m/configtoggle/internal/config/loader.go:102.16,104.3 1 0
github.com/m/configtoggle/internal/config/loader.go:106.2,107.32 2 1
github.com/m/configtoggle/internal/config/loader.go:107.32,108.65 1 1
github.com/m/configtoggle/internal/config/loader.go:108.65,111.4 2 1
github.com/m/configtoggle/internal/config/loader.go:114.2,114.18 1 1
github.com/m/configtoggle/internal/config/loader.go:118.79,121.40 2 1
github.com/m/configtoggle/internal/config/loader.go:121.40,123.17 2 0
github.com/m/configtoggle/internal/config/loader.go:123.17,125.4 1 0
github.com/m/configtoggle/internal/config/loader.go:126.3,126.51 1 0
github.com/m/configtoggle/internal/config/loader.go:129.2,133.43 3 1
github.com/m/configtoggle/internal/config/loader.go:134.14,135.25 1 1
github.com/m/configtoggle/internal/config/loader.go:136.21,137.25 1 1
github.com/m/configtoggle/internal/config/loader.go:138.14,139.25 1 0
github.com/m/configtoggle/internal/config/loader.go:140.16,142.40 1 1
github.com/m/configtoggle/internal/config/loader.go:143.10,146.14 2 1
github.com/m/configtoggle/internal/config/loader.go:147.16,148.26 1 1
github.com/m/configtoggle/internal/config/loader.go:149.24,150.26 1 0
github.com/m/configtoggle/internal/config/loader.go:151.16,152.26 1 0
github.com/m/configtoggle/internal/config/loader.go:153.11,154.77 1 0
github.com/m/configtoggle/internal/config/loader.go:158.2,158.66 1 1
github.com/m/configtoggle/internal/config/loader.go:158.66,160.3 1 1
github.com/m/configtoggle/internal/config/loader.go:162.2,162.15 1 1
github.com/m/configtoggle/internal/config/loader.go:166.79,168.40 2 1
github.com/m/configtoggle/internal/config/loader.go:168.40,170.17 2 0
github.com/m/configtoggle/internal/config/loader.go:170.17,172.4 1 0
github.com/m/configtoggle/internal/config/loader.go:173.3,173.51 1 0
github.com/m/configtoggle/internal/config/loader.go:177.2,178.47 2 1
github.com/m/configtoggle/internal/config/loader.go:178.47,179.58 1 0
github.com/m/configtoggle/internal/config/loader.go:179.58,181.4 1 0
github.com/m/configtoggle/internal/config/loader.go:184.2,187.43 3 1
github.com/m/configtoggle/internal/config/loader.go:188.14,189.39 1 1
github.com/m/configtoggle/internal/config/loader.go:190.21,191.39 1 1
github.com/m/configtoggle/internal/config/loader.go:192.14,193.39 1 0
github.com/m/configtoggle/internal/config/loader.go:194.16,195.43 1 1
github.com/m/configtoggle/internal/config/loader.go:196.10,198.14 2 1
github.com/m/configtoggle/internal/config/loader.go:199.16,200.40 1 0
github.com/m/configtoggle/internal/config/loader.go:201.24,202.40 1 0
github.com/m/configtoggle/internal/config/loader.go:203.16,204.40 1 0
github.com/m/configtoggle/internal/config/loader.go:205.11,206.72 1 1
github.com/m/configtoggle/internal/config/loader.go:210.2,210.16 1 1
github.com/m/configtoggle/internal/config/loader.go:210.16,212.3 1 0
github.com/m/configtoggle/internal/config/loader.go:214.2,214.61 1 1
github.com/m/configtoggle/internal/config/loader.go:214.61,216.3 1 0
github.com/m/configtoggle/internal/config/loader.go:218.2,218.12 1 1
github.com/m/configtoggle/internal/config/loader.go:222.76,225.2 1 1
github.com/m/configtoggle/internal/config/loader.go:228.76,231.2 1 1
github.com/m/configtoggle/internal/config/loader.go:234.38,236.16 2 0
github.com/m/configtoggle/internal/config/loader.go:236.16,238.3 1 0
github.com/m/configtoggle/internal/config/loader.go:239.2,239.38 1 0
github.com/m/configtoggle/internal/plugins/plugin.go:62.30,66.2 1 0
github.com/m/configtoggle/internal/plugins/plugin.go:69.50,71.42 2 0
github.com/m/configtoggle/internal/plugins/plugin.go:71.42,73.3 1 0
github.com/m/configtoggle/internal/plugins/plugin.go:74.2,75.12 2 0
github.com/m/configtoggle/internal/plugins/plugin.go:79.53,81.13 2 0
github.com/m/configtoggle/internal/plugins/plugin.go:81.13,83.3 1 0
github.com/m/configtoggle/internal/plugins/plugin.go:84.2,84.20 1 0
github.com/m/configtoggle/internal/plugins/plugin.go:88.36,90.30 2 0
github.com/m/configtoggle/internal/plugins/plugin.go:90.30,92.3 1 0
github.com/m/configtoggle/internal/plugins/plugin.go:93.2,93.14 1 0
github.com/m/configtoggle/internal/plugins/plugin.go:97.40,99.16 2 0
github.com/m/configtoggle/internal/plugins/plugin.go:99.16,101.3 1 0
github.com/m/configtoggle/internal/plugins/plugin.go:103.2,104.53 2 0
github.com/m/configtoggle/internal/plugins/plugin.go:104.53,106.3 1 0
github.com/m/configtoggle/internal/plugins/plugin.go:108.2,111.47 2 0
github.com/m/configtoggle/internal/plugins/plugin.go:111.47,113.3 1 0
github.com/m/configtoggle/internal/plugins/plugin.go:116.2,117.16 2 0
github.com/m/configtoggle/internal/plugins/plugin.go:117.16,119.3 1 0
github.com/m/configtoggle/internal/plugins/plugin.go:122.2,132.53 9 0
github.com/m/configtoggle/internal/plugins/plugin.go:132.53,135.28 3 0
github.com/m/configtoggle/internal/plugins/plugin.go:135.28,137.39 2 0
github.com/m/configtoggle/internal/plugins/plugin.go:137.39,139.5 1 0
github.com/m/configtoggle/internal/plugins/plugin.go:141.3,141.27 1 0
github.com/m/configtoggle/internal/plugins/plugin.go:141.27,143.4 1 0
github.com/m/configtoggle/internal/plugins/plugin.go:144.3,144.30 1 0
github.com/m/configtoggle/internal/plugins/plugin.go:144.30,146.4 1 0
github.com/m/configtoggle/internal/plugins/plugin.go:147.3,147.23 1 0
github.com/m/configtoggle/internal/plugins/plugin.go:147.23,149.4 1 0
github.com/m/configtoggle/internal/plugins/plugin.go:153.2,154.22 2 0
github.com/m/configtoggle/internal/plugins/plugin.go:154.22,156.37 2 0
github.com/m/configtoggle/internal/plugins/plugin.go:156.37,159.32 3 0
github.com/m/configtoggle/internal/plugins/plugin.go:159.32,161.5 1 0
github.com/m/configtoggle/internal/plugins/plugin.go:162.4,163.42 2 0
github.com/m/configtoggle/internal/plugins/plugin.go:163.42,165.5 1 0
github.com/m/configtoggle/internal/plugins/plugin.go:170.2,171.20 2 0
github.com/m/configtoggle/internal/plugins/plugin.go:171.20,173.37 2 0
github.com/m/configtoggle/internal/plugins/plugin.go:173.37,175.4 1 0
github.com/m/configtoggle/internal/plugins/plugin.go:179.2,179.80 1 0
github.com/m/configtoggle/internal/plugins/plugin.go:179.80,181.3 1 0
github.com/m/configtoggle/internal/plugins/plugin.go:183.2,183.12 1 0
github.com/m/configtoggle/internal/plugins/builtin/ghostty.go:17.40,19.2 1 0
github.com/m/configtoggle/internal/plugins/builtin/ghostty.go:22.39,24.2 1 0
github.com/m/configtoggle/internal/plugins/builtin/ghostty.go:27.46,29.2 1 0
github.com/m/configtoggle/internal/plugins/builtin/ghostty.go:32.60,34.16 2 0
github.com/m/configtoggle/internal/plugins/builtin/ghostty.go:34.16,36.3 1 0
github.com/m/configtoggle/internal/plugins/builtin/ghostty.go:39.2,44.29 2 0
github.com/m/configtoggle/internal/plugins/builtin/ghostty.go:44.29,45.42 1 0
github.com/m/configtoggle/internal/plugins/builtin/ghostty.go:45.42,47.4 1 0
github.com/m/configtoggle/internal/plugins/builtin/ghostty.go:51.2,51.65 1 0
github.com/m/configtoggle/internal/plugins/builtin/ghostty.go:55.88,57.16 2 0
github.com/m/configtoggle/internal/plugins/builtin/ghostty.go:57.16,59.3 1 0
github.com/m/configtoggle/internal/plugins/builtin/ghostty.go:60.2,65.21 4 0
github.com/m/configtoggle/internal/plugins/builtin/ghostty.go:65.21,69.49 2 0
github.com/m/configtoggle/internal/plugins/builtin/ghostty.go:69.49,70.12 1 0
github.com/m/configtoggle/internal/plugins/builtin/ghostty.go:74.3,75.22 2 0
github.com/m/configtoggle/internal/plugins/builtin/ghostty.go:75.22,76.12 1 0
github.com/m/configtoggle/internal/plugins/builtin/ghostty.go:79.3,83.46 3 0
github.com/m/configtoggle/internal/plugins/builtin/ghostty.go:83.46,85.32 1 0
github.com/m/configtoggle/internal/plugins/builtin/ghostty.go:86.18,87.35 1 0
github.com/m/configtoggle/internal/plugins/builtin/ghostty.go:88.16,89.37 1 0
github.com/m/configtoggle/internal/plugins/builtin/ghostty.go:91.9,93.4 1 0
github.com/m/configtoggle/internal/plugins/builtin/ghostty.go:96.2,96.38 1 0
github.com/m/configtoggle/internal/plugins/builtin/ghostty.go:96.38,98.3 1 0
github.com/m/configtoggle/internal/plugins/builtin/ghostty.go:100.2,100.20 1 0
github.com/m/configtoggle/internal/plugins/builtin/ghostty.go:104.93,107.16 2 0
github.com/m/configtoggle/internal/plugins/builtin/ghostty.go:107.16,110.3 1 0
github.com/m/configtoggle/internal/plugins/builtin/ghostty.go:113.2,117.16 3 0
github.com/m/configtoggle/internal/plugins/builtin/ghostty.go:117.16,119.3 1 0
github.com/m/configtoggle/internal/plugins/builtin/ghostty.go:120.2,123.36 3 0
github.com/m/configtoggle/internal/plugins/builtin/ghostty.go:123.36,124.60 1 0
github.com/m/configtoggle/internal/plugins/builtin/ghostty.go:124.60,126.4 1 0
github.com/m/configtoggle/internal/plugins/builtin/ghostty.go:129.2,129.23 1 0
github.com/m/configtoggle/internal/plugins/builtin/ghostty.go:133.73,186.2 1 0
github.com/m/configtoggle/internal/plugins/builtin/ghostty.go:189.64,241.2 1 0
github.com/m/configtoggle/internal/plugins/builtin/ghostty.go:244.78,248.13 3 0
github.com/m/configtoggle/internal/plugins/builtin/ghostty.go:248.13,251.3 1 0
github.com/m/configtoggle/internal/plugins/builtin/ghostty.go:254.2,254.24 1 0
github.com/m/configtoggle/internal/plugins/builtin/ghostty.go:255.16,256.23 1 0
github.com/m/configtoggle/internal/plugins/builtin/ghostty.go:257.28,257.28 0 0
github.com/m/configtoggle/internal/plugins/builtin/ghostty.go:259.15,259.15 0 0
github.com/m/configtoggle/internal/plugins/builtin/ghostty.go:262.11,263.72 1 0
github.com/m/configtoggle/internal/plugins/builtin/ghostty.go:265.16,267.32 2 0
github.com/m/configtoggle/internal/plugins/builtin/ghostty.go:267.32,269.48 2 0
github.com/m/configtoggle/internal/plugins/builtin/ghostty.go:269.48,270.31 1 0
github.com/m/configtoggle/internal/plugins/builtin/ghostty.go:270.31,272.11 2 0
github.com/m/configtoggle/internal/plugins/builtin/ghostty.go:275.4,275.14 1 0
github.com/m/configtoggle/internal/plugins/builtin/ghostty.go:275.14,277.5 1 0
github.com/m/configtoggle/internal/plugins/builtin/ghostty.go:281.2,281.12 1 0
github.com/m/configtoggle/internal/plugins/builtin/ghostty.go:285.54,290.2 1 0
github.com/m/configtoggle/internal/plugins/builtin/ghostty.go:293.78,295.16 2 0
github.com/m/configtoggle/internal/plugins/builtin/ghostty.go:295.16,297.3 1 0
github.com/m/configtoggle/internal/plugins/builtin/ghostty.go:298.2,302.21 4 0
github.com/m/configtoggle/internal/plugins/builtin/ghostty.go:302.21,304.3 1 0
github.com/m/configtoggle/internal/plugins/builtin/ghostty.go:306.2,306.29 1 0
github.com/m/configtoggle/internal/plugins/builtin/ghostty.go:310.99,314.29 3 0
github.com/m/configtoggle/internal/plugins/builtin/ghostty.go:314.29,318.55 2 0
github.com/m/configtoggle/internal/plugins/builtin/ghostty.go:318.55,320.12 2 0
github.com/m/configtoggle/internal/plugins/builtin/ghostty.go:324.3,325.22 2 0
github.com/m/configtoggle/internal/plugins/builtin/ghostty.go:325.22,327.12 2 0
github.com/m/configtoggle/internal/plugins/builtin/ghostty.go:330.3,333.46 2 0
github.com/m/configtoggle/internal/plugins/builtin/ghostty.go:333.46,334.32 1 0
github.com/m/configtoggle/internal/plugins/builtin/ghostty.go:335.18,337.27 1 0
github.com/m/configtoggle/internal/plugins/builtin/ghostty.go:337.27,339.6 1 0
github.com/m/configtoggle/internal/plugins/builtin/ghostty.go:340.12,341.67 1 0
github.com/m/configtoggle/internal/plugins/builtin/ghostty.go:343.4,343.23 1 0
github.com/m/configtoggle/internal/plugins/builtin/ghostty.go:344.9,347.4 1 0
github.com/m/configtoggle/internal/plugins/builtin/ghostty.go:351.2,351.33 1 0
github.com/m/configtoggle/internal/plugins/builtin/ghostty.go:351.33,352.20 1 0
github.com/m/configtoggle/internal/plugins/builtin/ghostty.go:352.20,353.29 1 0
github.com/m/configtoggle/internal/plugins/builtin/ghostty.go:354.18,355.27 1 0
github.com/m/configtoggle/internal/plugins/builtin/ghostty.go:355.27,357.6 1 0
github.com/m/configtoggle/internal/plugins/builtin/ghostty.go:358.12,359.64 1 0
github.com/m/configtoggle/internal/plugins/builtin/ghostty.go:364.2,364.15 1 0
github.com/m/configtoggle/internal/plugins/builtin/ghostty.go:368.96,371.47 2 0
github.com/m/configtoggle/internal/plugins/builtin/ghostty.go:371.47,373.3 1 0
github.com/m/configtoggle/internal/plugins/builtin/ghostty.go:375.2,376.16 2 0
github.com/m/configtoggle/internal/plugins/builtin/ghostty.go:376.16,378.3 1 0
github.com/m/configtoggle/internal/plugins/builtin/ghostty.go:379.2,388.33 5 0
github.com/m/configtoggle/internal/plugins/builtin/ghostty.go:388.33,389.28 1 0
github.com/m/configtoggle/internal/plugins/builtin/ghostty.go:390.17,391.26 1 0
github.com/m/configtoggle/internal/plugins/builtin/ghostty.go:391.26,393.5 1 0
github.com/m/configtoggle/internal/plugins/builtin/ghostty.go:394.11,395.60 1 0
github.com/m/configtoggle/internal/plugins/builtin/ghostty.go:399.2,399.23 1 0
github.com/m/configtoggle/internal/recovery/recovery.go:18.49,20.16 2 1
github.com/m/configtoggle/internal/recovery/recovery.go:20.16,22.3 1 0
github.com/m/configtoggle/internal/recovery/recovery.go:24.2,25.53 2 1
github.com/m/configtoggle/internal/recovery/recovery.go:25.53,28.3 1 0
github.com/m/configtoggle/internal/recovery/recovery.go:30.2,32.8 1 1
github.com/m/configtoggle/internal/recovery/recovery.go:36.83,37.55 1 1
github.com/m/configtoggle/internal/recovery/recovery.go:37.55,40.3 1 1
github.com/m/configtoggle/internal/recovery/recovery.go:42.2,47.16 5 1
github.com/m/configtoggle/internal/recovery/recovery.go:47.16,50.3 1 0
github.com/m/configtoggle/internal/recovery/recovery.go:52.2,52.61 1 1
github.com/m/configtoggle/internal/recovery/recovery.go:52.61,55.3 1 0
github.com/m/configtoggle/internal/recovery/recovery.go:57.2,57.24 1 1
github.com/m/configtoggle/internal/recovery/recovery.go:61.77,62.55 1 1
github.com/m/configtoggle/internal/recovery/recovery.go:62.55,65.3 1 1
github.com/m/configtoggle/internal/recovery/recovery.go:67.2,68.16 2 1
github.com/m/configtoggle/internal/recovery/recovery.go:68.16,70.3 1 0
github.com/m/configtoggle/internal/recovery/recovery.go:73.2,74.53 2 1
github.com/m/configtoggle/internal/recovery/recovery.go:74.53,76.3 1 0
github.com/m/configtoggle/internal/recovery/recovery.go:78.2,78.61 1 1
github.com/m/configtoggle/internal/recovery/recovery.go:78.61,81.3 1 0
github.com/m/configtoggle/internal/recovery/recovery.go:83.2,83.12 1 1
github.com/m/configtoggle/internal/recovery/recovery.go:87.76,89.16 2 1
github.com/m/configtoggle/internal/recovery/recovery.go:89.16,90.25 1 0
github.com/m/configtoggle/internal/recovery/recovery.go:90.25,92.4 1 0
github.com/m/configtoggle/internal/recovery/recovery.go:93.3,93.90 1 0
github.com/m/configtoggle/internal/recovery/recovery.go:96.2,100.32 4 1
github.com/m/configtoggle/internal/recovery/recovery.go:100.32,101.21 1 1
github.com/m/configtoggle/internal/recovery/recovery.go:101.21,105.45 2 1
github.com/m/configtoggle/internal/recovery/recovery.go:105.45,108.19 2 1
github.com/m/configtoggle/internal/recovery/recovery.go:108.19,109.14 1 0
github.com/m/configtoggle/internal/recovery/recovery.go:112.5,119.7 2 1
github.com/m/configtoggle/internal/recovery/recovery.go:124.2,124.21 1 1
github.com/m/configtoggle/internal/recovery/recovery.go:128.81,130.16 2 1
github.com/m/configtoggle/internal/recovery/recovery.go:130.16,132.3 1 0
github.com/m/configtoggle/internal/recovery/recovery.go:134.2,134.31 1 1
github.com/m/configtoggle/internal/recovery/recovery.go:134.31,136.3 1 1
github.com/m/configtoggle/internal/recovery/recovery.go:140.2,140.44 1 1
github.com/m/configtoggle/internal/recovery/recovery.go:140.44,141.52 1 1
github.com/m/configtoggle/internal/recovery/recovery.go:141.52,144.4 1 0
github.com/m/configtoggle/internal/recovery/recovery.go:147.2,147.12 1 1
github.com/m/configtoggle/internal/recovery/recovery.go:168.75,170.16 2 1
github.com/m/configtoggle/internal/recovery/recovery.go:170.16,172.3 1 0
github.com/m/configtoggle/internal/recovery/recovery.go:174.2,175.16 2 1
github.com/m/configtoggle/internal/recovery/recovery.go:175.16,177.3 1 0
github.com/m/configtoggle/internal/recovery/recovery.go:179.2,184.8 1 1
github.com/m/configtoggle/internal/recovery/recovery.go:188.43,189.25 1 1
github.com/m/configtoggle/internal/recovery/recovery.go:189.25,191.3 1 0
github.com/m/configtoggle/internal/recovery/recovery.go:193.2,193.69 1 1
github.com/m/configtoggle/internal/recovery/recovery.go:197.41,198.25 1 1
github.com/m/configtoggle/internal/recovery/recovery.go:198.25,200.3 1 0
github.com/m/configtoggle/internal/recovery/recovery.go:202.2,202.49 1 1
github.com/m/configtoggle/internal/recovery/recovery.go:202.49,205.3 1 0
github.com/m/configtoggle/internal/recovery/recovery.go:207.2,207.12 1 1
github.com/m/configtoggle/internal/recovery/recovery.go:211.55,213.2 1 0
github.com/m/configtoggle/internal/tui/app.go:19.46,21.16 2 0
github.com/m/configtoggle/internal/tui/app.go:21.16,23.3 1 0
github.com/m/configtoggle/internal/tui/app.go:25.2,28.8 1 0
github.com/m/configtoggle/internal/tui/app.go:32.27,34.16 2 0
github.com/m/configtoggle/internal/tui/app.go:34.16,36.3 1 0
github.com/m/configtoggle/internal/tui/app.go:38.2,40.43 2 0
github.com/m/configtoggle/internal/tui/app.go:40.43,42.3 1 0
github.com/m/configtoggle/internal/tui/app.go:44.2,44.12 1 0
github.com/m/configtoggle/internal/tui/app.go:98.73,100.16 2 0
github.com/m/configtoggle/internal/tui/app.go:100.16,102.3 1 0
github.com/m/configtoggle/internal/tui/app.go:104.2,113.22 2 0
github.com/m/configtoggle/internal/tui/app.go:113.22,114.28 1 0
github.com/m/configtoggle/internal/tui/app.go:114.28,115.25 1 0
github.com/m/configtoggle/internal/tui/app.go:115.25,117.59 2 0
github.com/m/configtoggle/internal/tui/app.go:117.59,119.6 1 0
github.com/m/configtoggle/internal/tui/app.go:120.5,120.10 1 0
github.com/m/configtoggle/internal/tui/app.go:125.2,125.19 1 0
github.com/m/configtoggle/internal/tui/app.go:129.32,131.2 1 0
github.com/m/configtoggle/internal/tui/app.go:134.58,135.27 1 0
github.com/m/configtoggle/internal/tui/app.go:136.18,137.31 1 0
github.com/m/configtoggle/internal/tui/app.go:138.25,141.16 3 0
github.com/m/configtoggle/internal/tui/app.go:143.2,143.15 1 0
github.com/m/configtoggle/internal/tui/app.go:147.69,148.22 1 0
github.com/m/configtoggle/internal/tui/app.go:149.21,150.34 1 0
github.com/m/configtoggle/internal/tui/app.go:150.34,152.4 1 0
github.com/m/configtoggle/internal/tui/app.go:154.3,155.16 2 0
github.com/m/configtoggle/internal/tui/app.go:157.11,159.16 2 0
github.com/m/configtoggle/internal/tui/app.go:161.13,162.18 1 0
github.com/m/configtoggle/internal/tui/app.go:163.54,164.30 1 0
github.com/m/configtoggle/internal/tui/app.go:165.11,166.22 1 0
github.com/m/configtoggle/internal/tui/app.go:168.3,168.16 1 0
github.com/m/configtoggle/internal/tui/app.go:172.2,172.17 1 0
github.com/m/configtoggle/internal/tui/app.go:173.24,174.39 1 0
github.com/m/configtoggle/internal/tui/app.go:175.22,176.37 1 0
github.com/m/configtoggle/internal/tui/app.go:177.27,178.42 1 0
github.com/m/configtoggle/internal/tui/app.go:179.16,180.31 1 0
github.com/m/configtoggle/internal/tui/app.go:183.2,183.15 1 0
github.com/m/configtoggle/internal/tui/app.go:187.77,188.22 1 0
github.com/m/configtoggle/internal/tui/app.go:189.17,190.19 1 0
github.com/m/configtoggle/internal/tui/app.go:190.19,192.4 1 0
github.com/m/configtoggle/internal/tui/app.go:193.19,194.31 1 0
github.com/m/configtoggle/internal/tui/app.go:194.31,196.4 1 0
github.com/m/configtoggle/internal/tui/app.go:197.20,198.22 1 0
github.com/m/configtoggle/internal/tui/app.go:198.22,201.56 3 0
github.com/m/configtoggle/internal/tui/app.go:201.56,203.5 1 0
github.com/m/configtoggle/internal/tui/app.go:206.2,206.15 1 0
github.com/m/configtoggle/internal/tui/app.go:210.75,211.61 1 0
github.com/m/configtoggle/internal/tui/app.go:211.61,213.3 1 0
github.com/m/configtoggle/internal/tui/app.go:215.2,217.22 2 0
github.com/m/configtoggle/internal/tui/app.go:218.17,219.27 1 0
github.com/m/configtoggle/internal/tui/app.go:219.27,221.4 1 0
github.com/m/configtoggle/internal/tui/app.go:222.19,223.49 1 0
github.com/m/configtoggle/internal/tui/app.go:223.49,225.4 1 0
github.com/m/configtoggle/internal/tui/app.go:226.19,227.47 1 0
github.com/m/configtoggle/internal/tui/app.go:227.47,229.49 2 0
github.com/m/configtoggle/internal/tui/app.go:229.49,231.53 2 0
github.com/m/configtoggle/internal/tui/app.go:231.53,233.6 1 0
github.com/m/configtoggle/internal/tui/app.go:236.20,237.47 1 0
github.com/m/configtoggle/internal/tui/app.go:237.47,239.67 2 0
github.com/m/configtoggle/internal/tui/app.go:239.67,241.53 2 0
github.com/m/configtoggle/internal/tui/app.go:241.53,243.6 1 0
github.com/m/configtoggle/internal/tui/app.go:246.20,247.47 1 0
github.com/m/configtoggle/internal/tui/app.go:247.47,249.29 2 0
github.com/m/configtoggle/internal/tui/app.go:249.29,252.53 2 0
github.com/m/configtoggle/internal/tui/app.go:252.53,254.6 1 0
github.com/m/configtoggle/internal/tui/app.go:257.11,258.32 1 0
github.com/m/configtoggle/internal/tui/app.go:261.2,261.15 1 0
github.com/m/configtoggle/internal/tui/app.go:265.80,266.61 1 0
github.com/m/configtoggle/internal/tui/app.go:266.61,268.3 1 0
github.com/m/configtoggle/internal/tui/app.go:270.2,272.22 2 0
github.com/m/configtoggle/internal/tui/app.go:273.17,274.27 1 0
github.com/m/configtoggle/internal/tui/app.go:274.27,276.4 1 0
github.com/m/configtoggle/internal/tui/app.go:277.19,278.50 1 0
github.com/m/configtoggle/internal/tui/app.go:278.50,280.4 1 0
github.com/m/configtoggle/internal/tui/app.go:281.20,282.48 1 0
github.com/m/configtoggle/internal/tui/app.go:282.48,284.74 2 0
github.com/m/configtoggle/internal/tui/app.go:284.74,286.5 1 0
github.com/m/configtoggle/internal/tui/app.go:286.10,288.57 1 0
github.com/m/configtoggle/internal/tui/app.go:288.57,290.6 1 0
github.com/m/configtoggle/internal/tui/app.go:291.5,291.29 1 0
github.com/m/configtoggle/internal/tui/app.go:296.2,296.15 1 0
github.com/m/configtoggle/internal/tui/app.go:300.69,301.22 1 0
github.com/m/configtoggle/internal/tui/app.go:302.27,303.29 1 0
github.com/m/configtoggle/internal/tui/app.go:305.2,305.15 1 0
github.com/m/configtoggle/internal/tui/app.go:309.58,310.65 1 0
github.com/m/configtoggle/internal/tui/app.go:310.65,312.3 1 0
github.com/m/configtoggle/internal/tui/app.go:314.2,315.75 2 0
github.com/m/configtoggle/internal/tui/app.go:315.75,317.3 1 0
github.com/m/configtoggle/internal/tui/app.go:319.2,320.12 2 0
github.com/m/configtoggle/internal/tui/app.go:324.31,325.18 1 0
github.com/m/configtoggle/internal/tui/app.go:325.18,327.3 1 0
github.com/m/configtoggle/internal/tui/app.go:329.2,329.17 1 0
github.com/m/configtoggle/internal/tui/app.go:330.24,331.32 1 0
github.com/m/configtoggle/internal/tui/app.go:332.22,333.30 1 0
github.com/m/configtoggle/internal/tui/app.go:334.27,335.35 1 0
github.com/m/configtoggle/internal/tui/app.go:336.16,337.24 1 0
github.com/m/configtoggle/internal/tui/app.go:340.2,340.11 1 0
github.com/m/configtoggle/internal/tui/app.go:361.38,363.2 1 0
github.com/m/configtoggle/internal/tui/app.go:366.45,370.22 3 0
github.com/m/configtoggle/internal/tui/app.go:370.22,373.3 2 0
github.com/m/configtoggle/internal/tui/app.go:373.8,374.30 1 0
github.com/m/configtoggle/internal/tui/app.go:374.30,376.21 2 0
github.com/m/configtoggle/internal/tui/app.go:376.21,379.5 2 0
github.com/m/configtoggle/internal/tui/app.go:380.4,380.50 1 0
github.com/m/configtoggle/internal/tui/app.go:384.2,386.31 2 0
github.com/m/configtoggle/internal/tui/app.go:390.43,391.61 1 0
github.com/m/configtoggle/internal/tui/app.go:391.61,393.3 1 0
github.com/m/configtoggle/internal/tui/app.go:395.2,399.41 4 0
github.com/m/configtoggle/internal/tui/app.go:399.41,401.28 2 0
github.com/m/configtoggle/internal/tui/app.go:401.28,403.4 1 0
github.com/m/configtoggle/internal/tui/app.go:405.3,406.28 2 0
github.com/m/configtoggle/internal/tui/app.go:406.28,408.4 1 0
github.com/m/configtoggle/internal/tui/app.go:410.3,410.53 1 0
github.com/m/configtoggle/internal/tui/app.go:410.53,412.4 1 0
github.com/m/configtoggle/internal/tui/app.go:414.3,414.25 1 0
github.com/m/configtoggle/internal/tui/app.go:417.2,419.31 2 0
github.com/m/configtoggle/internal/tui/app.go:423.48,424.61 1 0
github.com/m/configtoggle/internal/tui/app.go:424.61,426.3 1 0
github.com/m/configtoggle/internal/tui/app.go:428.2,432.33 4 0
github.com/m/configtoggle/internal/tui/app.go:432.33,434.3 1 0
github.com/m/configtoggle/internal/tui/app.go:434.8,435.44 1 0
github.com/m/configtoggle/internal/tui/app.go:435.44,438.29 3 0
github.com/m/configtoggle/internal/tui/app.go:438.29,441.5 2 0
github.com/m/configtoggle/internal/tui/app.go:443.4,444.32 2 0
github.com/m/configtoggle/internal/tui/app.go:444.32,446.5 1 0
github.com/m/configtoggle/internal/tui/app.go:447.4,447.26 1 0
github.com/m/configtoggle/internal/tui/app.go:451.2,453.31 2 0
github.com/m/configtoggle/internal/tui/app.go:457.37,489.2 4 0
github.com/m/configtoggle/internal/tui/app.go:492.53,495.16 2 0
github.com/m/configtoggle/internal/tui/app.go:495.16,497.3 1 0
github.com/m/configtoggle/internal/tui/app.go:500.2,501.16 2 0
github.com/m/configtoggle/internal/tui/app.go:501.16,504.3 1 0
github.com/m/configtoggle/internal/tui/app.go:507.2,508.49 2 0
github.com/m/configtoggle/internal/tui/app.go:508.49,510.48 2 0
github.com/m/configtoggle/internal/tui/app.go:510.48,512.4 1 0
github.com/m/configtoggle/internal/tui/app.go:512.9,512.40 1 0
github.com/m/configtoggle/internal/tui/app.go:512.40,514.4 1 0
github.com/m/configtoggle/internal/tui/app.go:517.3,518.34 2 0
github.com/m/configtoggle/internal/tui/app.go:518.34,519.45 1 0
github.com/m/configtoggle/internal/tui/app.go:519.45,520.30 1 0
github.com/m/configtoggle/internal/tui/app.go:520.30,522.11 2 0
github.com/m/configtoggle/internal/tui/app.go:527.3,534.5 1 0
github.com/m/configtoggle/internal/tui/app.go:538.2,539.52 2 0
github.com/m/configtoggle/internal/tui/app.go:539.52,545.3 1 0
github.com/m/configtoggle/internal/tui/app.go:547.2,553.12 2 0
github.com/m/configtoggle/internal/toggle/engine.go:22.35,24.16 2 1
github.com/m/configtoggle/internal/toggle/engine.go:24.16,26.3 1 0
github.com/m/configtoggle/internal/toggle/engine.go:28.2,30.8 1 1
github.com/m/configtoggle/internal/toggle/engine.go:34.59,35.30 1 1
github.com/m/configtoggle/internal/toggle/engine.go:35.30,37.3 1 0
github.com/m/configtoggle/internal/toggle/engine.go:39.2,40.16 2 1
github.com/m/configtoggle/internal/toggle/engine.go:40.16,44.3 2 1
github.com/m/configtoggle/internal/toggle/engine.go:46.2,47.13 2 1
github.com/m/configtoggle/internal/toggle/engine.go:47.13,49.39 2 1
github.com/m/configtoggle/internal/toggle/engine.go:49.39,51.4 1 1
github.com/m/configtoggle/internal/toggle/engine.go:52.3,52.69 1 1
github.com/m/configtoggle/internal/toggle/engine.go:56.2,56.33 1 1
github.com/m/configtoggle/internal/toggle/engine.go:56.33,58.49 2 1
github.com/m/configtoggle/internal/toggle/engine.go:58.49,59.27 1 1
github.com/m/configtoggle/internal/toggle/engine.go:59.27,61.10 2 1
github.com/m/configtoggle/internal/toggle/engine.go:64.3,64.13 1 1
github.com/m/configtoggle/internal/toggle/engine.go:64.13,66.4 1 1
github.com/m/configtoggle/internal/toggle/engine.go:70.2,71.16 2 1
github.com/m/configtoggle/internal/toggle/engine.go:71.16,74.3 1 0
github.com/m/configtoggle/internal/toggle/engine.go:77.2,78.16 2 1
github.com/m/configtoggle/internal/toggle/engine.go:78.16,82.3 1 0
github.com/m/configtoggle/internal/toggle/engine.go:85.2,85.62 1 1
github.com/m/configtoggle/internal/toggle/engine.go:85.62,88.3 1 0
github.com/m/configtoggle/internal/toggle/engine.go:90.2,90.30 1 1
github.com/m/configtoggle/internal/toggle/engine.go:90.30,93.3 2 0
github.com/m/configtoggle/internal/toggle/engine.go:96.2,97.40 2 1
github.com/m/configtoggle/internal/toggle/engine.go:97.40,100.3 2 0
github.com/m/configtoggle/internal/toggle/engine.go:102.2,103.16 2 1
github.com/m/configtoggle/internal/toggle/engine.go:103.16,106.3 1 0
github.com/m/configtoggle/internal/toggle/engine.go:109.2,109.75 1 1
github.com/m/configtoggle/internal/toggle/engine.go:109.75,111.59 1 0
github.com/m/configtoggle/internal/toggle/engine.go:111.59,113.4 1 0
github.com/m/configtoggle/internal/toggle/engine.go:114.3,116.98 1 0
github.com/m/configtoggle/internal/toggle/engine.go:120.2,120.40 1 1
github.com/m/configtoggle/internal/toggle/engine.go:120.40,122.3 1 0
github.com/m/configtoggle/internal/toggle/engine.go:125.2,125.42 1 1
github.com/m/configtoggle/internal/toggle/engine.go:125.42,127.3 1 0
github.com/m/configtoggle/internal/toggle/engine.go:129.2,132.45 2 1
github.com/m/configtoggle/internal/toggle/engine.go:136.51,137.30 1 1
github.com/m/configtoggle/internal/toggle/engine.go:137.30,139.3 1 0
github.com/m/configtoggle/internal/toggle/engine.go:141.2,142.16 2 1
github.com/m/configtoggle/internal/toggle/engine.go:142.16,144.3 1 1
github.com/m/configtoggle/internal/toggle/engine.go:146.2,147.13 2 1
github.com/m/configtoggle/internal/toggle/engine.go:147.13,149.3 1 1
github.com/m/configtoggle/internal/toggle/engine.go:151.2,151.34 1 1
github.com/m/configtoggle/internal/toggle/engine.go:151.34,153.3 1 1
github.com/m/configtoggle/internal/toggle/engine.go:156.2,157.16 2 1
github.com/m/configtoggle/internal/toggle/engine.go:157.16,159.3 1 0
github.com/m/configtoggle/internal/toggle/engine.go:161.2,165.43 3 1
github.com/m/configtoggle/internal/toggle/engine.go:165.43,166.28 1 1
github.com/m/configtoggle/internal/toggle/engine.go:166.28,168.9 2 1
github.com/m/configtoggle/internal/toggle/engine.go:173.2,178.16 4 1
github.com/m/configtoggle/internal/toggle/engine.go:178.16,180.3 1 0
github.com/m/configtoggle/internal/toggle/engine.go:183.2,185.30 2 1
github.com/m/configtoggle/internal/toggle/engine.go:185.30,188.3 2 0
github.com/m/configtoggle/internal/toggle/engine.go:191.2,191.75 1 1
github.com/m/configtoggle/internal/toggle/engine.go:191.75,193.3 1 0
github.com/m/configtoggle/internal/toggle/engine.go:195.2,198.44 2 1
github.com/m/configtoggle/internal/toggle/engine.go:202.64,203.30 1 1
github.com/m/configtoggle/internal/toggle/engine.go:203.30,205.3 1 0
github.com/m/configtoggle/internal/toggle/engine.go:207.2,208.16 2 1
github.com/m/configtoggle/internal/toggle/engine.go:208.16,211.3 2 1
github.com/m/configtoggle/internal/toggle/engine.go:213.2,214.13 2 1
github.com/m/configtoggle/internal/toggle/engine.go:214.13,216.39 2 1
github.com/m/configtoggle/internal/toggle/engine.go:216.39,218.4 1 1
github.com/m/configtoggle/internal/toggle/engine.go:219.3,219.78 1 1
github.com/m/configtoggle/internal/toggle/engine.go:223.2,224.16 2 1
github.com/m/configtoggle/internal/toggle/engine.go:224.16,226.3 1 0
github.com/m/configtoggle/internal/toggle/engine.go:229.2,229.40 1 1
github.com/m/configtoggle/internal/toggle/engine.go:229.40,231.14 2 1
github.com/m/configtoggle/internal/toggle/engine.go:231.14,232.32 1 1
github.com/m/configtoggle/internal/toggle/engine.go:232.32,234.5 1 0
github.com/m/configtoggle/internal/toggle/engine.go:238.3,239.13 2 1
github.com/m/configtoggle/internal/toggle/engine.go:239.13,241.18 2 1
github.com/m/configtoggle/internal/toggle/engine.go:241.18,243.5 1 0
github.com/m/configtoggle/internal/toggle/engine.go:246.3,246.40 1 1
github.com/m/configtoggle/internal/toggle/engine.go:249.2,249.30 1 1
github.com/m/configtoggle/internal/toggle/engine.go:249.30,252.3 2 0
github.com/m/configtoggle/internal/toggle/engine.go:255.2,255.75 1 1
github.com/m/configtoggle/internal/toggle/engine.go:255.75,257.3 1 0
github.com/m/configtoggle/internal/toggle/engine.go:259.2,260.30 2 1
github.com/m/configtoggle/internal/toggle/engine.go:260.30,261.41 1 0
github.com/m/configtoggle/internal/toggle/engine.go:261.41,263.4 1 0
github.com/m/configtoggle/internal/toggle/engine.go:267.2,267.45 1 1
github.com/m/configtoggle/internal/toggle/engine.go:271.46,273.2 1 1
github.com/m/configtoggle/internal/toggle/engine.go:276.35,278.16 2 1
github.com/m/configtoggle/internal/toggle/engine.go:278.16,280.3 1 0
github.com/m/configtoggle/internal/toggle/engine.go:282.2,282.20 1 1
github.com/m/configtoggle/internal/toggle/engine.go:282.20,285.3 2 0
github.com/m/configtoggle/internal/toggle/engine.go:287.2,288.27 2 1
github.com/m/configtoggle/internal/toggle/engine.go:288.27,290.3 1 1
github.com/m/configtoggle/internal/toggle/engine.go:292.2,292.12 1 1
github.com/m/configtoggle/internal/toggle/engine.go:296.52,298.16 2 1
github.com/m/configtoggle/internal/toggle/engine.go:298.16,300.3 1 1
github.com/m/configtoggle/internal/toggle/engine.go:302.2,302.33 1 1
github.com/m/configtoggle/internal/toggle/engine.go:302.33,305.3 2 0
github.com/m/configtoggle/internal/toggle/engine.go:307.2,308.46 2 1
github.com/m/configtoggle/internal/toggle/engine.go:308.46,310.31 2 1
github.com/m/configtoggle/internal/toggle/engine.go:310.31,312.4 1 1
github.com/m/configtoggle/internal/toggle/engine.go:313.3,313.16 1 1
github.com/m/configtoggle/internal/toggle/engine.go:316.2,316.12 1 1
github.com/m/configtoggle/internal/toggle/engine.go:320.49,322.16 2 1
github.com/m/configtoggle/internal/toggle/engine.go:322.16,324.3 1 1
github.com/m/configtoggle/internal/toggle/engine.go:326.2,326.32 1 1
github.com/m/configtoggle/internal/toggle/engine.go:326.32,329.3 2 0
github.com/m/configtoggle/internal/toggle/engine.go:331.2,332.43 2 1
github.com/m/configtoggle/internal/toggle/engine.go:332.43,334.28 2 1
github.com/m/configtoggle/internal/toggle/engine.go:334.28,336.4 1 1
github.com/m/configtoggle/internal/toggle/engine.go:337.3,337.30 1 1
github.com/m/configtoggle/internal/toggle/engine.go:337.30,339.4 1 1
github.com/m/configtoggle/internal/toggle/engine.go:340.3,340.16 1 1
github.com/m/configtoggle/internal/toggle/engine.go:343.2,343.12 1 1
github.com/m/configtoggle/internal/toggle/engine.go:347.77,348.19 1 1
github.com/m/configtoggle/internal/toggle/engine.go:349.17,350.34 1 1
github.com/m/configtoggle/internal/toggle/engine.go:351.16,353.65 1 1
github.com/m/configtoggle/internal/toggle/engine.go:353.65,355.4 1 1
github.com/m/configtoggle/internal/toggle/engine.go:356.3,356.39 1 1
github.com/m/configtoggle/internal/toggle/engine.go:357.26,358.20 1 1
github.com/m/configtoggle/internal/toggle/engine.go:359.10,361.20 1 1
github.com/m/configtoggle/internal/toggle/engine.go:366.79,368.13 2 1
github.com/m/configtoggle/internal/toggle/engine.go:368.13,370.3 1 1
github.com/m/configtoggle/internal/toggle/engine.go:372.2,372.30 1 1
github.com/m/configtoggle/internal/toggle/engine.go:372.30,374.3 1 0
github.com/m/configtoggle/internal/toggle/engine.go:377.2,377.40 1 1
github.com/m/configtoggle/internal/toggle/engine.go:377.40,379.3 1 1
github.com/m/configtoggle/internal/toggle/engine.go:382.2,383.21 2 1
github.com/m/configtoggle/internal/toggle/engine.go:383.21,385.3 1 0
github.com/m/configtoggle/internal/toggle/engine.go:387.2,391.34 4 1
github.com/m/configtoggle/internal/toggle/engine.go:391.34,393.3 1 1
github.com/m/configtoggle/internal/toggle/engine.go:395.2,395.12 1 1
github.com/m/configtoggle/internal/toggle/engine.go:399.74,401.2 1 1
github.com/m/configtoggle/internal/toggle/engine.go:404.83,406.16 2 1
github.com/m/configtoggle/internal/toggle/engine.go:406.16,408.3 1 0
github.com/m/configtoggle/internal/toggle/engine.go:410.2,411.16 2 1
github.com/m/configtoggle/internal/toggle/engine.go:411.16,413.3 1 0
github.com/m/configtoggle/internal/toggle/engine.go:415.2,415.32 1 1
