mode: set
github.com/m/configtoggle/internal/errors/enhanced.go:22.35,23.11 1 0
github.com/m/configtoggle/internal/errors/enhanced.go:24.12,25.16 1 0
github.com/m/configtoggle/internal/errors/enhanced.go:26.15,27.19 1 0
github.com/m/configtoggle/internal/errors/enhanced.go:28.13,29.17 1 0
github.com/m/configtoggle/internal/errors/enhanced.go:30.16,31.20 1 0
github.com/m/configtoggle/internal/errors/enhanced.go:32.10,33.19 1 0
github.com/m/configtoggle/internal/errors/enhanced.go:38.34,39.11 1 0
github.com/m/configtoggle/internal/errors/enhanced.go:40.12,41.20 1 0
github.com/m/configtoggle/internal/errors/enhanced.go:42.15,43.20 1 0
github.com/m/configtoggle/internal/errors/enhanced.go:44.13,45.20 1 0
github.com/m/configtoggle/internal/errors/enhanced.go:46.16,47.20 1 0
github.com/m/configtoggle/internal/errors/enhanced.go:48.10,49.19 1 0
github.com/m/configtoggle/internal/errors/enhanced.go:54.26,56.2 1 0
github.com/m/configtoggle/internal/errors/enhanced.go:61.70,64.2 2 0
github.com/m/configtoggle/internal/errors/enhanced.go:67.79,71.2 3 0
github.com/m/configtoggle/internal/errors/enhanced.go:74.80,77.2 2 0
github.com/m/configtoggle/internal/errors/enhanced.go:80.79,83.2 2 0
github.com/m/configtoggle/internal/errors/enhanced.go:86.79,87.22 1 0
github.com/m/configtoggle/internal/errors/enhanced.go:87.22,89.3 1 0
github.com/m/configtoggle/internal/errors/enhanced.go:90.2,91.10 2 0
github.com/m/configtoggle/internal/errors/enhanced.go:95.53,106.18 5 0
github.com/m/configtoggle/internal/errors/enhanced.go:106.18,108.17 2 0
github.com/m/configtoggle/internal/errors/enhanced.go:108.17,110.20 2 0
github.com/m/configtoggle/internal/errors/enhanced.go:110.20,112.5 1 0
github.com/m/configtoggle/internal/errors/enhanced.go:114.3,114.34 1 0
github.com/m/configtoggle/internal/errors/enhanced.go:118.2,118.51 1 0
github.com/m/configtoggle/internal/errors/enhanced.go:118.51,120.18 2 0
github.com/m/configtoggle/internal/errors/enhanced.go:120.18,122.4 1 0
github.com/m/configtoggle/internal/errors/enhanced.go:123.3,123.20 1 0
github.com/m/configtoggle/internal/errors/enhanced.go:123.20,125.4 1 0
github.com/m/configtoggle/internal/errors/enhanced.go:126.3,126.20 1 0
github.com/m/configtoggle/internal/errors/enhanced.go:126.20,128.4 1 0
github.com/m/configtoggle/internal/errors/enhanced.go:129.3,129.33 1 0
github.com/m/configtoggle/internal/errors/enhanced.go:133.2,133.36 1 0
github.com/m/configtoggle/internal/errors/enhanced.go:133.36,135.3 1 0
github.com/m/configtoggle/internal/errors/enhanced.go:138.2,138.20 1 0
github.com/m/configtoggle/internal/errors/enhanced.go:138.20,140.3 1 0
github.com/m/configtoggle/internal/errors/enhanced.go:142.2,145.28 2 0
github.com/m/configtoggle/internal/errors/enhanced.go:145.28,147.44 2 0
github.com/m/configtoggle/internal/errors/enhanced.go:147.44,149.4 1 0
github.com/m/configtoggle/internal/errors/enhanced.go:153.2,153.24 1 0
github.com/m/configtoggle/internal/errors/enhanced.go:153.24,155.36 2 0
github.com/m/configtoggle/internal/errors/enhanced.go:155.36,157.4 1 0
github.com/m/configtoggle/internal/errors/enhanced.go:160.2,160.12 1 0
github.com/m/configtoggle/internal/errors/enhanced.go:164.52,173.51 5 0
github.com/m/configtoggle/internal/errors/enhanced.go:173.51,175.18 2 0
github.com/m/configtoggle/internal/errors/enhanced.go:175.18,177.4 1 0
github.com/m/configtoggle/internal/errors/enhanced.go:178.3,178.20 1 0
github.com/m/configtoggle/internal/errors/enhanced.go:178.20,180.4 1 0
github.com/m/configtoggle/internal/errors/enhanced.go:181.3,181.20 1 0
github.com/m/configtoggle/internal/errors/enhanced.go:181.20,183.4 1 0
github.com/m/configtoggle/internal/errors/enhanced.go:184.3,184.15 1 0
github.com/m/configtoggle/internal/errors/enhanced.go:188.2,188.18 1 0
github.com/m/configtoggle/internal/errors/enhanced.go:188.18,190.17 2 0
github.com/m/configtoggle/internal/errors/enhanced.go:190.17,192.20 2 0
github.com/m/configtoggle/internal/errors/enhanced.go:192.20,194.5 1 0
github.com/m/configtoggle/internal/errors/enhanced.go:199.2,199.20 1 0
github.com/m/configtoggle/internal/errors/enhanced.go:199.20,201.3 1 0
github.com/m/configtoggle/internal/errors/enhanced.go:204.2,204.28 1 0
github.com/m/configtoggle/internal/errors/enhanced.go:204.28,206.44 2 0
github.com/m/configtoggle/internal/errors/enhanced.go:206.44,208.4 1 0
github.com/m/configtoggle/internal/errors/enhanced.go:212.2,212.24 1 0
github.com/m/configtoggle/internal/errors/enhanced.go:212.24,214.36 2 0
github.com/m/configtoggle/internal/errors/enhanced.go:214.36,216.4 1 0
github.com/m/configtoggle/internal/errors/enhanced.go:219.2,219.12 1 0
github.com/m/configtoggle/internal/errors/enhanced.go:225.93,242.2 3 0
github.com/m/configtoggle/internal/errors/enhanced.go:245.97,256.22 3 0
github.com/m/configtoggle/internal/errors/enhanced.go:257.17,259.50 2 0
github.com/m/configtoggle/internal/errors/enhanced.go:260.27,262.66 2 0
github.com/m/configtoggle/internal/errors/enhanced.go:263.16,265.98 2 0
github.com/m/configtoggle/internal/errors/enhanced.go:268.2,274.26 1 0
github.com/m/configtoggle/internal/errors/enhanced.go:278.73,294.2 3 0
github.com/m/configtoggle/internal/errors/enhanced.go:299.89,308.28 3 0
github.com/m/configtoggle/internal/errors/enhanced.go:308.28,311.23 2 0
github.com/m/configtoggle/internal/errors/enhanced.go:311.23,314.4 2 0
github.com/m/configtoggle/internal/errors/enhanced.go:315.3,315.106 1 0
github.com/m/configtoggle/internal/errors/enhanced.go:318.2,323.67 1 0
github.com/m/configtoggle/internal/errors/enhanced.go:327.100,336.30 3 0
github.com/m/configtoggle/internal/errors/enhanced.go:336.30,339.23 2 0
github.com/m/configtoggle/internal/errors/enhanced.go:339.23,342.4 2 0
github.com/m/configtoggle/internal/errors/enhanced.go:343.3,343.110 1 0
github.com/m/configtoggle/internal/errors/enhanced.go:346.2,352.65 1 0
github.com/m/configtoggle/internal/errors/enhanced.go:356.102,360.26 3 0
github.com/m/configtoggle/internal/errors/enhanced.go:360.26,363.23 2 0
github.com/m/configtoggle/internal/errors/enhanced.go:363.23,366.4 2 0
github.com/m/configtoggle/internal/errors/enhanced.go:367.3,368.109 2 0
github.com/m/configtoggle/internal/errors/enhanced.go:369.8,372.3 2 0
github.com/m/configtoggle/internal/errors/enhanced.go:374.2,381.61 1 0
github.com/m/configtoggle/internal/errors/enhanced.go:385.103,394.31 3 0
github.com/m/configtoggle/internal/errors/enhanced.go:394.31,397.23 2 0
github.com/m/configtoggle/internal/errors/enhanced.go:397.23,400.4 2 0
github.com/m/configtoggle/internal/errors/enhanced.go:401.3,401.112 1 0
github.com/m/configtoggle/internal/errors/enhanced.go:402.8,405.3 2 0
github.com/m/configtoggle/internal/errors/enhanced.go:407.2,413.67 1 0
github.com/m/configtoggle/internal/errors/enhanced.go:417.69,435.2 3 0
github.com/m/configtoggle/internal/errors/enhanced.go:438.79,457.2 3 0
github.com/m/configtoggle/internal/errors/enhanced.go:460.83,478.2 3 0
github.com/m/configtoggle/internal/errors/enhanced.go:483.86,491.31 3 0
github.com/m/configtoggle/internal/errors/enhanced.go:491.31,494.30 2 0
github.com/m/configtoggle/internal/errors/enhanced.go:494.30,496.4 1 0
github.com/m/configtoggle/internal/errors/enhanced.go:500.2,500.38 1 0
github.com/m/configtoggle/internal/errors/enhanced.go:500.38,501.41 1 0
github.com/m/configtoggle/internal/errors/enhanced.go:501.41,502.49 1 0
github.com/m/configtoggle/internal/errors/enhanced.go:502.49,504.5 1 0
github.com/m/configtoggle/internal/errors/enhanced.go:509.2,510.28 2 0
github.com/m/configtoggle/internal/errors/enhanced.go:510.28,511.22 1 0
github.com/m/configtoggle/internal/errors/enhanced.go:511.22,512.9 1 0
github.com/m/configtoggle/internal/errors/enhanced.go:514.3,514.35 1 0
github.com/m/configtoggle/internal/errors/enhanced.go:517.2,517.15 1 0
github.com/m/configtoggle/internal/errors/enhanced.go:521.45,522.18 1 0
github.com/m/configtoggle/internal/errors/enhanced.go:522.18,524.3 1 0
github.com/m/configtoggle/internal/errors/enhanced.go:525.2,525.18 1 0
github.com/m/configtoggle/internal/errors/enhanced.go:525.18,527.3 1 0
github.com/m/configtoggle/internal/errors/enhanced.go:529.2,536.24 5 0
github.com/m/configtoggle/internal/errors/enhanced.go:536.24,538.3 1 0
github.com/m/configtoggle/internal/errors/enhanced.go:541.2,541.29 1 0
github.com/m/configtoggle/internal/errors/enhanced.go:541.29,543.3 1 0
github.com/m/configtoggle/internal/errors/enhanced.go:544.2,544.29 1 0
github.com/m/configtoggle/internal/errors/enhanced.go:544.29,546.3 1 0
github.com/m/configtoggle/internal/errors/enhanced.go:549.2,549.29 1 0
github.com/m/configtoggle/internal/errors/enhanced.go:549.29,550.30 1 0
github.com/m/configtoggle/internal/errors/enhanced.go:550.30,552.34 2 0
github.com/m/configtoggle/internal/errors/enhanced.go:552.34,554.5 1 0
github.com/m/configtoggle/internal/errors/enhanced.go:556.4,560.5 1 0
github.com/m/configtoggle/internal/errors/enhanced.go:564.2,564.27 1 0
github.com/m/configtoggle/internal/errors/enhanced.go:568.32,569.22 1 0
github.com/m/configtoggle/internal/errors/enhanced.go:569.22,571.3 1 0
github.com/m/configtoggle/internal/errors/enhanced.go:572.2,572.12 1 0
github.com/m/configtoggle/internal/errors/enhanced.go:572.12,574.3 1 0
github.com/m/configtoggle/internal/errors/enhanced.go:575.2,575.10 1 0
github.com/m/configtoggle/internal/errors/errors.go:74.44,77.17 2 1
github.com/m/configtoggle/internal/errors/errors.go:77.17,79.3 1 1
github.com/m/configtoggle/internal/errors/errors.go:80.2,80.19 1 1
github.com/m/configtoggle/internal/errors/errors.go:80.19,82.3 1 1
github.com/m/configtoggle/internal/errors/errors.go:83.2,83.19 1 1
github.com/m/configtoggle/internal/errors/errors.go:83.19,85.3 1 1
github.com/m/configtoggle/internal/errors/errors.go:87.2,88.20 2 1
github.com/m/configtoggle/internal/errors/errors.go:88.20,90.3 1 1
github.com/m/configtoggle/internal/errors/errors.go:92.2,94.20 2 1
github.com/m/configtoggle/internal/errors/errors.go:94.20,96.3 1 0
github.com/m/configtoggle/internal/errors/errors.go:98.2,98.12 1 1
github.com/m/configtoggle/internal/errors/errors.go:102.44,104.2 1 1
github.com/m/configtoggle/internal/errors/errors.go:107.45,110.28 2 1
github.com/m/configtoggle/internal/errors/errors.go:110.28,112.44 2 1
github.com/m/configtoggle/internal/errors/errors.go:112.44,114.4 1 1
github.com/m/configtoggle/internal/errors/errors.go:117.2,117.12 1 1
github.com/m/configtoggle/internal/errors/errors.go:121.62,123.2 1 1
github.com/m/configtoggle/internal/errors/errors.go:126.66,131.2 1 1
github.com/m/configtoggle/internal/errors/errors.go:134.80,140.2 1 1
github.com/m/configtoggle/internal/errors/errors.go:143.68,146.2 2 1
github.com/m/configtoggle/internal/errors/errors.go:149.72,152.2 2 1
github.com/m/configtoggle/internal/errors/errors.go:155.72,158.2 2 1
github.com/m/configtoggle/internal/errors/errors.go:161.87,164.2 2 1
github.com/m/configtoggle/internal/errors/errors.go:169.81,173.28 2 1
github.com/m/configtoggle/internal/errors/errors.go:173.28,175.3 1 1
github.com/m/configtoggle/internal/errors/errors.go:177.2,179.34 1 1
github.com/m/configtoggle/internal/errors/errors.go:183.92,187.30 2 1
github.com/m/configtoggle/internal/errors/errors.go:187.30,189.3 1 1
github.com/m/configtoggle/internal/errors/errors.go:191.2,194.34 1 1
github.com/m/configtoggle/internal/errors/errors.go:198.94,200.26 2 1
github.com/m/configtoggle/internal/errors/errors.go:200.26,202.3 1 1
github.com/m/configtoggle/internal/errors/errors.go:204.2,208.34 1 1
github.com/m/configtoggle/internal/errors/errors.go:212.95,216.31 2 0
github.com/m/configtoggle/internal/errors/errors.go:216.31,218.3 1 0
github.com/m/configtoggle/internal/errors/errors.go:220.2,223.34 1 0
github.com/m/configtoggle/internal/errors/errors.go:227.61,236.2 2 0
github.com/m/configtoggle/internal/errors/errors.go:239.71,248.2 2 0
github.com/m/configtoggle/internal/errors/errors.go:251.75,260.2 2 0
github.com/m/configtoggle/internal/errors/errors.go:263.42,266.2 2 1
github.com/m/configtoggle/internal/errors/errors.go:269.65,270.47 1 1
github.com/m/configtoggle/internal/errors/errors.go:270.47,272.3 1 1
github.com/m/configtoggle/internal/errors/errors.go:273.2,273.19 1 1
github.com/m/configtoggle/internal/config/custom_parser.go:14.66,18.16 3 1
github.com/m/configtoggle/internal/config/custom_parser.go:18.16,20.3 1 1
github.com/m/configtoggle/internal/config/custom_parser.go:21.2,24.21 3 1
github.com/m/configtoggle/internal/config/custom_parser.go:24.21,28.49 2 1
github.com/m/configtoggle/internal/config/custom_parser.go:28.49,29.12 1 1
github.com/m/configtoggle/internal/config/custom_parser.go:33.3,34.22 2 1
github.com/m/configtoggle/internal/config/custom_parser.go:34.22,35.12 1 1
github.com/m/configtoggle/internal/config/custom_parser.go:38.3,42.46 3 1
github.com/m/configtoggle/internal/config/custom_parser.go:42.46,44.32 1 1
github.com/m/configtoggle/internal/config/custom_parser.go:45.18,46.33 1 1
github.com/m/configtoggle/internal/config/custom_parser.go:47.16,48.35 1 1
github.com/m/configtoggle/internal/config/custom_parser.go:49.12,50.47 1 1
github.com/m/configtoggle/internal/config/custom_parser.go:52.9,54.4 1 1
github.com/m/configtoggle/internal/config/custom_parser.go:57.2,57.38 1 1
github.com/m/configtoggle/internal/config/custom_parser.go:57.38,59.3 1 0
github.com/m/configtoggle/internal/config/custom_parser.go:61.2,61.15 1 1
github.com/m/configtoggle/internal/config/custom_parser.go:65.87,68.16 2 1
github.com/m/configtoggle/internal/config/custom_parser.go:68.16,71.3 1 1
github.com/m/configtoggle/internal/config/custom_parser.go:74.2,77.37 3 1
github.com/m/configtoggle/internal/config/custom_parser.go:77.37,81.55 2 1
github.com/m/configtoggle/internal/config/custom_parser.go:81.55,83.12 2 1
github.com/m/configtoggle/internal/config/custom_parser.go:87.3,88.22 2 1
github.com/m/configtoggle/internal/config/custom_parser.go:88.22,90.12 2 0
github.com/m/configtoggle/internal/config/custom_parser.go:93.3,96.20 2 1
github.com/m/configtoggle/internal/config/custom_parser.go:96.20,100.46 2 1
github.com/m/configtoggle/internal/config/custom_parser.go:100.46,102.5 1 1
github.com/m/configtoggle/internal/config/custom_parser.go:105.4,105.29 1 1
github.com/m/configtoggle/internal/config/custom_parser.go:106.18,107.27 1 1
github.com/m/configtoggle/internal/config/custom_parser.go:107.27,109.6 1 1
github.com/m/configtoggle/internal/config/custom_parser.go:110.23,111.27 1 0
github.com/m/configtoggle/internal/config/custom_parser.go:111.27,113.6 1 0
github.com/m/configtoggle/internal/config/custom_parser.go:114.12,115.64 1 1
github.com/m/configtoggle/internal/config/custom_parser.go:118.4,118.29 1 1
github.com/m/configtoggle/internal/config/custom_parser.go:119.9,122.4 1 1
github.com/m/configtoggle/internal/config/custom_parser.go:126.2,126.34 1 1
github.com/m/configtoggle/internal/config/custom_parser.go:126.34,127.26 1 1
github.com/m/configtoggle/internal/config/custom_parser.go:127.26,128.29 1 1
github.com/m/configtoggle/internal/config/custom_parser.go:129.18,130.27 1 0
github.com/m/configtoggle/internal/config/custom_parser.go:130.27,132.6 1 0
github.com/m/configtoggle/internal/config/custom_parser.go:133.23,134.27 1 0
github.com/m/configtoggle/internal/config/custom_parser.go:134.27,136.6 1 0
github.com/m/configtoggle/internal/config/custom_parser.go:137.12,138.64 1 1
github.com/m/configtoggle/internal/config/custom_parser.go:144.2,145.16 2 1
github.com/m/configtoggle/internal/config/custom_parser.go:145.16,147.3 1 0
github.com/m/configtoggle/internal/config/custom_parser.go:148.2,151.30 3 1
github.com/m/configtoggle/internal/config/custom_parser.go:151.30,152.60 1 1
github.com/m/configtoggle/internal/config/custom_parser.go:152.60,154.4 1 0
github.com/m/configtoggle/internal/config/custom_parser.go:157.2,157.23 1 1
github.com/m/configtoggle/internal/config/custom_parser.go:161.89,163.16 2 1
github.com/m/configtoggle/internal/config/custom_parser.go:163.16,165.3 1 1
github.com/m/configtoggle/internal/config/custom_parser.go:166.2,175.21 7 1
github.com/m/configtoggle/internal/config/custom_parser.go:175.21,180.38 4 1
github.com/m/configtoggle/internal/config/custom_parser.go:180.38,182.4 1 1
github.com/m/configtoggle/internal/config/custom_parser.go:182.9,182.48 1 1
github.com/m/configtoggle/internal/config/custom_parser.go:182.48,185.4 2 1
github.com/m/configtoggle/internal/config/custom_parser.go:187.3,187.12 1 1
github.com/m/configtoggle/internal/config/custom_parser.go:190.2,190.39 1 1
github.com/m/configtoggle/internal/config/custom_parser.go:194.69,197.47 2 1
github.com/m/configtoggle/internal/config/custom_parser.go:197.47,199.3 1 1
github.com/m/configtoggle/internal/config/custom_parser.go:201.2,202.16 2 1
github.com/m/configtoggle/internal/config/custom_parser.go:202.16,204.3 1 0
github.com/m/configtoggle/internal/config/custom_parser.go:205.2,223.41 6 1
github.com/m/configtoggle/internal/config/custom_parser.go:223.41,226.28 2 1
github.com/m/configtoggle/internal/config/custom_parser.go:226.28,227.21 1 1
github.com/m/configtoggle/internal/config/custom_parser.go:227.21,229.30 2 1
github.com/m/configtoggle/internal/config/custom_parser.go:230.19,231.28 1 1
github.com/m/configtoggle/internal/config/custom_parser.go:231.28,233.7 1 1
github.com/m/configtoggle/internal/config/custom_parser.go:234.24,235.28 1 0
github.com/m/configtoggle/internal/config/custom_parser.go:235.28,237.7 1 0
github.com/m/configtoggle/internal/config/custom_parser.go:238.13,239.62 1 1
github.com/m/configtoggle/internal/config/custom_parser.go:243.3,243.27 1 1
github.com/m/configtoggle/internal/config/custom_parser.go:247.2,248.34 2 1
github.com/m/configtoggle/internal/config/custom_parser.go:248.34,249.28 1 1
github.com/m/configtoggle/internal/config/custom_parser.go:249.28,251.4 1 1
github.com/m/configtoggle/internal/config/custom_parser.go:254.2,255.34 2 1
github.com/m/configtoggle/internal/config/custom_parser.go:255.34,256.28 1 1
github.com/m/configtoggle/internal/config/custom_parser.go:256.28,257.29 1 1
github.com/m/configtoggle/internal/config/custom_parser.go:258.18,259.27 1 1
github.com/m/configtoggle/internal/config/custom_parser.go:259.27,261.6 1 1
github.com/m/configtoggle/internal/config/custom_parser.go:262.23,263.27 1 0
github.com/m/configtoggle/internal/config/custom_parser.go:263.27,265.6 1 0
github.com/m/configtoggle/internal/config/custom_parser.go:266.12,267.61 1 1
github.com/m/configtoggle/internal/config/custom_parser.go:272.2,272.23 1 1
github.com/m/configtoggle/internal/config/loader.go:23.35,25.16 2 1
github.com/m/configtoggle/internal/config/loader.go:25.16,27.3 1 0
github.com/m/configtoggle/internal/config/loader.go:29.2,30.53 2 1
github.com/m/configtoggle/internal/config/loader.go:30.53,32.3 1 0
github.com/m/configtoggle/internal/config/loader.go:34.2,36.8 1 1
github.com/m/configtoggle/internal/config/loader.go:40.43,42.2 1 0
github.com/m/configtoggle/internal/config/loader.go:73.68,76.55 2 1
github.com/m/configtoggle/internal/config/loader.go:76.55,78.3 1 1
github.com/m/configtoggle/internal/config/loader.go:80.2,81.16 2 1
github.com/m/configtoggle/internal/config/loader.go:81.16,83.3 1 0
github.com/m/configtoggle/internal/config/loader.go:85.2,86.56 2 1
github.com/m/configtoggle/internal/config/loader.go:86.56,88.3 1 0
github.com/m/configtoggle/internal/config/loader.go:90.2,91.21 2 1
github.com/m/configtoggle/internal/config/loader.go:95.47,99.24 3 1
github.com/m/configtoggle/internal/config/loader.go:99.24,101.3 1 1
github.com/m/configtoggle/internal/config/loader.go:102.2,102.16 1 1
github.com/m/configtoggle/internal/config/loader.go:102.16,104.3 1 0
github.com/m/configtoggle/internal/config/loader.go:106.2,107.32 2 1
github.com/m/configtoggle/internal/config/loader.go:107.32,108.65 1 1
github.com/m/configtoggle/internal/config/loader.go:108.65,111.4 2 1
github.com/m/configtoggle/internal/config/loader.go:114.2,114.18 1 1
github.com/m/configtoggle/internal/config/loader.go:118.79,121.40 2 1
github.com/m/configtoggle/internal/config/loader.go:121.40,123.17 2 0
github.com/m/configtoggle/internal/config/loader.go:123.17,125.4 1 0
github.com/m/configtoggle/internal/config/loader.go:126.3,126.51 1 0
github.com/m/configtoggle/internal/config/loader.go:129.2,133.43 3 1
github.com/m/configtoggle/internal/config/loader.go:134.14,135.25 1 1
github.com/m/configtoggle/internal/config/loader.go:136.21,137.25 1 1
github.com/m/configtoggle/internal/config/loader.go:138.14,139.25 1 0
github.com/m/configtoggle/internal/config/loader.go:140.16,142.40 1 1
github.com/m/configtoggle/internal/config/loader.go:143.10,146.14 2 1
github.com/m/configtoggle/internal/config/loader.go:147.16,148.26 1 1
github.com/m/configtoggle/internal/config/loader.go:149.24,150.26 1 0
github.com/m/configtoggle/internal/config/loader.go:151.16,152.26 1 0
github.com/m/configtoggle/internal/config/loader.go:153.11,154.77 1 0
github.com/m/configtoggle/internal/config/loader.go:158.2,158.66 1 1
github.com/m/configtoggle/internal/config/loader.go:158.66,160.3 1 1
github.com/m/configtoggle/internal/config/loader.go:162.2,162.15 1 1
github.com/m/configtoggle/internal/config/loader.go:166.79,168.40 2 1
github.com/m/configtoggle/internal/config/loader.go:168.40,170.17 2 0
github.com/m/configtoggle/internal/config/loader.go:170.17,172.4 1 0
github.com/m/configtoggle/internal/config/loader.go:173.3,173.51 1 0
github.com/m/configtoggle/internal/config/loader.go:177.2,178.47 2 1
github.com/m/configtoggle/internal/config/loader.go:178.47,179.58 1 0
github.com/m/configtoggle/internal/config/loader.go:179.58,181.4 1 0
github.com/m/configtoggle/internal/config/loader.go:184.2,187.43 3 1
github.com/m/configtoggle/internal/config/loader.go:188.14,189.39 1 1
github.com/m/configtoggle/internal/config/loader.go:190.21,191.39 1 1
github.com/m/configtoggle/internal/config/loader.go:192.14,193.39 1 0
github.com/m/configtoggle/internal/config/loader.go:194.16,195.43 1 1
github.com/m/configtoggle/internal/config/loader.go:196.10,198.14 2 1
github.com/m/configtoggle/internal/config/loader.go:199.16,200.40 1 0
github.com/m/configtoggle/internal/config/loader.go:201.24,202.40 1 0
github.com/m/configtoggle/internal/config/loader.go:203.16,204.40 1 0
github.com/m/configtoggle/internal/config/loader.go:205.11,206.72 1 1
github.com/m/configtoggle/internal/config/loader.go:210.2,210.16 1 1
github.com/m/configtoggle/internal/config/loader.go:210.16,212.3 1 0
github.com/m/configtoggle/internal/config/loader.go:214.2,214.61 1 1
github.com/m/configtoggle/internal/config/loader.go:214.61,216.3 1 0
github.com/m/configtoggle/internal/config/loader.go:218.2,218.12 1 1
github.com/m/configtoggle/internal/config/loader.go:222.76,225.2 1 1
github.com/m/configtoggle/internal/config/loader.go:228.76,231.2 1 1
github.com/m/configtoggle/internal/config/loader.go:234.38,236.16 2 0
github.com/m/configtoggle/internal/config/loader.go:236.16,238.3 1 0
github.com/m/configtoggle/internal/config/loader.go:239.2,239.38 1 0
github.com/m/configtoggle/internal/recovery/recovery.go:18.49,20.16 2 1
github.com/m/configtoggle/internal/recovery/recovery.go:20.16,22.3 1 0
github.com/m/configtoggle/internal/recovery/recovery.go:24.2,25.53 2 1
github.com/m/configtoggle/internal/recovery/recovery.go:25.53,28.3 1 0
github.com/m/configtoggle/internal/recovery/recovery.go:30.2,32.8 1 1
github.com/m/configtoggle/internal/recovery/recovery.go:36.83,37.55 1 1
github.com/m/configtoggle/internal/recovery/recovery.go:37.55,40.3 1 1
github.com/m/configtoggle/internal/recovery/recovery.go:42.2,47.16 5 1
github.com/m/configtoggle/internal/recovery/recovery.go:47.16,50.3 1 0
github.com/m/configtoggle/internal/recovery/recovery.go:52.2,52.61 1 1
github.com/m/configtoggle/internal/recovery/recovery.go:52.61,55.3 1 0
github.com/m/configtoggle/internal/recovery/recovery.go:57.2,57.24 1 1
github.com/m/configtoggle/internal/recovery/recovery.go:61.77,62.55 1 1
github.com/m/configtoggle/internal/recovery/recovery.go:62.55,65.3 1 1
github.com/m/configtoggle/internal/recovery/recovery.go:67.2,68.16 2 1
github.com/m/configtoggle/internal/recovery/recovery.go:68.16,70.3 1 0
github.com/m/configtoggle/internal/recovery/recovery.go:73.2,74.53 2 1
github.com/m/configtoggle/internal/recovery/recovery.go:74.53,76.3 1 0
github.com/m/configtoggle/internal/recovery/recovery.go:78.2,78.61 1 1
github.com/m/configtoggle/internal/recovery/recovery.go:78.61,81.3 1 0
github.com/m/configtoggle/internal/recovery/recovery.go:83.2,83.12 1 1
github.com/m/configtoggle/internal/recovery/recovery.go:87.76,89.16 2 1
github.com/m/configtoggle/internal/recovery/recovery.go:89.16,90.25 1 0
github.com/m/configtoggle/internal/recovery/recovery.go:90.25,92.4 1 0
github.com/m/configtoggle/internal/recovery/recovery.go:93.3,93.90 1 0
github.com/m/configtoggle/internal/recovery/recovery.go:96.2,100.32 4 1
github.com/m/configtoggle/internal/recovery/recovery.go:100.32,101.21 1 1
github.com/m/configtoggle/internal/recovery/recovery.go:101.21,105.45 2 1
github.com/m/configtoggle/internal/recovery/recovery.go:105.45,108.19 2 1
github.com/m/configtoggle/internal/recovery/recovery.go:108.19,109.14 1 0
github.com/m/configtoggle/internal/recovery/recovery.go:112.5,119.7 2 1
github.com/m/configtoggle/internal/recovery/recovery.go:124.2,124.21 1 1
github.com/m/configtoggle/internal/recovery/recovery.go:128.81,130.16 2 1
github.com/m/configtoggle/internal/recovery/recovery.go:130.16,132.3 1 0
github.com/m/configtoggle/internal/recovery/recovery.go:134.2,134.31 1 1
github.com/m/configtoggle/internal/recovery/recovery.go:134.31,136.3 1 1
github.com/m/configtoggle/internal/recovery/recovery.go:140.2,140.44 1 1
github.com/m/configtoggle/internal/recovery/recovery.go:140.44,141.52 1 1
github.com/m/configtoggle/internal/recovery/recovery.go:141.52,144.4 1 0
github.com/m/configtoggle/internal/recovery/recovery.go:147.2,147.12 1 1
github.com/m/configtoggle/internal/recovery/recovery.go:168.75,170.16 2 1
github.com/m/configtoggle/internal/recovery/recovery.go:170.16,172.3 1 0
github.com/m/configtoggle/internal/recovery/recovery.go:174.2,175.16 2 1
github.com/m/configtoggle/internal/recovery/recovery.go:175.16,177.3 1 0
github.com/m/configtoggle/internal/recovery/recovery.go:179.2,184.8 1 1
github.com/m/configtoggle/internal/recovery/recovery.go:188.43,189.25 1 1
github.com/m/configtoggle/internal/recovery/recovery.go:189.25,191.3 1 0
github.com/m/configtoggle/internal/recovery/recovery.go:193.2,193.69 1 1
github.com/m/configtoggle/internal/recovery/recovery.go:197.41,198.25 1 1
github.com/m/configtoggle/internal/recovery/recovery.go:198.25,200.3 1 0
github.com/m/configtoggle/internal/recovery/recovery.go:202.2,202.49 1 1
github.com/m/configtoggle/internal/recovery/recovery.go:202.49,205.3 1 0
github.com/m/configtoggle/internal/recovery/recovery.go:207.2,207.12 1 1
github.com/m/configtoggle/internal/recovery/recovery.go:211.55,213.2 1 0
github.com/m/configtoggle/internal/recovery/recovery.go:216.46,218.57 1 0
github.com/m/configtoggle/internal/recovery/recovery.go:218.57,219.57 1 0
github.com/m/configtoggle/internal/recovery/recovery.go:219.57,222.4 1 0
github.com/m/configtoggle/internal/recovery/recovery.go:226.2,227.69 2 0
github.com/m/configtoggle/internal/recovery/recovery.go:227.69,230.3 1 0
github.com/m/configtoggle/internal/recovery/recovery.go:233.2,234.12 2 0
github.com/m/configtoggle/internal/recovery/recovery.go:238.60,243.16 3 0
github.com/m/configtoggle/internal/recovery/recovery.go:243.16,246.3 2 0
github.com/m/configtoggle/internal/recovery/recovery.go:248.2,253.32 4 0
github.com/m/configtoggle/internal/recovery/recovery.go:253.32,254.21 1 0
github.com/m/configtoggle/internal/recovery/recovery.go:254.21,256.18 2 0
github.com/m/configtoggle/internal/recovery/recovery.go:256.18,258.5 1 0
github.com/m/configtoggle/internal/recovery/recovery.go:262.2,263.14 2 0
github.com/m/configtoggle/internal/validation/validator.go:80.32,84.2 1 1
github.com/m/configtoggle/internal/validation/validator.go:87.57,89.16 2 1
github.com/m/configtoggle/internal/validation/validator.go:89.16,91.3 1 1
github.com/m/configtoggle/internal/validation/validator.go:93.2,94.54 2 1
github.com/m/configtoggle/internal/validation/validator.go:94.54,96.3 1 1
github.com/m/configtoggle/internal/validation/validator.go:98.2,98.23 1 1
github.com/m/configtoggle/internal/validation/validator.go:98.23,100.3 1 0
github.com/m/configtoggle/internal/validation/validator.go:102.2,103.12 2 1
github.com/m/configtoggle/internal/validation/validator.go:107.58,109.16 2 1
github.com/m/configtoggle/internal/validation/validator.go:109.16,111.3 1 1
github.com/m/configtoggle/internal/validation/validator.go:113.2,113.32 1 1
github.com/m/configtoggle/internal/validation/validator.go:113.32,114.20 1 1
github.com/m/configtoggle/internal/validation/validator.go:114.20,115.12 1 0
github.com/m/configtoggle/internal/validation/validator.go:118.3,118.47 1 1
github.com/m/configtoggle/internal/validation/validator.go:118.47,120.51 2 1
github.com/m/configtoggle/internal/validation/validator.go:120.51,122.5 1 0
github.com/m/configtoggle/internal/validation/validator.go:126.2,126.12 1 1
github.com/m/configtoggle/internal/validation/validator.go:130.52,132.2 1 1
github.com/m/configtoggle/internal/validation/validator.go:135.102,140.13 4 1
github.com/m/configtoggle/internal/validation/validator.go:140.13,143.3 1 1
github.com/m/configtoggle/internal/validation/validator.go:146.2,146.48 1 1
github.com/m/configtoggle/internal/validation/validator.go:150.111,155.13 4 1
github.com/m/configtoggle/internal/validation/validator.go:155.13,158.3 1 1
github.com/m/configtoggle/internal/validation/validator.go:161.2,161.55 1 1
github.com/m/configtoggle/internal/validation/validator.go:165.106,169.13 3 1
github.com/m/configtoggle/internal/validation/validator.go:169.13,172.3 1 0
github.com/m/configtoggle/internal/validation/validator.go:174.2,175.13 2 1
github.com/m/configtoggle/internal/validation/validator.go:175.13,183.3 2 1
github.com/m/configtoggle/internal/validation/validator.go:185.2,185.56 1 1
github.com/m/configtoggle/internal/validation/validator.go:189.82,193.26 2 1
github.com/m/configtoggle/internal/validation/validator.go:193.26,200.3 2 0
github.com/m/configtoggle/internal/validation/validator.go:202.2,202.26 1 1
github.com/m/configtoggle/internal/validation/validator.go:202.26,209.3 2 0
github.com/m/configtoggle/internal/validation/validator.go:212.2,212.49 1 1
github.com/m/configtoggle/internal/validation/validator.go:212.49,213.23 1 1
github.com/m/configtoggle/internal/validation/validator.go:213.23,220.4 2 0
github.com/m/configtoggle/internal/validation/validator.go:220.9,220.43 1 1
github.com/m/configtoggle/internal/validation/validator.go:220.43,228.4 2 1
github.com/m/configtoggle/internal/validation/validator.go:231.3,231.55 1 1
github.com/m/configtoggle/internal/validation/validator.go:231.55,237.4 1 0
github.com/m/configtoggle/internal/validation/validator.go:240.2,240.15 1 1
github.com/m/configtoggle/internal/validation/validator.go:244.94,248.37 2 1
github.com/m/configtoggle/internal/validation/validator.go:248.37,249.33 1 1
github.com/m/configtoggle/internal/validation/validator.go:249.33,257.4 2 0
github.com/m/configtoggle/internal/validation/validator.go:260.2,260.15 1 1
github.com/m/configtoggle/internal/validation/validator.go:264.103,268.26 2 1
github.com/m/configtoggle/internal/validation/validator.go:268.26,269.73 1 1
github.com/m/configtoggle/internal/validation/validator.go:269.73,271.20 2 1
github.com/m/configtoggle/internal/validation/validator.go:271.20,273.5 1 1
github.com/m/configtoggle/internal/validation/validator.go:278.2,278.49 1 1
github.com/m/configtoggle/internal/validation/validator.go:278.49,280.14 2 1
github.com/m/configtoggle/internal/validation/validator.go:280.14,286.12 2 0
github.com/m/configtoggle/internal/validation/validator.go:290.3,293.25 4 1
github.com/m/configtoggle/internal/validation/validator.go:293.25,295.4 1 1
github.com/m/configtoggle/internal/validation/validator.go:299.2,299.45 1 1
github.com/m/configtoggle/internal/validation/validator.go:299.45,300.20 1 1
github.com/m/configtoggle/internal/validation/validator.go:300.20,301.57 1 1
github.com/m/configtoggle/internal/validation/validator.go:301.57,308.5 2 1
github.com/m/configtoggle/internal/validation/validator.go:312.2,312.15 1 1
github.com/m/configtoggle/internal/validation/validator.go:316.115,320.26 2 1
github.com/m/configtoggle/internal/validation/validator.go:320.26,321.83 1 1
github.com/m/configtoggle/internal/validation/validator.go:321.83,327.4 2 1
github.com/m/configtoggle/internal/validation/validator.go:329.3,329.83 1 1
github.com/m/configtoggle/internal/validation/validator.go:329.83,335.4 2 0
github.com/m/configtoggle/internal/validation/validator.go:338.3,338.59 1 1
github.com/m/configtoggle/internal/validation/validator.go:338.59,339.50 1 1
github.com/m/configtoggle/internal/validation/validator.go:339.50,346.5 2 1
github.com/m/configtoggle/internal/validation/validator.go:351.2,351.43 1 1
github.com/m/configtoggle/internal/validation/validator.go:351.43,353.14 2 1
github.com/m/configtoggle/internal/validation/validator.go:353.14,360.12 2 1
github.com/m/configtoggle/internal/validation/validator.go:363.3,366.25 4 1
github.com/m/configtoggle/internal/validation/validator.go:366.25,368.4 1 0
github.com/m/configtoggle/internal/validation/validator.go:372.2,372.45 1 1
github.com/m/configtoggle/internal/validation/validator.go:372.45,373.20 1 1
github.com/m/configtoggle/internal/validation/validator.go:373.20,374.51 1 1
github.com/m/configtoggle/internal/validation/validator.go:374.51,381.5 2 1
github.com/m/configtoggle/internal/validation/validator.go:386.2,386.43 1 1
github.com/m/configtoggle/internal/validation/validator.go:386.43,388.42 2 1
github.com/m/configtoggle/internal/validation/validator.go:388.42,389.12 1 1
github.com/m/configtoggle/internal/validation/validator.go:392.3,392.41 1 0
github.com/m/configtoggle/internal/validation/validator.go:392.41,393.45 1 0
github.com/m/configtoggle/internal/validation/validator.go:393.45,401.5 2 0
github.com/m/configtoggle/internal/validation/validator.go:406.2,406.43 1 1
github.com/m/configtoggle/internal/validation/validator.go:406.43,408.43 2 1
github.com/m/configtoggle/internal/validation/validator.go:408.43,409.12 1 1
github.com/m/configtoggle/internal/validation/validator.go:412.3,412.47 1 0
github.com/m/configtoggle/internal/validation/validator.go:412.47,413.49 1 0
github.com/m/configtoggle/internal/validation/validator.go:413.49,421.5 2 0
github.com/m/configtoggle/internal/validation/validator.go:425.2,425.15 1 1
github.com/m/configtoggle/internal/validation/validator.go:429.95,432.32 2 0
github.com/m/configtoggle/internal/validation/validator.go:432.32,440.3 2 0
github.com/m/configtoggle/internal/validation/validator.go:442.2,442.15 1 0
github.com/m/configtoggle/internal/validation/validator.go:446.115,450.55 2 1
github.com/m/configtoggle/internal/validation/validator.go:450.55,459.3 3 0
github.com/m/configtoggle/internal/validation/validator.go:462.2,462.49 1 1
github.com/m/configtoggle/internal/validation/validator.go:462.49,465.34 3 1
github.com/m/configtoggle/internal/validation/validator.go:465.34,466.24 1 1
github.com/m/configtoggle/internal/validation/validator.go:466.24,468.10 2 1
github.com/m/configtoggle/internal/validation/validator.go:471.3,471.13 1 1
github.com/m/configtoggle/internal/validation/validator.go:471.13,479.4 2 1
github.com/m/configtoggle/internal/validation/validator.go:483.2,483.27 1 1
github.com/m/configtoggle/internal/validation/validator.go:483.27,487.63 2 1
github.com/m/configtoggle/internal/validation/validator.go:487.63,495.4 2 1
github.com/m/configtoggle/internal/validation/validator.go:497.3,497.63 1 1
github.com/m/configtoggle/internal/validation/validator.go:497.63,505.4 2 1
github.com/m/configtoggle/internal/validation/validator.go:508.3,508.25 1 1
github.com/m/configtoggle/internal/validation/validator.go:508.25,510.18 2 1
github.com/m/configtoggle/internal/validation/validator.go:510.18,516.5 1 0
github.com/m/configtoggle/internal/validation/validator.go:516.10,516.23 1 1
github.com/m/configtoggle/internal/validation/validator.go:516.23,524.5 2 1
github.com/m/configtoggle/internal/validation/validator.go:528.3,528.24 1 1
github.com/m/configtoggle/internal/validation/validator.go:528.24,529.66 1 1
github.com/m/configtoggle/internal/validation/validator.go:529.66,537.5 2 1
github.com/m/configtoggle/internal/validation/validator.go:542.2,542.27 1 1
github.com/m/configtoggle/internal/validation/validator.go:542.27,544.17 2 1
github.com/m/configtoggle/internal/validation/validator.go:544.17,552.4 2 0
github.com/m/configtoggle/internal/validation/validator.go:552.9,553.47 1 1
github.com/m/configtoggle/internal/validation/validator.go:553.47,561.5 2 1
github.com/m/configtoggle/internal/validation/validator.go:563.4,563.47 1 1
github.com/m/configtoggle/internal/validation/validator.go:563.47,571.5 2 1
github.com/m/configtoggle/internal/validation/validator.go:576.2,576.24 1 1
github.com/m/configtoggle/internal/validation/validator.go:576.24,577.73 1 0
github.com/m/configtoggle/internal/validation/validator.go:577.73,585.4 2 0
github.com/m/configtoggle/internal/validation/validator.go:588.2,588.15 1 1
github.com/m/configtoggle/internal/validation/validator.go:592.125,596.29 2 1
github.com/m/configtoggle/internal/validation/validator.go:596.29,603.3 2 1
github.com/m/configtoggle/internal/validation/validator.go:606.2,606.26 1 1
github.com/m/configtoggle/internal/validation/validator.go:606.26,608.27 2 1
github.com/m/configtoggle/internal/validation/validator.go:608.27,616.4 2 0
github.com/m/configtoggle/internal/validation/validator.go:619.2,619.15 1 1
github.com/m/configtoggle/internal/validation/validator.go:623.110,628.63 3 1
github.com/m/configtoggle/internal/validation/validator.go:628.63,633.3 1 1
github.com/m/configtoggle/internal/validation/validator.go:635.2,635.63 1 1
github.com/m/configtoggle/internal/validation/validator.go:635.63,640.3 1 0
github.com/m/configtoggle/internal/validation/validator.go:643.2,643.49 1 1
github.com/m/configtoggle/internal/validation/validator.go:643.49,644.55 1 1
github.com/m/configtoggle/internal/validation/validator.go:644.55,650.4 1 1
github.com/m/configtoggle/internal/validation/validator.go:654.2,654.51 1 1
github.com/m/configtoggle/internal/validation/validator.go:654.51,655.55 1 1
github.com/m/configtoggle/internal/validation/validator.go:655.55,661.4 1 0
github.com/m/configtoggle/internal/validation/validator.go:664.2,664.15 1 1
github.com/m/configtoggle/internal/validation/validator.go:668.102,669.22 1 1
github.com/m/configtoggle/internal/validation/validator.go:670.16,672.12 2 1
github.com/m/configtoggle/internal/validation/validator.go:673.16,675.20 2 1
github.com/m/configtoggle/internal/validation/validator.go:676.17,678.10 2 1
github.com/m/configtoggle/internal/validation/validator.go:678.10,680.37 1 0
github.com/m/configtoggle/internal/validation/validator.go:680.37,683.5 2 0
github.com/m/configtoggle/internal/validation/validator.go:685.3,685.12 1 1
github.com/m/configtoggle/internal/validation/validator.go:686.16,689.12 2 1
github.com/m/configtoggle/internal/validation/validator.go:690.15,692.23 1 0
github.com/m/configtoggle/internal/validation/validator.go:693.50,694.15 1 0
github.com/m/configtoggle/internal/validation/validator.go:695.11,696.16 1 0
github.com/m/configtoggle/internal/validation/validator.go:698.10,699.14 1 0
github.com/m/configtoggle/internal/validation/validator.go:704.64,705.16 1 1
github.com/m/configtoggle/internal/validation/validator.go:706.15,707.30 1 1
github.com/m/configtoggle/internal/validation/validator.go:708.13,709.28 1 1
github.com/m/configtoggle/internal/validation/validator.go:710.14,711.29 1 1
github.com/m/configtoggle/internal/validation/validator.go:712.15,713.30 1 1
github.com/m/configtoggle/internal/validation/validator.go:714.15,716.13 2 1
github.com/m/configtoggle/internal/validation/validator.go:717.10,718.50 1 1
github.com/m/configtoggle/internal/validation/validator.go:723.99,726.25 1 0
github.com/m/configtoggle/internal/validation/validator.go:727.15,728.50 1 0
github.com/m/configtoggle/internal/validation/validator.go:728.50,729.51 1 0
github.com/m/configtoggle/internal/validation/validator.go:729.51,731.19 2 0
github.com/m/configtoggle/internal/validation/validator.go:731.19,733.6 1 0
github.com/m/configtoggle/internal/validation/validator.go:734.5,734.41 1 0
github.com/m/configtoggle/internal/validation/validator.go:734.41,736.6 1 0
github.com/m/configtoggle/internal/validation/validator.go:739.16,741.61 1 0
github.com/m/configtoggle/internal/validation/validator.go:742.10,743.79 1 0
github.com/m/configtoggle/internal/validation/validator.go:745.2,745.12 1 0
github.com/m/configtoggle/internal/validation/validator.go:750.46,752.35 2 1
github.com/m/configtoggle/internal/validation/validator.go:752.35,753.25 1 1
github.com/m/configtoggle/internal/validation/validator.go:753.25,755.4 1 1
github.com/m/configtoggle/internal/validation/validator.go:757.2,757.14 1 1
github.com/m/configtoggle/internal/validation/validator.go:760.49,761.22 1 1
github.com/m/configtoggle/internal/validation/validator.go:762.84,763.14 1 1
github.com/m/configtoggle/internal/validation/validator.go:764.30,765.14 1 1
github.com/m/configtoggle/internal/validation/validator.go:766.10,767.15 1 1
github.com/m/configtoggle/internal/validation/validator.go:771.59,772.27 1 1
github.com/m/configtoggle/internal/validation/validator.go:773.15,774.16 1 1
github.com/m/configtoggle/internal/validation/validator.go:775.11,776.25 1 1
github.com/m/configtoggle/internal/validation/validator.go:777.13,778.25 1 1
github.com/m/configtoggle/internal/validation/validator.go:779.14,780.35 1 1
github.com/m/configtoggle/internal/validation/validator.go:781.10,782.62 1 1
github.com/m/configtoggle/internal/validation/validator.go:786.40,789.16 3 1
github.com/m/configtoggle/internal/validation/validator.go:789.16,791.3 1 0
github.com/m/configtoggle/internal/validation/validator.go:792.2,792.14 1 1
github.com/m/configtoggle/internal/validation/validator.go:792.14,794.3 1 1
github.com/m/configtoggle/internal/validation/validator.go:795.2,795.12 1 1
github.com/m/configtoggle/internal/validation/validator.go:798.36,801.16 3 1
github.com/m/configtoggle/internal/validation/validator.go:801.16,803.3 1 0
github.com/m/configtoggle/internal/validation/validator.go:804.2,804.14 1 1
github.com/m/configtoggle/internal/validation/validator.go:804.14,806.3 1 1
github.com/m/configtoggle/internal/validation/validator.go:807.2,807.12 1 1
github.com/m/configtoggle/internal/validation/validator.go:810.38,812.36 1 1
github.com/m/configtoggle/internal/validation/validator.go:812.36,814.3 1 1
github.com/m/configtoggle/internal/validation/validator.go:815.2,815.12 1 1
github.com/m/configtoggle/internal/validation/validator.go:818.40,822.16 3 1
github.com/m/configtoggle/internal/validation/validator.go:822.16,824.3 1 0
github.com/m/configtoggle/internal/validation/validator.go:825.2,825.14 1 1
github.com/m/configtoggle/internal/validation/validator.go:825.14,828.37 2 1
github.com/m/configtoggle/internal/validation/validator.go:828.37,829.39 1 1
github.com/m/configtoggle/internal/validation/validator.go:829.39,831.5 1 1
github.com/m/configtoggle/internal/validation/validator.go:833.3,833.44 1 1
github.com/m/configtoggle/internal/validation/validator.go:835.2,835.12 1 1
github.com/m/configtoggle/internal/tui/app.go:19.46,21.16 2 1
github.com/m/configtoggle/internal/tui/app.go:21.16,23.3 1 0
github.com/m/configtoggle/internal/tui/app.go:25.2,28.8 1 1
github.com/m/configtoggle/internal/tui/app.go:32.27,34.16 2 0
github.com/m/configtoggle/internal/tui/app.go:34.16,36.3 1 0
github.com/m/configtoggle/internal/tui/app.go:38.2,40.43 2 0
github.com/m/configtoggle/internal/tui/app.go:40.43,42.3 1 0
github.com/m/configtoggle/internal/tui/app.go:44.2,44.12 1 0
github.com/m/configtoggle/internal/tui/app.go:98.73,100.16 2 1
github.com/m/configtoggle/internal/tui/app.go:100.16,102.3 1 0
github.com/m/configtoggle/internal/tui/app.go:104.2,113.22 2 1
github.com/m/configtoggle/internal/tui/app.go:113.22,114.28 1 1
github.com/m/configtoggle/internal/tui/app.go:114.28,115.25 1 1
github.com/m/configtoggle/internal/tui/app.go:115.25,117.59 2 0
github.com/m/configtoggle/internal/tui/app.go:117.59,119.6 1 0
github.com/m/configtoggle/internal/tui/app.go:120.5,120.10 1 0
github.com/m/configtoggle/internal/tui/app.go:125.2,125.19 1 1
github.com/m/configtoggle/internal/tui/app.go:129.32,131.2 1 1
github.com/m/configtoggle/internal/tui/app.go:134.58,135.27 1 1
github.com/m/configtoggle/internal/tui/app.go:136.18,137.31 1 1
github.com/m/configtoggle/internal/tui/app.go:138.25,141.16 3 1
github.com/m/configtoggle/internal/tui/app.go:143.2,143.15 1 0
github.com/m/configtoggle/internal/tui/app.go:147.69,148.22 1 1
github.com/m/configtoggle/internal/tui/app.go:149.21,150.34 1 0
github.com/m/configtoggle/internal/tui/app.go:150.34,152.4 1 0
github.com/m/configtoggle/internal/tui/app.go:154.3,155.16 2 0
github.com/m/configtoggle/internal/tui/app.go:157.11,159.16 2 1
github.com/m/configtoggle/internal/tui/app.go:161.13,162.18 1 1
github.com/m/configtoggle/internal/tui/app.go:163.54,164.30 1 1
github.com/m/configtoggle/internal/tui/app.go:165.11,166.22 1 0
github.com/m/configtoggle/internal/tui/app.go:168.3,168.16 1 1
github.com/m/configtoggle/internal/tui/app.go:172.2,172.17 1 1
github.com/m/configtoggle/internal/tui/app.go:173.24,174.39 1 1
github.com/m/configtoggle/internal/tui/app.go:175.22,176.37 1 0
github.com/m/configtoggle/internal/tui/app.go:177.27,178.42 1 0
github.com/m/configtoggle/internal/tui/app.go:179.16,180.31 1 0
github.com/m/configtoggle/internal/tui/app.go:183.2,183.15 1 0
github.com/m/configtoggle/internal/tui/app.go:187.77,188.22 1 1
github.com/m/configtoggle/internal/tui/app.go:189.17,190.19 1 1
github.com/m/configtoggle/internal/tui/app.go:190.19,192.4 1 0
github.com/m/configtoggle/internal/tui/app.go:193.19,194.31 1 1
github.com/m/configtoggle/internal/tui/app.go:194.31,196.4 1 0
github.com/m/configtoggle/internal/tui/app.go:197.20,198.22 1 1
github.com/m/configtoggle/internal/tui/app.go:198.22,201.56 3 1
github.com/m/configtoggle/internal/tui/app.go:201.56,203.5 1 0
github.com/m/configtoggle/internal/tui/app.go:206.2,206.15 1 1
github.com/m/configtoggle/internal/tui/app.go:210.75,211.61 1 0
github.com/m/configtoggle/internal/tui/app.go:211.61,213.3 1 0
github.com/m/configtoggle/internal/tui/app.go:215.2,217.22 2 0
github.com/m/configtoggle/internal/tui/app.go:218.17,219.27 1 0
github.com/m/configtoggle/internal/tui/app.go:219.27,221.4 1 0
github.com/m/configtoggle/internal/tui/app.go:222.19,223.49 1 0
github.com/m/configtoggle/internal/tui/app.go:223.49,225.4 1 0
github.com/m/configtoggle/internal/tui/app.go:226.19,227.47 1 0
github.com/m/configtoggle/internal/tui/app.go:227.47,229.49 2 0
github.com/m/configtoggle/internal/tui/app.go:229.49,231.53 2 0
github.com/m/configtoggle/internal/tui/app.go:231.53,233.6 1 0
github.com/m/configtoggle/internal/tui/app.go:236.20,237.47 1 0
github.com/m/configtoggle/internal/tui/app.go:237.47,239.67 2 0
github.com/m/configtoggle/internal/tui/app.go:239.67,241.53 2 0
github.com/m/configtoggle/internal/tui/app.go:241.53,243.6 1 0
github.com/m/configtoggle/internal/tui/app.go:246.20,247.47 1 0
github.com/m/configtoggle/internal/tui/app.go:247.47,249.29 2 0
github.com/m/configtoggle/internal/tui/app.go:249.29,252.53 2 0
github.com/m/configtoggle/internal/tui/app.go:252.53,254.6 1 0
github.com/m/configtoggle/internal/tui/app.go:257.11,258.32 1 0
github.com/m/configtoggle/internal/tui/app.go:261.2,261.15 1 0
github.com/m/configtoggle/internal/tui/app.go:265.80,266.61 1 0
github.com/m/configtoggle/internal/tui/app.go:266.61,268.3 1 0
github.com/m/configtoggle/internal/tui/app.go:270.2,272.22 2 0
github.com/m/configtoggle/internal/tui/app.go:273.17,274.27 1 0
github.com/m/configtoggle/internal/tui/app.go:274.27,276.4 1 0
github.com/m/configtoggle/internal/tui/app.go:277.19,278.50 1 0
github.com/m/configtoggle/internal/tui/app.go:278.50,280.4 1 0
github.com/m/configtoggle/internal/tui/app.go:281.20,282.48 1 0
github.com/m/configtoggle/internal/tui/app.go:282.48,284.74 2 0
github.com/m/configtoggle/internal/tui/app.go:284.74,286.5 1 0
github.com/m/configtoggle/internal/tui/app.go:286.10,288.57 1 0
github.com/m/configtoggle/internal/tui/app.go:288.57,290.6 1 0
github.com/m/configtoggle/internal/tui/app.go:291.5,291.29 1 0
github.com/m/configtoggle/internal/tui/app.go:296.2,296.15 1 0
github.com/m/configtoggle/internal/tui/app.go:300.69,301.22 1 0
github.com/m/configtoggle/internal/tui/app.go:302.27,303.29 1 0
github.com/m/configtoggle/internal/tui/app.go:305.2,305.15 1 0
github.com/m/configtoggle/internal/tui/app.go:309.58,310.65 1 0
github.com/m/configtoggle/internal/tui/app.go:310.65,312.3 1 0
github.com/m/configtoggle/internal/tui/app.go:314.2,315.75 2 0
github.com/m/configtoggle/internal/tui/app.go:315.75,317.3 1 0
github.com/m/configtoggle/internal/tui/app.go:319.2,320.12 2 0
github.com/m/configtoggle/internal/tui/app.go:324.31,325.18 1 1
github.com/m/configtoggle/internal/tui/app.go:325.18,327.3 1 1
github.com/m/configtoggle/internal/tui/app.go:329.2,329.17 1 1
github.com/m/configtoggle/internal/tui/app.go:330.24,331.32 1 1
github.com/m/configtoggle/internal/tui/app.go:332.22,333.30 1 0
github.com/m/configtoggle/internal/tui/app.go:334.27,335.35 1 0
github.com/m/configtoggle/internal/tui/app.go:336.16,337.24 1 0
github.com/m/configtoggle/internal/tui/app.go:340.2,340.11 1 0
github.com/m/configtoggle/internal/tui/app.go:361.38,363.2 1 1
github.com/m/configtoggle/internal/tui/app.go:366.45,370.22 3 1
github.com/m/configtoggle/internal/tui/app.go:370.22,373.3 2 0
github.com/m/configtoggle/internal/tui/app.go:373.8,374.30 1 1
github.com/m/configtoggle/internal/tui/app.go:374.30,376.21 2 1
github.com/m/configtoggle/internal/tui/app.go:376.21,379.5 2 1
github.com/m/configtoggle/internal/tui/app.go:380.4,380.50 1 1
github.com/m/configtoggle/internal/tui/app.go:384.2,386.31 2 1
github.com/m/configtoggle/internal/tui/app.go:390.43,391.61 1 0
github.com/m/configtoggle/internal/tui/app.go:391.61,393.3 1 0
github.com/m/configtoggle/internal/tui/app.go:395.2,399.41 4 0
github.com/m/configtoggle/internal/tui/app.go:399.41,401.28 2 0
github.com/m/configtoggle/internal/tui/app.go:401.28,403.4 1 0
github.com/m/configtoggle/internal/tui/app.go:405.3,406.28 2 0
github.com/m/configtoggle/internal/tui/app.go:406.28,408.4 1 0
github.com/m/configtoggle/internal/tui/app.go:410.3,410.53 1 0
github.com/m/configtoggle/internal/tui/app.go:410.53,412.4 1 0
github.com/m/configtoggle/internal/tui/app.go:414.3,414.25 1 0
github.com/m/configtoggle/internal/tui/app.go:417.2,419.31 2 0
github.com/m/configtoggle/internal/tui/app.go:423.48,424.61 1 0
github.com/m/configtoggle/internal/tui/app.go:424.61,426.3 1 0
github.com/m/configtoggle/internal/tui/app.go:428.2,432.33 4 0
github.com/m/configtoggle/internal/tui/app.go:432.33,434.3 1 0
github.com/m/configtoggle/internal/tui/app.go:434.8,435.44 1 0
github.com/m/configtoggle/internal/tui/app.go:435.44,438.29 3 0
github.com/m/configtoggle/internal/tui/app.go:438.29,441.5 2 0
github.com/m/configtoggle/internal/tui/app.go:443.4,444.32 2 0
github.com/m/configtoggle/internal/tui/app.go:444.32,446.5 1 0
github.com/m/configtoggle/internal/tui/app.go:447.4,447.26 1 0
github.com/m/configtoggle/internal/tui/app.go:451.2,453.31 2 0
github.com/m/configtoggle/internal/tui/app.go:457.37,489.2 4 0
github.com/m/configtoggle/internal/tui/app.go:492.53,495.16 2 1
github.com/m/configtoggle/internal/tui/app.go:495.16,497.3 1 1
github.com/m/configtoggle/internal/tui/app.go:500.2,501.16 2 1
github.com/m/configtoggle/internal/tui/app.go:501.16,504.3 1 0
github.com/m/configtoggle/internal/tui/app.go:507.2,508.49 2 1
github.com/m/configtoggle/internal/tui/app.go:508.49,510.48 2 1
github.com/m/configtoggle/internal/tui/app.go:510.48,512.4 1 1
github.com/m/configtoggle/internal/tui/app.go:512.9,512.40 1 0
github.com/m/configtoggle/internal/tui/app.go:512.40,514.4 1 0
github.com/m/configtoggle/internal/tui/app.go:517.3,518.34 2 1
github.com/m/configtoggle/internal/tui/app.go:518.34,519.45 1 1
github.com/m/configtoggle/internal/tui/app.go:519.45,520.30 1 1
github.com/m/configtoggle/internal/tui/app.go:520.30,522.11 2 1
github.com/m/configtoggle/internal/tui/app.go:527.3,534.5 1 1
github.com/m/configtoggle/internal/tui/app.go:538.2,539.52 2 1
github.com/m/configtoggle/internal/tui/app.go:539.52,545.3 1 1
github.com/m/configtoggle/internal/tui/app.go:547.2,553.12 2 1
github.com/m/configtoggle/internal/tui/improved_app.go:25.92,30.2 1 0
github.com/m/configtoggle/internal/tui/improved_app.go:33.35,37.43 3 0
github.com/m/configtoggle/internal/tui/improved_app.go:37.43,39.3 1 0
github.com/m/configtoggle/internal/tui/improved_app.go:41.2,41.12 1 0
github.com/m/configtoggle/internal/tui/improved_app.go:68.96,93.2 11 0
github.com/m/configtoggle/internal/tui/improved_app.go:96.40,101.2 1 0
github.com/m/configtoggle/internal/tui/improved_app.go:104.66,107.27 2 0
github.com/m/configtoggle/internal/tui/improved_app.go:108.25,112.16 4 0
github.com/m/configtoggle/internal/tui/improved_app.go:114.18,115.23 1 0
github.com/m/configtoggle/internal/tui/improved_app.go:116.22,117.22 1 0
github.com/m/configtoggle/internal/tui/improved_app.go:118.14,119.27 1 0
github.com/m/configtoggle/internal/tui/improved_app.go:123.3,123.18 1 0
github.com/m/configtoggle/internal/tui/improved_app.go:124.25,125.40 1 0
github.com/m/configtoggle/internal/tui/improved_app.go:126.23,127.38 1 0
github.com/m/configtoggle/internal/tui/improved_app.go:128.17,129.32 1 0
github.com/m/configtoggle/internal/tui/improved_app.go:132.21,133.33 1 0
github.com/m/configtoggle/internal/tui/improved_app.go:135.23,138.27 3 0
github.com/m/configtoggle/internal/tui/improved_app.go:140.16,143.16 3 0
github.com/m/configtoggle/internal/tui/improved_app.go:147.2,147.33 1 0
github.com/m/configtoggle/internal/tui/improved_app.go:147.33,151.3 3 0
github.com/m/configtoggle/internal/tui/improved_app.go:153.2,153.30 1 0
github.com/m/configtoggle/internal/tui/improved_app.go:157.39,158.20 1 0
github.com/m/configtoggle/internal/tui/improved_app.go:158.20,160.3 1 0
github.com/m/configtoggle/internal/tui/improved_app.go:162.2,162.17 1 0
github.com/m/configtoggle/internal/tui/improved_app.go:163.24,164.32 1 0
github.com/m/configtoggle/internal/tui/improved_app.go:165.22,166.30 1 0
github.com/m/configtoggle/internal/tui/improved_app.go:167.16,168.24 1 0
github.com/m/configtoggle/internal/tui/improved_app.go:171.2,171.11 1 0
github.com/m/configtoggle/internal/tui/improved_app.go:184.44,185.24 1 0
github.com/m/configtoggle/internal/tui/improved_app.go:185.24,187.17 2 0
github.com/m/configtoggle/internal/tui/improved_app.go:187.17,189.4 1 0
github.com/m/configtoggle/internal/tui/improved_app.go:190.3,190.29 1 0
github.com/m/configtoggle/internal/tui/improved_app.go:195.87,197.31 2 0
github.com/m/configtoggle/internal/tui/improved_app.go:197.31,199.3 1 0
github.com/m/configtoggle/internal/tui/improved_app.go:200.2,202.15 3 0
github.com/m/configtoggle/internal/tui/improved_app.go:205.66,206.17 1 0
github.com/m/configtoggle/internal/tui/improved_app.go:207.32,209.16 2 0
github.com/m/configtoggle/internal/tui/improved_app.go:210.10,211.21 1 0
github.com/m/configtoggle/internal/tui/improved_app.go:215.90,216.22 1 0
github.com/m/configtoggle/internal/tui/improved_app.go:217.20,218.68 1 0
github.com/m/configtoggle/internal/tui/improved_app.go:218.68,219.45 1 0
github.com/m/configtoggle/internal/tui/improved_app.go:219.45,223.5 3 0
github.com/m/configtoggle/internal/tui/improved_app.go:225.11,227.16 2 0
github.com/m/configtoggle/internal/tui/improved_app.go:229.2,229.15 1 0
github.com/m/configtoggle/internal/tui/improved_app.go:232.88,233.22 1 0
github.com/m/configtoggle/internal/tui/improved_app.go:234.11,236.16 2 0
github.com/m/configtoggle/internal/tui/improved_app.go:238.2,238.15 1 0
github.com/m/configtoggle/internal/tui/improved_app.go:241.82,242.22 1 0
github.com/m/configtoggle/internal/tui/improved_app.go:243.27,245.16 2 0
github.com/m/configtoggle/internal/tui/improved_app.go:247.2,247.15 1 0
github.com/m/configtoggle/internal/tui/improved_app.go:250.49,251.24 1 0
github.com/m/configtoggle/internal/tui/improved_app.go:251.24,255.3 1 0
github.com/m/configtoggle/internal/tui/improved_app.go:259.40,269.2 7 0
github.com/m/configtoggle/internal/tui/improved_app.go:272.46,284.2 3 0
github.com/m/configtoggle/internal/tui/improved_app.go:286.53,287.15 1 0
github.com/m/configtoggle/internal/tui/improved_app.go:287.15,298.3 2 0
github.com/m/configtoggle/internal/tui/improved_app.go:300.2,310.3 3 0
github.com/m/configtoggle/internal/tui/improved_app.go:313.51,326.2 4 0
github.com/m/configtoggle/internal/tui/improved_app.go:328.45,358.2 4 0
github.com/m/configtoggle/internal/tui/improved_app.go:363.39,363.59 1 0
github.com/m/configtoggle/internal/tui/improved_app.go:367.64,367.76 1 0
github.com/m/configtoggle/internal/tui/improved_app.go:368.64,368.76 1 0
github.com/m/configtoggle/internal/tui/improved_app.go:369.64,369.78 1 0
github.com/m/configtoggle/internal/tui/improved_app.go:370.88,372.9 2 0
github.com/m/configtoggle/internal/tui/improved_app.go:372.9,374.3 1 0
github.com/m/configtoggle/internal/tui/improved_app.go:376.2,379.24 3 0
github.com/m/configtoggle/internal/tui/improved_app.go:379.24,382.3 2 0
github.com/m/configtoggle/internal/tui/improved_app.go:384.2,384.24 1 0
