mode: set
github.com/m/configtoggle/internal/tui/app.go:19.46,21.16 2 1
github.com/m/configtoggle/internal/tui/app.go:21.16,23.3 1 0
github.com/m/configtoggle/internal/tui/app.go:25.2,28.8 1 1
github.com/m/configtoggle/internal/tui/app.go:32.27,34.16 2 0
github.com/m/configtoggle/internal/tui/app.go:34.16,36.3 1 0
github.com/m/configtoggle/internal/tui/app.go:38.2,40.43 2 0
github.com/m/configtoggle/internal/tui/app.go:40.43,42.3 1 0
github.com/m/configtoggle/internal/tui/app.go:44.2,44.12 1 0
github.com/m/configtoggle/internal/tui/app.go:98.73,100.16 2 1
github.com/m/configtoggle/internal/tui/app.go:100.16,102.3 1 0
github.com/m/configtoggle/internal/tui/app.go:104.2,113.22 2 1
github.com/m/configtoggle/internal/tui/app.go:113.22,114.28 1 1
github.com/m/configtoggle/internal/tui/app.go:114.28,115.25 1 1
github.com/m/configtoggle/internal/tui/app.go:115.25,117.59 2 0
github.com/m/configtoggle/internal/tui/app.go:117.59,119.6 1 0
github.com/m/configtoggle/internal/tui/app.go:120.5,120.10 1 0
github.com/m/configtoggle/internal/tui/app.go:125.2,125.19 1 1
github.com/m/configtoggle/internal/tui/app.go:129.32,131.2 1 1
github.com/m/configtoggle/internal/tui/app.go:134.58,135.27 1 1
github.com/m/configtoggle/internal/tui/app.go:136.18,137.31 1 1
github.com/m/configtoggle/internal/tui/app.go:138.25,141.16 3 1
github.com/m/configtoggle/internal/tui/app.go:143.2,143.15 1 0
github.com/m/configtoggle/internal/tui/app.go:147.69,148.22 1 1
github.com/m/configtoggle/internal/tui/app.go:149.21,150.34 1 1
github.com/m/configtoggle/internal/tui/app.go:150.34,152.4 1 1
github.com/m/configtoggle/internal/tui/app.go:154.3,155.16 2 0
github.com/m/configtoggle/internal/tui/app.go:157.11,159.16 2 1
github.com/m/configtoggle/internal/tui/app.go:161.13,162.18 1 1
github.com/m/configtoggle/internal/tui/app.go:163.54,164.30 1 1
github.com/m/configtoggle/internal/tui/app.go:165.11,166.22 1 0
github.com/m/configtoggle/internal/tui/app.go:168.3,168.16 1 1
github.com/m/configtoggle/internal/tui/app.go:172.2,172.17 1 1
github.com/m/configtoggle/internal/tui/app.go:173.24,174.39 1 1
github.com/m/configtoggle/internal/tui/app.go:175.22,176.37 1 0
github.com/m/configtoggle/internal/tui/app.go:177.27,178.42 1 0
github.com/m/configtoggle/internal/tui/app.go:179.16,180.31 1 0
github.com/m/configtoggle/internal/tui/app.go:183.2,183.15 1 0
github.com/m/configtoggle/internal/tui/app.go:187.77,188.22 1 1
github.com/m/configtoggle/internal/tui/app.go:189.17,190.19 1 1
github.com/m/configtoggle/internal/tui/app.go:190.19,192.4 1 0
github.com/m/configtoggle/internal/tui/app.go:193.19,194.31 1 1
github.com/m/configtoggle/internal/tui/app.go:194.31,196.4 1 0
github.com/m/configtoggle/internal/tui/app.go:197.20,198.22 1 1
github.com/m/configtoggle/internal/tui/app.go:198.22,201.56 3 1
github.com/m/configtoggle/internal/tui/app.go:201.56,203.5 1 0
github.com/m/configtoggle/internal/tui/app.go:206.2,206.15 1 1
github.com/m/configtoggle/internal/tui/app.go:210.75,211.61 1 0
github.com/m/configtoggle/internal/tui/app.go:211.61,213.3 1 0
github.com/m/configtoggle/internal/tui/app.go:215.2,217.22 2 0
github.com/m/configtoggle/internal/tui/app.go:218.17,219.27 1 0
github.com/m/configtoggle/internal/tui/app.go:219.27,221.4 1 0
github.com/m/configtoggle/internal/tui/app.go:222.19,223.49 1 0
github.com/m/configtoggle/internal/tui/app.go:223.49,225.4 1 0
github.com/m/configtoggle/internal/tui/app.go:226.19,227.47 1 0
github.com/m/configtoggle/internal/tui/app.go:227.47,229.49 2 0
github.com/m/configtoggle/internal/tui/app.go:229.49,231.53 2 0
github.com/m/configtoggle/internal/tui/app.go:231.53,233.6 1 0
github.com/m/configtoggle/internal/tui/app.go:236.20,237.47 1 0
github.com/m/configtoggle/internal/tui/app.go:237.47,239.67 2 0
github.com/m/configtoggle/internal/tui/app.go:239.67,241.53 2 0
github.com/m/configtoggle/internal/tui/app.go:241.53,243.6 1 0
github.com/m/configtoggle/internal/tui/app.go:246.20,247.47 1 0
github.com/m/configtoggle/internal/tui/app.go:247.47,249.29 2 0
github.com/m/configtoggle/internal/tui/app.go:249.29,252.53 2 0
github.com/m/configtoggle/internal/tui/app.go:252.53,254.6 1 0
github.com/m/configtoggle/internal/tui/app.go:257.11,258.32 1 0
github.com/m/configtoggle/internal/tui/app.go:261.2,261.15 1 0
github.com/m/configtoggle/internal/tui/app.go:265.80,266.61 1 0
github.com/m/configtoggle/internal/tui/app.go:266.61,268.3 1 0
github.com/m/configtoggle/internal/tui/app.go:270.2,272.22 2 0
github.com/m/configtoggle/internal/tui/app.go:273.17,274.27 1 0
github.com/m/configtoggle/internal/tui/app.go:274.27,276.4 1 0
github.com/m/configtoggle/internal/tui/app.go:277.19,278.50 1 0
github.com/m/configtoggle/internal/tui/app.go:278.50,280.4 1 0
github.com/m/configtoggle/internal/tui/app.go:281.20,282.48 1 0
github.com/m/configtoggle/internal/tui/app.go:282.48,284.74 2 0
github.com/m/configtoggle/internal/tui/app.go:284.74,286.5 1 0
github.com/m/configtoggle/internal/tui/app.go:286.10,288.57 1 0
github.com/m/configtoggle/internal/tui/app.go:288.57,290.6 1 0
github.com/m/configtoggle/internal/tui/app.go:291.5,291.29 1 0
github.com/m/configtoggle/internal/tui/app.go:296.2,296.15 1 0
github.com/m/configtoggle/internal/tui/app.go:300.69,301.22 1 0
github.com/m/configtoggle/internal/tui/app.go:302.27,303.29 1 0
github.com/m/configtoggle/internal/tui/app.go:305.2,305.15 1 0
github.com/m/configtoggle/internal/tui/app.go:309.58,310.65 1 0
github.com/m/configtoggle/internal/tui/app.go:310.65,312.3 1 0
github.com/m/configtoggle/internal/tui/app.go:314.2,315.75 2 0
github.com/m/configtoggle/internal/tui/app.go:315.75,317.3 1 0
github.com/m/configtoggle/internal/tui/app.go:319.2,320.12 2 0
github.com/m/configtoggle/internal/tui/app.go:324.31,325.18 1 1
github.com/m/configtoggle/internal/tui/app.go:325.18,327.3 1 1
github.com/m/configtoggle/internal/tui/app.go:329.2,329.17 1 1
github.com/m/configtoggle/internal/tui/app.go:330.24,331.32 1 1
github.com/m/configtoggle/internal/tui/app.go:332.22,333.30 1 0
github.com/m/configtoggle/internal/tui/app.go:334.27,335.35 1 0
github.com/m/configtoggle/internal/tui/app.go:336.16,337.24 1 0
github.com/m/configtoggle/internal/tui/app.go:340.2,340.11 1 0
github.com/m/configtoggle/internal/tui/app.go:361.38,363.2 1 1
github.com/m/configtoggle/internal/tui/app.go:366.45,370.22 3 1
github.com/m/configtoggle/internal/tui/app.go:370.22,373.3 2 0
github.com/m/configtoggle/internal/tui/app.go:373.8,374.30 1 1
github.com/m/configtoggle/internal/tui/app.go:374.30,376.21 2 1
github.com/m/configtoggle/internal/tui/app.go:376.21,379.5 2 1
github.com/m/configtoggle/internal/tui/app.go:380.4,380.50 1 1
github.com/m/configtoggle/internal/tui/app.go:384.2,386.31 2 1
github.com/m/configtoggle/internal/tui/app.go:390.43,391.61 1 0
github.com/m/configtoggle/internal/tui/app.go:391.61,393.3 1 0
github.com/m/configtoggle/internal/tui/app.go:395.2,399.41 4 0
github.com/m/configtoggle/internal/tui/app.go:399.41,401.28 2 0
github.com/m/configtoggle/internal/tui/app.go:401.28,403.4 1 0
github.com/m/configtoggle/internal/tui/app.go:405.3,406.28 2 0
github.com/m/configtoggle/internal/tui/app.go:406.28,408.4 1 0
github.com/m/configtoggle/internal/tui/app.go:410.3,410.53 1 0
github.com/m/configtoggle/internal/tui/app.go:410.53,412.4 1 0
github.com/m/configtoggle/internal/tui/app.go:414.3,414.25 1 0
github.com/m/configtoggle/internal/tui/app.go:417.2,419.31 2 0
github.com/m/configtoggle/internal/tui/app.go:423.48,424.61 1 0
github.com/m/configtoggle/internal/tui/app.go:424.61,426.3 1 0
github.com/m/configtoggle/internal/tui/app.go:428.2,432.33 4 0
github.com/m/configtoggle/internal/tui/app.go:432.33,434.3 1 0
github.com/m/configtoggle/internal/tui/app.go:434.8,435.44 1 0
github.com/m/configtoggle/internal/tui/app.go:435.44,438.29 3 0
github.com/m/configtoggle/internal/tui/app.go:438.29,441.5 2 0
github.com/m/configtoggle/internal/tui/app.go:443.4,444.32 2 0
github.com/m/configtoggle/internal/tui/app.go:444.32,446.5 1 0
github.com/m/configtoggle/internal/tui/app.go:447.4,447.26 1 0
github.com/m/configtoggle/internal/tui/app.go:451.2,453.31 2 0
github.com/m/configtoggle/internal/tui/app.go:457.37,489.2 4 0
github.com/m/configtoggle/internal/tui/app.go:492.53,495.16 2 1
github.com/m/configtoggle/internal/tui/app.go:495.16,497.3 1 1
github.com/m/configtoggle/internal/tui/app.go:500.2,501.16 2 1
github.com/m/configtoggle/internal/tui/app.go:501.16,504.3 1 0
github.com/m/configtoggle/internal/tui/app.go:507.2,508.49 2 1
github.com/m/configtoggle/internal/tui/app.go:508.49,510.48 2 1
github.com/m/configtoggle/internal/tui/app.go:510.48,512.4 1 1
github.com/m/configtoggle/internal/tui/app.go:512.9,512.40 1 0
github.com/m/configtoggle/internal/tui/app.go:512.40,514.4 1 0
github.com/m/configtoggle/internal/tui/app.go:517.3,518.34 2 1
github.com/m/configtoggle/internal/tui/app.go:518.34,519.45 1 1
github.com/m/configtoggle/internal/tui/app.go:519.45,520.30 1 1
github.com/m/configtoggle/internal/tui/app.go:520.30,522.11 2 1
github.com/m/configtoggle/internal/tui/app.go:527.3,534.5 1 1
github.com/m/configtoggle/internal/tui/app.go:538.2,539.52 2 1
github.com/m/configtoggle/internal/tui/app.go:539.52,545.3 1 1
github.com/m/configtoggle/internal/tui/app.go:547.2,553.12 2 1
github.com/m/configtoggle/internal/tui/improved_app.go:25.92,30.2 1 0
github.com/m/configtoggle/internal/tui/improved_app.go:33.35,37.43 3 0
github.com/m/configtoggle/internal/tui/improved_app.go:37.43,39.3 1 0
github.com/m/configtoggle/internal/tui/improved_app.go:41.2,41.12 1 0
github.com/m/configtoggle/internal/tui/improved_app.go:68.96,93.2 11 0
github.com/m/configtoggle/internal/tui/improved_app.go:96.40,101.2 1 0
github.com/m/configtoggle/internal/tui/improved_app.go:104.66,107.27 2 0
github.com/m/configtoggle/internal/tui/improved_app.go:108.25,112.16 4 0
github.com/m/configtoggle/internal/tui/improved_app.go:114.18,115.23 1 0
github.com/m/configtoggle/internal/tui/improved_app.go:116.22,117.22 1 0
github.com/m/configtoggle/internal/tui/improved_app.go:118.14,119.27 1 0
github.com/m/configtoggle/internal/tui/improved_app.go:123.3,123.18 1 0
github.com/m/configtoggle/internal/tui/improved_app.go:124.25,125.40 1 0
github.com/m/configtoggle/internal/tui/improved_app.go:126.23,127.38 1 0
github.com/m/configtoggle/internal/tui/improved_app.go:128.17,129.32 1 0
github.com/m/configtoggle/internal/tui/improved_app.go:132.21,133.33 1 0
github.com/m/configtoggle/internal/tui/improved_app.go:135.23,138.27 3 0
github.com/m/configtoggle/internal/tui/improved_app.go:140.16,143.16 3 0
github.com/m/configtoggle/internal/tui/improved_app.go:147.2,147.33 1 0
github.com/m/configtoggle/internal/tui/improved_app.go:147.33,151.3 3 0
github.com/m/configtoggle/internal/tui/improved_app.go:153.2,153.30 1 0
github.com/m/configtoggle/internal/tui/improved_app.go:157.39,158.20 1 0
github.com/m/configtoggle/internal/tui/improved_app.go:158.20,160.3 1 0
github.com/m/configtoggle/internal/tui/improved_app.go:162.2,162.17 1 0
github.com/m/configtoggle/internal/tui/improved_app.go:163.24,164.32 1 0
github.com/m/configtoggle/internal/tui/improved_app.go:165.22,166.30 1 0
github.com/m/configtoggle/internal/tui/improved_app.go:167.16,168.24 1 0
github.com/m/configtoggle/internal/tui/improved_app.go:171.2,171.11 1 0
github.com/m/configtoggle/internal/tui/improved_app.go:184.44,185.24 1 0
github.com/m/configtoggle/internal/tui/improved_app.go:185.24,187.17 2 0
github.com/m/configtoggle/internal/tui/improved_app.go:187.17,189.4 1 0
github.com/m/configtoggle/internal/tui/improved_app.go:190.3,190.29 1 0
github.com/m/configtoggle/internal/tui/improved_app.go:195.87,197.31 2 0
github.com/m/configtoggle/internal/tui/improved_app.go:197.31,199.3 1 0
github.com/m/configtoggle/internal/tui/improved_app.go:200.2,202.15 3 0
github.com/m/configtoggle/internal/tui/improved_app.go:205.66,206.17 1 0
github.com/m/configtoggle/internal/tui/improved_app.go:207.32,209.16 2 0
github.com/m/configtoggle/internal/tui/improved_app.go:210.10,211.21 1 0
github.com/m/configtoggle/internal/tui/improved_app.go:215.90,216.22 1 0
github.com/m/configtoggle/internal/tui/improved_app.go:217.20,218.68 1 0
github.com/m/configtoggle/internal/tui/improved_app.go:218.68,219.45 1 0
github.com/m/configtoggle/internal/tui/improved_app.go:219.45,223.5 3 0
github.com/m/configtoggle/internal/tui/improved_app.go:225.11,227.16 2 0
github.com/m/configtoggle/internal/tui/improved_app.go:229.2,229.15 1 0
github.com/m/configtoggle/internal/tui/improved_app.go:232.88,233.22 1 0
github.com/m/configtoggle/internal/tui/improved_app.go:234.11,236.16 2 0
github.com/m/configtoggle/internal/tui/improved_app.go:238.2,238.15 1 0
github.com/m/configtoggle/internal/tui/improved_app.go:241.82,242.22 1 0
github.com/m/configtoggle/internal/tui/improved_app.go:243.27,245.16 2 0
github.com/m/configtoggle/internal/tui/improved_app.go:247.2,247.15 1 0
github.com/m/configtoggle/internal/tui/improved_app.go:250.49,251.24 1 0
github.com/m/configtoggle/internal/tui/improved_app.go:251.24,255.3 1 0
github.com/m/configtoggle/internal/tui/improved_app.go:259.40,269.2 7 0
github.com/m/configtoggle/internal/tui/improved_app.go:272.46,284.2 3 0
github.com/m/configtoggle/internal/tui/improved_app.go:286.53,287.15 1 0
github.com/m/configtoggle/internal/tui/improved_app.go:287.15,298.3 2 0
github.com/m/configtoggle/internal/tui/improved_app.go:300.2,310.3 3 0
github.com/m/configtoggle/internal/tui/improved_app.go:313.51,326.2 4 0
github.com/m/configtoggle/internal/tui/improved_app.go:328.45,358.2 4 0
github.com/m/configtoggle/internal/tui/improved_app.go:363.39,363.59 1 0
github.com/m/configtoggle/internal/tui/improved_app.go:367.64,367.76 1 0
github.com/m/configtoggle/internal/tui/improved_app.go:368.64,368.76 1 0
github.com/m/configtoggle/internal/tui/improved_app.go:369.64,369.78 1 0
github.com/m/configtoggle/internal/tui/improved_app.go:370.88,372.9 2 0
github.com/m/configtoggle/internal/tui/improved_app.go:372.9,374.3 1 0
github.com/m/configtoggle/internal/tui/improved_app.go:376.2,379.24 3 0
github.com/m/configtoggle/internal/tui/improved_app.go:379.24,382.3 2 0
github.com/m/configtoggle/internal/tui/improved_app.go:384.2,384.24 1 0
