mode: atomic
github.com/mrtkrcm/ZeroUI/main.go:7.13,9.2 1 0
github.com/mrtkrcm/ZeroUI/cmd/backup.go:33.54,35.20 2 0
github.com/mrtkrcm/ZeroUI/cmd/backup.go:35.20,37.4 1 0
github.com/mrtkrcm/ZeroUI/cmd/backup.go:39.3,40.17 2 0
github.com/mrtkrcm/ZeroUI/cmd/backup.go:40.17,41.51 1 0
github.com/mrtkrcm/ZeroUI/cmd/backup.go:41.51,44.5 2 0
github.com/mrtkrcm/ZeroUI/cmd/backup.go:45.4,45.14 1 0
github.com/mrtkrcm/ZeroUI/cmd/backup.go:48.3,49.17 2 0
github.com/mrtkrcm/ZeroUI/cmd/backup.go:49.17,50.51 1 0
github.com/mrtkrcm/ZeroUI/cmd/backup.go:50.51,53.5 2 0
github.com/mrtkrcm/ZeroUI/cmd/backup.go:54.4,54.14 1 0
github.com/mrtkrcm/ZeroUI/cmd/backup.go:57.3,57.24 1 0
github.com/mrtkrcm/ZeroUI/cmd/backup.go:57.24,58.21 1 0
github.com/mrtkrcm/ZeroUI/cmd/backup.go:58.21,60.5 1 0
github.com/mrtkrcm/ZeroUI/cmd/backup.go:60.10,62.5 1 0
github.com/mrtkrcm/ZeroUI/cmd/backup.go:63.4,63.14 1 0
github.com/mrtkrcm/ZeroUI/cmd/backup.go:67.3,71.34 4 0
github.com/mrtkrcm/ZeroUI/cmd/backup.go:71.34,84.4 6 0
github.com/mrtkrcm/ZeroUI/cmd/backup.go:86.3,87.13 2 0
github.com/mrtkrcm/ZeroUI/cmd/backup.go:98.54,103.17 3 0
github.com/mrtkrcm/ZeroUI/cmd/backup.go:103.17,105.4 1 0
github.com/mrtkrcm/ZeroUI/cmd/backup.go:107.3,108.17 2 0
github.com/mrtkrcm/ZeroUI/cmd/backup.go:108.17,109.51 1 0
github.com/mrtkrcm/ZeroUI/cmd/backup.go:109.51,112.5 2 0
github.com/mrtkrcm/ZeroUI/cmd/backup.go:113.4,113.14 1 0
github.com/mrtkrcm/ZeroUI/cmd/backup.go:117.3,118.41 2 0
github.com/mrtkrcm/ZeroUI/cmd/backup.go:118.41,121.4 2 0
github.com/mrtkrcm/ZeroUI/cmd/backup.go:124.3,125.17 2 0
github.com/mrtkrcm/ZeroUI/cmd/backup.go:125.17,126.51 1 0
github.com/mrtkrcm/ZeroUI/cmd/backup.go:126.51,129.5 2 0
github.com/mrtkrcm/ZeroUI/cmd/backup.go:130.4,130.14 1 0
github.com/mrtkrcm/ZeroUI/cmd/backup.go:133.3,134.17 2 0
github.com/mrtkrcm/ZeroUI/cmd/backup.go:134.17,135.51 1 0
github.com/mrtkrcm/ZeroUI/cmd/backup.go:135.51,138.5 2 0
github.com/mrtkrcm/ZeroUI/cmd/backup.go:139.4,139.14 1 0
github.com/mrtkrcm/ZeroUI/cmd/backup.go:142.3,142.23 1 0
github.com/mrtkrcm/ZeroUI/cmd/backup.go:142.23,144.4 1 0
github.com/mrtkrcm/ZeroUI/cmd/backup.go:144.9,146.4 1 0
github.com/mrtkrcm/ZeroUI/cmd/backup.go:148.3,148.13 1 0
github.com/mrtkrcm/ZeroUI/cmd/backup.go:161.54,167.17 4 0
github.com/mrtkrcm/ZeroUI/cmd/backup.go:167.17,169.4 1 0
github.com/mrtkrcm/ZeroUI/cmd/backup.go:171.3,172.17 2 0
github.com/mrtkrcm/ZeroUI/cmd/backup.go:172.17,173.51 1 0
github.com/mrtkrcm/ZeroUI/cmd/backup.go:173.51,176.5 2 0
github.com/mrtkrcm/ZeroUI/cmd/backup.go:177.4,177.14 1 0
github.com/mrtkrcm/ZeroUI/cmd/backup.go:181.3,182.41 2 0
github.com/mrtkrcm/ZeroUI/cmd/backup.go:182.41,185.4 2 0
github.com/mrtkrcm/ZeroUI/cmd/backup.go:188.3,189.17 2 0
github.com/mrtkrcm/ZeroUI/cmd/backup.go:189.17,190.51 1 0
github.com/mrtkrcm/ZeroUI/cmd/backup.go:190.51,193.5 2 0
github.com/mrtkrcm/ZeroUI/cmd/backup.go:194.4,194.14 1 0
github.com/mrtkrcm/ZeroUI/cmd/backup.go:197.3,198.17 2 0
github.com/mrtkrcm/ZeroUI/cmd/backup.go:198.17,199.51 1 0
github.com/mrtkrcm/ZeroUI/cmd/backup.go:199.51,202.5 2 0
github.com/mrtkrcm/ZeroUI/cmd/backup.go:203.4,203.14 1 0
github.com/mrtkrcm/ZeroUI/cmd/backup.go:206.3,207.34 2 0
github.com/mrtkrcm/ZeroUI/cmd/backup.go:207.34,208.33 1 0
github.com/mrtkrcm/ZeroUI/cmd/backup.go:208.33,210.10 2 0
github.com/mrtkrcm/ZeroUI/cmd/backup.go:214.3,214.23 1 0
github.com/mrtkrcm/ZeroUI/cmd/backup.go:214.23,218.4 3 0
github.com/mrtkrcm/ZeroUI/cmd/backup.go:221.3,222.17 2 0
github.com/mrtkrcm/ZeroUI/cmd/backup.go:222.17,230.78 7 0
github.com/mrtkrcm/ZeroUI/cmd/backup.go:230.78,233.5 2 0
github.com/mrtkrcm/ZeroUI/cmd/backup.go:237.3,238.17 2 0
github.com/mrtkrcm/ZeroUI/cmd/backup.go:238.17,240.4 1 0
github.com/mrtkrcm/ZeroUI/cmd/backup.go:240.9,240.33 1 0
github.com/mrtkrcm/ZeroUI/cmd/backup.go:240.33,242.4 1 0
github.com/mrtkrcm/ZeroUI/cmd/backup.go:245.3,245.77 1 0
github.com/mrtkrcm/ZeroUI/cmd/backup.go:245.77,246.51 1 0
github.com/mrtkrcm/ZeroUI/cmd/backup.go:246.51,249.5 2 0
github.com/mrtkrcm/ZeroUI/cmd/backup.go:250.4,250.14 1 0
github.com/mrtkrcm/ZeroUI/cmd/backup.go:253.3,254.13 2 0
github.com/mrtkrcm/ZeroUI/cmd/backup.go:265.54,267.20 2 0
github.com/mrtkrcm/ZeroUI/cmd/backup.go:267.20,269.4 1 0
github.com/mrtkrcm/ZeroUI/cmd/backup.go:271.3,274.17 3 0
github.com/mrtkrcm/ZeroUI/cmd/backup.go:274.17,275.51 1 0
github.com/mrtkrcm/ZeroUI/cmd/backup.go:275.51,278.5 2 0
github.com/mrtkrcm/ZeroUI/cmd/backup.go:279.4,279.14 1 0
github.com/mrtkrcm/ZeroUI/cmd/backup.go:282.3,282.20 1 0
github.com/mrtkrcm/ZeroUI/cmd/backup.go:282.20,284.78 1 0
github.com/mrtkrcm/ZeroUI/cmd/backup.go:284.78,285.52 1 0
github.com/mrtkrcm/ZeroUI/cmd/backup.go:285.52,288.6 2 0
github.com/mrtkrcm/ZeroUI/cmd/backup.go:289.5,289.15 1 0
github.com/mrtkrcm/ZeroUI/cmd/backup.go:291.4,291.95 1 0
github.com/mrtkrcm/ZeroUI/cmd/backup.go:292.9,295.18 2 0
github.com/mrtkrcm/ZeroUI/cmd/backup.go:295.18,297.5 1 0
github.com/mrtkrcm/ZeroUI/cmd/backup.go:299.4,300.18 2 0
github.com/mrtkrcm/ZeroUI/cmd/backup.go:300.18,302.5 1 0
github.com/mrtkrcm/ZeroUI/cmd/backup.go:304.4,304.29 1 0
github.com/mrtkrcm/ZeroUI/cmd/backup.go:304.29,305.75 1 0
github.com/mrtkrcm/ZeroUI/cmd/backup.go:305.75,307.6 1 0
github.com/mrtkrcm/ZeroUI/cmd/backup.go:309.4,309.100 1 0
github.com/mrtkrcm/ZeroUI/cmd/backup.go:312.3,312.13 1 0
github.com/mrtkrcm/ZeroUI/cmd/backup.go:316.13,329.2 7 0
github.com/mrtkrcm/ZeroUI/cmd/backup.go:332.37,339.9 2 0
github.com/mrtkrcm/ZeroUI/cmd/backup.go:340.19,341.51 1 0
github.com/mrtkrcm/ZeroUI/cmd/backup.go:342.19,343.51 1 0
github.com/mrtkrcm/ZeroUI/cmd/backup.go:344.19,345.51 1 0
github.com/mrtkrcm/ZeroUI/cmd/backup.go:346.10,347.36 1 0
github.com/mrtkrcm/ZeroUI/cmd/cycle.go:22.54,27.23 4 0
github.com/mrtkrcm/ZeroUI/cmd/cycle.go:27.23,29.4 1 0
github.com/mrtkrcm/ZeroUI/cmd/cycle.go:31.3,32.52 2 0
github.com/mrtkrcm/ZeroUI/cmd/cycle.go:36.13,38.2 1 0
github.com/mrtkrcm/ZeroUI/cmd/design_system.go:33.54,35.23 2 0
github.com/mrtkrcm/ZeroUI/cmd/design_system.go:35.23,37.4 1 0
github.com/mrtkrcm/ZeroUI/cmd/design_system.go:39.3,40.17 2 0
github.com/mrtkrcm/ZeroUI/cmd/design_system.go:40.17,42.4 1 0
github.com/mrtkrcm/ZeroUI/cmd/design_system.go:45.3,51.24 3 0
github.com/mrtkrcm/ZeroUI/cmd/design_system.go:55.13,58.2 2 0
github.com/mrtkrcm/ZeroUI/cmd/list.go:23.54,26.20 3 0
github.com/mrtkrcm/ZeroUI/cmd/list.go:26.20,28.4 1 0
github.com/mrtkrcm/ZeroUI/cmd/list.go:30.3,31.23 2 0
github.com/mrtkrcm/ZeroUI/cmd/list.go:31.23,33.4 1 0
github.com/mrtkrcm/ZeroUI/cmd/list.go:35.3,37.19 2 0
github.com/mrtkrcm/ZeroUI/cmd/list.go:38.15,39.34 1 0
github.com/mrtkrcm/ZeroUI/cmd/list.go:40.18,41.17 1 0
github.com/mrtkrcm/ZeroUI/cmd/list.go:41.17,43.5 1 0
github.com/mrtkrcm/ZeroUI/cmd/list.go:44.4,44.42 1 0
github.com/mrtkrcm/ZeroUI/cmd/list.go:45.15,46.17 1 0
github.com/mrtkrcm/ZeroUI/cmd/list.go:46.17,48.5 1 0
github.com/mrtkrcm/ZeroUI/cmd/list.go:49.4,49.39 1 0
github.com/mrtkrcm/ZeroUI/cmd/list.go:50.11,51.85 1 0
github.com/mrtkrcm/ZeroUI/cmd/list.go:56.13,58.2 1 0
github.com/mrtkrcm/ZeroUI/cmd/list.go:77.59,79.16 2 0
github.com/mrtkrcm/ZeroUI/cmd/list.go:79.16,81.3 1 0
github.com/mrtkrcm/ZeroUI/cmd/list.go:83.2,83.20 1 0
github.com/mrtkrcm/ZeroUI/cmd/list.go:83.20,86.3 2 0
github.com/mrtkrcm/ZeroUI/cmd/list.go:88.2,92.27 4 0
github.com/mrtkrcm/ZeroUI/cmd/list.go:92.27,94.3 1 0
github.com/mrtkrcm/ZeroUI/cmd/list.go:96.2,96.12 1 0
github.com/mrtkrcm/ZeroUI/cmd/list.go:99.74,101.16 2 0
github.com/mrtkrcm/ZeroUI/cmd/list.go:101.16,103.3 1 0
github.com/mrtkrcm/ZeroUI/cmd/list.go:105.2,105.23 1 0
github.com/mrtkrcm/ZeroUI/cmd/list.go:105.23,108.3 2 0
github.com/mrtkrcm/ZeroUI/cmd/list.go:110.2,114.36 4 0
github.com/mrtkrcm/ZeroUI/cmd/list.go:114.36,115.31 1 0
github.com/mrtkrcm/ZeroUI/cmd/list.go:115.31,119.4 1 0
github.com/mrtkrcm/ZeroUI/cmd/list.go:119.9,121.4 1 0
github.com/mrtkrcm/ZeroUI/cmd/list.go:124.2,124.12 1 0
github.com/mrtkrcm/ZeroUI/cmd/list.go:127.71,129.16 2 0
github.com/mrtkrcm/ZeroUI/cmd/list.go:129.16,131.3 1 0
github.com/mrtkrcm/ZeroUI/cmd/list.go:133.2,133.22 1 0
github.com/mrtkrcm/ZeroUI/cmd/list.go:133.22,136.3 2 0
github.com/mrtkrcm/ZeroUI/cmd/list.go:138.2,142.33 4 0
github.com/mrtkrcm/ZeroUI/cmd/list.go:142.33,145.23 2 0
github.com/mrtkrcm/ZeroUI/cmd/list.go:145.23,147.4 1 0
github.com/mrtkrcm/ZeroUI/cmd/list.go:149.3,149.28 1 0
github.com/mrtkrcm/ZeroUI/cmd/list.go:149.28,151.4 1 0
github.com/mrtkrcm/ZeroUI/cmd/list.go:153.3,153.30 1 0
github.com/mrtkrcm/ZeroUI/cmd/list.go:153.30,155.4 1 0
github.com/mrtkrcm/ZeroUI/cmd/list.go:157.3,158.21 2 0
github.com/mrtkrcm/ZeroUI/cmd/list.go:158.21,160.4 1 0
github.com/mrtkrcm/ZeroUI/cmd/list.go:160.9,162.4 1 0
github.com/mrtkrcm/ZeroUI/cmd/list.go:165.2,165.12 1 0
github.com/mrtkrcm/ZeroUI/cmd/preset.go:23.54,28.17 4 0
github.com/mrtkrcm/ZeroUI/cmd/preset.go:28.17,30.4 1 0
github.com/mrtkrcm/ZeroUI/cmd/preset.go:32.3,32.45 1 0
github.com/mrtkrcm/ZeroUI/cmd/preset.go:36.13,38.2 1 0
github.com/mrtkrcm/ZeroUI/cmd/reference_improved.go:78.13,84.2 5 0
github.com/mrtkrcm/ZeroUI/cmd/reference_improved.go:86.57,90.2 3 0
github.com/mrtkrcm/ZeroUI/cmd/reference_improved.go:92.58,96.16 3 0
github.com/mrtkrcm/ZeroUI/cmd/reference_improved.go:96.16,98.3 1 0
github.com/mrtkrcm/ZeroUI/cmd/reference_improved.go:100.2,100.20 1 0
github.com/mrtkrcm/ZeroUI/cmd/reference_improved.go:100.20,103.3 2 0
github.com/mrtkrcm/ZeroUI/cmd/reference_improved.go:105.2,107.27 2 0
github.com/mrtkrcm/ZeroUI/cmd/reference_improved.go:107.27,109.17 2 0
github.com/mrtkrcm/ZeroUI/cmd/reference_improved.go:109.17,110.12 1 0
github.com/mrtkrcm/ZeroUI/cmd/reference_improved.go:113.3,115.23 1 0
github.com/mrtkrcm/ZeroUI/cmd/reference_improved.go:118.2,118.12 1 0
github.com/mrtkrcm/ZeroUI/cmd/reference_improved.go:121.58,126.16 4 0
github.com/mrtkrcm/ZeroUI/cmd/reference_improved.go:126.16,128.3 1 0
github.com/mrtkrcm/ZeroUI/cmd/reference_improved.go:130.2,130.20 1 0
github.com/mrtkrcm/ZeroUI/cmd/reference_improved.go:130.20,133.3 1 0
github.com/mrtkrcm/ZeroUI/cmd/reference_improved.go:136.2,138.13 3 0
github.com/mrtkrcm/ZeroUI/cmd/reference_improved.go:138.13,142.27 3 0
github.com/mrtkrcm/ZeroUI/cmd/reference_improved.go:142.27,144.4 1 0
github.com/mrtkrcm/ZeroUI/cmd/reference_improved.go:145.3,145.13 1 0
github.com/mrtkrcm/ZeroUI/cmd/reference_improved.go:148.2,148.38 1 0
github.com/mrtkrcm/ZeroUI/cmd/reference_improved.go:151.62,162.16 7 0
github.com/mrtkrcm/ZeroUI/cmd/reference_improved.go:162.16,164.3 1 0
github.com/mrtkrcm/ZeroUI/cmd/reference_improved.go:166.2,166.18 1 0
github.com/mrtkrcm/ZeroUI/cmd/reference_improved.go:166.18,169.3 1 0
github.com/mrtkrcm/ZeroUI/cmd/reference_improved.go:169.8,173.39 2 0
github.com/mrtkrcm/ZeroUI/cmd/reference_improved.go:173.39,175.4 1 0
github.com/mrtkrcm/ZeroUI/cmd/reference_improved.go:178.2,178.33 1 0
github.com/mrtkrcm/ZeroUI/cmd/reference_improved.go:178.33,180.3 1 0
github.com/mrtkrcm/ZeroUI/cmd/reference_improved.go:182.2,182.12 1 0
github.com/mrtkrcm/ZeroUI/cmd/reference_improved.go:185.60,192.16 5 0
github.com/mrtkrcm/ZeroUI/cmd/reference_improved.go:192.16,194.3 1 0
github.com/mrtkrcm/ZeroUI/cmd/reference_improved.go:196.2,196.23 1 0
github.com/mrtkrcm/ZeroUI/cmd/reference_improved.go:196.23,199.3 2 0
github.com/mrtkrcm/ZeroUI/cmd/reference_improved.go:201.2,203.34 2 0
github.com/mrtkrcm/ZeroUI/cmd/reference_improved.go:203.34,206.3 2 0
github.com/mrtkrcm/ZeroUI/cmd/reference_improved.go:208.2,208.12 1 0
github.com/mrtkrcm/ZeroUI/cmd/reference_improved.go:211.59,216.2 1 0
github.com/mrtkrcm/ZeroUI/cmd/reference_improved.go:218.60,225.39 5 0
github.com/mrtkrcm/ZeroUI/cmd/reference_improved.go:225.39,227.21 2 0
github.com/mrtkrcm/ZeroUI/cmd/reference_improved.go:227.21,229.4 1 0
github.com/mrtkrcm/ZeroUI/cmd/reference_improved.go:230.3,230.63 1 0
github.com/mrtkrcm/ZeroUI/cmd/reference_improved.go:234.2,235.31 2 0
github.com/mrtkrcm/ZeroUI/cmd/reference_improved.go:235.31,237.3 1 0
github.com/mrtkrcm/ZeroUI/cmd/reference_improved.go:238.2,240.45 2 0
github.com/mrtkrcm/ZeroUI/cmd/reference_improved.go:240.45,246.44 3 0
github.com/mrtkrcm/ZeroUI/cmd/reference_improved.go:246.44,248.4 1 0
github.com/mrtkrcm/ZeroUI/cmd/reference_improved.go:250.3,250.36 1 0
github.com/mrtkrcm/ZeroUI/cmd/reference_improved.go:250.36,252.4 1 0
github.com/mrtkrcm/ZeroUI/cmd/reference_improved.go:253.3,253.16 1 0
github.com/mrtkrcm/ZeroUI/cmd/reference_improved.go:256.2,256.12 1 0
github.com/mrtkrcm/ZeroUI/cmd/reference_improved.go:259.73,264.28 3 0
github.com/mrtkrcm/ZeroUI/cmd/reference_improved.go:264.28,266.3 1 0
github.com/mrtkrcm/ZeroUI/cmd/reference_improved.go:268.2,268.31 1 0
github.com/mrtkrcm/ZeroUI/cmd/reference_improved.go:268.31,270.3 1 0
github.com/mrtkrcm/ZeroUI/cmd/reference_improved.go:272.2,272.33 1 0
github.com/mrtkrcm/ZeroUI/cmd/reference_improved.go:272.33,274.3 1 0
github.com/mrtkrcm/ZeroUI/cmd/reference_improved.go:276.2,276.28 1 0
github.com/mrtkrcm/ZeroUI/cmd/reference_improved.go:276.28,278.3 1 0
github.com/mrtkrcm/ZeroUI/cmd/reference_improved.go:280.2,280.34 1 0
github.com/mrtkrcm/ZeroUI/cmd/reference_improved.go:280.34,282.3 1 0
github.com/mrtkrcm/ZeroUI/cmd/reference_improved.go:284.2,284.22 1 0
github.com/mrtkrcm/ZeroUI/cmd/reference_improved.go:284.22,286.3 1 0
github.com/mrtkrcm/ZeroUI/cmd/reference_improved.go:288.2,288.12 1 0
github.com/mrtkrcm/ZeroUI/cmd/reference_improved.go:291.56,294.33 2 0
github.com/mrtkrcm/ZeroUI/cmd/reference_improved.go:294.33,296.3 1 0
github.com/mrtkrcm/ZeroUI/cmd/reference_improved.go:298.2,300.31 2 0
github.com/mrtkrcm/ZeroUI/cmd/reference_improved.go:300.31,302.21 2 0
github.com/mrtkrcm/ZeroUI/cmd/reference_improved.go:302.21,304.4 1 0
github.com/mrtkrcm/ZeroUI/cmd/reference_improved.go:305.3,305.48 1 0
github.com/mrtkrcm/ZeroUI/cmd/reference_improved.go:310.46,312.24 1 0
github.com/mrtkrcm/ZeroUI/cmd/reference_improved.go:312.24,314.3 1 0
github.com/mrtkrcm/ZeroUI/cmd/reference_improved.go:315.2,315.25 1 0
github.com/mrtkrcm/ZeroUI/cmd/reference_improved.go:315.25,317.3 1 0
github.com/mrtkrcm/ZeroUI/cmd/reference_improved.go:320.2,320.55 1 0
github.com/mrtkrcm/ZeroUI/cmd/reference_improved.go:320.55,322.3 1 0
github.com/mrtkrcm/ZeroUI/cmd/reference_improved.go:325.2,325.67 1 0
github.com/mrtkrcm/ZeroUI/cmd/reference_improved.go:325.67,327.3 1 0
github.com/mrtkrcm/ZeroUI/cmd/reference_improved.go:330.2,330.17 1 0
github.com/mrtkrcm/ZeroUI/cmd/reference_improved.go:333.82,337.33 3 0
github.com/mrtkrcm/ZeroUI/cmd/reference_improved.go:337.33,339.91 2 0
github.com/mrtkrcm/ZeroUI/cmd/reference_improved.go:339.91,341.29 2 0
github.com/mrtkrcm/ZeroUI/cmd/reference_improved.go:341.29,342.10 1 0
github.com/mrtkrcm/ZeroUI/cmd/reference_improved.go:347.2,347.20 1 0
github.com/mrtkrcm/ZeroUI/cmd/root.go:35.16,44.16 4 0
github.com/mrtkrcm/ZeroUI/cmd/root.go:44.16,46.3 1 0
github.com/mrtkrcm/ZeroUI/cmd/root.go:48.2,48.15 1 0
github.com/mrtkrcm/ZeroUI/cmd/root.go:48.15,49.46 1 0
github.com/mrtkrcm/ZeroUI/cmd/root.go:49.46,51.4 1 0
github.com/mrtkrcm/ZeroUI/cmd/root.go:54.2,55.16 2 0
github.com/mrtkrcm/ZeroUI/cmd/root.go:55.16,57.3 1 0
github.com/mrtkrcm/ZeroUI/cmd/root.go:60.13,71.2 6 0
github.com/mrtkrcm/ZeroUI/cmd/root.go:74.19,75.19 1 0
github.com/mrtkrcm/ZeroUI/cmd/root.go:75.19,78.3 1 0
github.com/mrtkrcm/ZeroUI/cmd/root.go:78.8,87.3 5 0
github.com/mrtkrcm/ZeroUI/cmd/root.go:89.2,92.45 2 0
github.com/mrtkrcm/ZeroUI/cmd/root.go:92.45,93.31 1 0
github.com/mrtkrcm/ZeroUI/cmd/root.go:93.31,95.4 1 0
github.com/mrtkrcm/ZeroUI/cmd/root.go:100.42,102.2 1 0
github.com/mrtkrcm/ZeroUI/cmd/toggle.go:22.54,28.23 5 0
github.com/mrtkrcm/ZeroUI/cmd/toggle.go:28.23,30.4 1 0
github.com/mrtkrcm/ZeroUI/cmd/toggle.go:32.3,33.76 2 0
github.com/mrtkrcm/ZeroUI/cmd/toggle.go:33.76,35.51 1 0
github.com/mrtkrcm/ZeroUI/cmd/toggle.go:35.51,38.5 2 0
github.com/mrtkrcm/ZeroUI/cmd/toggle.go:39.4,39.14 1 0
github.com/mrtkrcm/ZeroUI/cmd/toggle.go:42.3,42.13 1 0
github.com/mrtkrcm/ZeroUI/cmd/toggle.go:46.13,48.2 1 0
github.com/mrtkrcm/ZeroUI/cmd/ui.go:23.54,25.20 2 0
github.com/mrtkrcm/ZeroUI/cmd/ui.go:25.20,27.4 1 0
github.com/mrtkrcm/ZeroUI/cmd/ui.go:29.3,30.17 2 0
github.com/mrtkrcm/ZeroUI/cmd/ui.go:30.17,32.4 1 0
github.com/mrtkrcm/ZeroUI/cmd/ui.go:34.3,34.20 1 0
github.com/mrtkrcm/ZeroUI/cmd/ui.go:34.20,36.4 1 0
github.com/mrtkrcm/ZeroUI/cmd/ui.go:38.3,39.17 2 0
github.com/mrtkrcm/ZeroUI/cmd/ui.go:39.17,41.4 1 0
github.com/mrtkrcm/ZeroUI/cmd/ui.go:43.3,43.22 1 0
github.com/mrtkrcm/ZeroUI/cmd/ui.go:47.13,50.2 2 0
github.com/mrtkrcm/ZeroUI/cmd/ui_improved.go:24.54,26.23 2 0
github.com/mrtkrcm/ZeroUI/cmd/ui_improved.go:26.23,28.4 1 0
github.com/mrtkrcm/ZeroUI/cmd/ui_improved.go:30.3,31.20 2 0
github.com/mrtkrcm/ZeroUI/cmd/ui_improved.go:31.20,33.4 1 0
github.com/mrtkrcm/ZeroUI/cmd/ui_improved.go:36.3,39.23 2 0
github.com/mrtkrcm/ZeroUI/cmd/ui_improved.go:39.23,43.4 1 0
github.com/mrtkrcm/ZeroUI/cmd/ui_improved.go:45.3,45.19 1 0
github.com/mrtkrcm/ZeroUI/cmd/ui_improved.go:49.13,51.2 1 0
github.com/mrtkrcm/ZeroUI/internal/atomic/operations.go:23.37,25.16 2 9
github.com/mrtkrcm/ZeroUI/internal/atomic/operations.go:25.16,27.3 1 0
github.com/mrtkrcm/ZeroUI/internal/atomic/operations.go:29.2,32.8 1 9
github.com/mrtkrcm/ZeroUI/internal/atomic/operations.go:45.62,49.13 3 14
github.com/mrtkrcm/ZeroUI/internal/atomic/operations.go:49.13,52.3 2 6
github.com/mrtkrcm/ZeroUI/internal/atomic/operations.go:53.2,63.3 3 14
github.com/mrtkrcm/ZeroUI/internal/atomic/operations.go:67.70,71.13 3 7
github.com/mrtkrcm/ZeroUI/internal/atomic/operations.go:71.13,74.3 2 3
github.com/mrtkrcm/ZeroUI/internal/atomic/operations.go:75.2,85.3 3 7
github.com/mrtkrcm/ZeroUI/internal/atomic/operations.go:89.57,90.23 1 11
github.com/mrtkrcm/ZeroUI/internal/atomic/operations.go:90.23,92.3 1 0
github.com/mrtkrcm/ZeroUI/internal/atomic/operations.go:95.2,95.56 1 11
github.com/mrtkrcm/ZeroUI/internal/atomic/operations.go:95.56,98.3 1 0
github.com/mrtkrcm/ZeroUI/internal/atomic/operations.go:100.2,101.16 2 11
github.com/mrtkrcm/ZeroUI/internal/atomic/operations.go:101.16,103.3 1 0
github.com/mrtkrcm/ZeroUI/internal/atomic/operations.go:105.2,106.12 2 11
github.com/mrtkrcm/ZeroUI/internal/atomic/operations.go:110.104,111.20 1 13
github.com/mrtkrcm/ZeroUI/internal/atomic/operations.go:111.20,113.3 1 0
github.com/mrtkrcm/ZeroUI/internal/atomic/operations.go:116.2,120.47 3 13
github.com/mrtkrcm/ZeroUI/internal/atomic/operations.go:120.47,122.3 1 0
github.com/mrtkrcm/ZeroUI/internal/atomic/operations.go:125.2,127.37 3 13
github.com/mrtkrcm/ZeroUI/internal/atomic/operations.go:127.37,129.3 1 22
github.com/mrtkrcm/ZeroUI/internal/atomic/operations.go:131.2,134.20 1 13
github.com/mrtkrcm/ZeroUI/internal/atomic/operations.go:134.20,138.3 2 0
github.com/mrtkrcm/ZeroUI/internal/atomic/operations.go:141.2,141.57 1 13
github.com/mrtkrcm/ZeroUI/internal/atomic/operations.go:141.57,145.3 2 0
github.com/mrtkrcm/ZeroUI/internal/atomic/operations.go:147.2,147.12 1 13
github.com/mrtkrcm/ZeroUI/internal/atomic/operations.go:151.31,152.20 1 9
github.com/mrtkrcm/ZeroUI/internal/atomic/operations.go:152.20,155.3 2 9
github.com/mrtkrcm/ZeroUI/internal/atomic/operations.go:162.39,163.15 1 5
github.com/mrtkrcm/ZeroUI/internal/atomic/operations.go:163.15,164.21 1 5
github.com/mrtkrcm/ZeroUI/internal/atomic/operations.go:164.21,167.4 2 5
github.com/mrtkrcm/ZeroUI/internal/atomic/operations.go:170.2,170.23 1 5
github.com/mrtkrcm/ZeroUI/internal/atomic/operations.go:170.23,173.3 1 5
github.com/mrtkrcm/ZeroUI/internal/atomic/operations.go:176.2,176.84 1 0
github.com/mrtkrcm/ZeroUI/internal/atomic/operations.go:176.84,178.3 1 0
github.com/mrtkrcm/ZeroUI/internal/atomic/operations.go:180.2,180.12 1 0
github.com/mrtkrcm/ZeroUI/internal/atomic/operations.go:192.99,193.21 1 6
github.com/mrtkrcm/ZeroUI/internal/atomic/operations.go:193.21,195.3 1 0
github.com/mrtkrcm/ZeroUI/internal/atomic/operations.go:197.2,199.16 3 6
github.com/mrtkrcm/ZeroUI/internal/atomic/operations.go:199.16,201.3 1 0
github.com/mrtkrcm/ZeroUI/internal/atomic/operations.go:203.2,203.29 1 6
github.com/mrtkrcm/ZeroUI/internal/atomic/operations.go:207.38,208.21 1 7
github.com/mrtkrcm/ZeroUI/internal/atomic/operations.go:208.21,211.3 2 7
github.com/mrtkrcm/ZeroUI/internal/atomic/operations.go:225.51,231.2 1 2
github.com/mrtkrcm/ZeroUI/internal/atomic/operations.go:234.64,238.33 3 6
github.com/mrtkrcm/ZeroUI/internal/atomic/operations.go:238.33,240.3 1 0
github.com/mrtkrcm/ZeroUI/internal/atomic/operations.go:242.2,244.11 3 6
github.com/mrtkrcm/ZeroUI/internal/atomic/operations.go:248.62,252.33 3 2
github.com/mrtkrcm/ZeroUI/internal/atomic/operations.go:252.33,254.3 1 0
github.com/mrtkrcm/ZeroUI/internal/atomic/operations.go:256.2,256.40 1 2
github.com/mrtkrcm/ZeroUI/internal/atomic/operations.go:256.40,258.3 1 0
github.com/mrtkrcm/ZeroUI/internal/atomic/operations.go:261.2,261.34 1 2
github.com/mrtkrcm/ZeroUI/internal/atomic/operations.go:261.34,262.54 1 6
github.com/mrtkrcm/ZeroUI/internal/atomic/operations.go:262.54,266.4 2 0
github.com/mrtkrcm/ZeroUI/internal/atomic/operations.go:267.3,267.24 1 6
github.com/mrtkrcm/ZeroUI/internal/atomic/operations.go:267.24,269.4 1 0
github.com/mrtkrcm/ZeroUI/internal/atomic/operations.go:272.2,272.12 1 2
github.com/mrtkrcm/ZeroUI/internal/atomic/operations.go:276.38,280.33 3 1
github.com/mrtkrcm/ZeroUI/internal/atomic/operations.go:280.33,282.3 1 0
github.com/mrtkrcm/ZeroUI/internal/atomic/operations.go:285.2,285.34 1 1
github.com/mrtkrcm/ZeroUI/internal/atomic/operations.go:285.34,287.3 1 3
github.com/mrtkrcm/ZeroUI/internal/atomic/operations.go:289.2,290.12 2 1
github.com/mrtkrcm/ZeroUI/internal/atomic/operations.go:294.40,298.33 3 1
github.com/mrtkrcm/ZeroUI/internal/atomic/operations.go:298.33,300.3 1 0
github.com/mrtkrcm/ZeroUI/internal/atomic/operations.go:302.2,302.29 1 1
github.com/mrtkrcm/ZeroUI/internal/atomic/operations.go:306.48,310.46 2 1
github.com/mrtkrcm/ZeroUI/internal/atomic/operations.go:310.46,311.52 1 3
github.com/mrtkrcm/ZeroUI/internal/atomic/operations.go:311.52,313.4 1 0
github.com/mrtkrcm/ZeroUI/internal/atomic/operations.go:316.2,317.18 2 1
github.com/mrtkrcm/ZeroUI/internal/atomic/operations.go:327.68,331.2 1 3
github.com/mrtkrcm/ZeroUI/internal/atomic/operations.go:334.89,336.71 1 3
github.com/mrtkrcm/ZeroUI/internal/atomic/operations.go:336.71,339.3 2 0
github.com/mrtkrcm/ZeroUI/internal/atomic/operations.go:342.2,342.15 1 3
github.com/mrtkrcm/ZeroUI/internal/atomic/operations.go:342.15,343.31 1 3
github.com/mrtkrcm/ZeroUI/internal/atomic/operations.go:343.31,346.4 2 0
github.com/mrtkrcm/ZeroUI/internal/atomic/operations.go:346.9,346.41 1 3
github.com/mrtkrcm/ZeroUI/internal/atomic/operations.go:346.41,348.4 1 1
github.com/mrtkrcm/ZeroUI/internal/atomic/operations.go:352.2,353.16 2 3
github.com/mrtkrcm/ZeroUI/internal/atomic/operations.go:353.16,355.3 1 1
github.com/mrtkrcm/ZeroUI/internal/atomic/operations.go:358.2,360.12 3 2
github.com/mrtkrcm/ZeroUI/internal/atomic/operations.go:369.45,371.16 2 1
github.com/mrtkrcm/ZeroUI/internal/atomic/operations.go:371.16,373.3 1 0
github.com/mrtkrcm/ZeroUI/internal/atomic/operations.go:375.2,377.8 1 1
github.com/mrtkrcm/ZeroUI/internal/atomic/operations.go:381.77,386.2 3 1
github.com/mrtkrcm/ZeroUI/internal/atomic/operations.go:389.104,392.2 2 1
github.com/mrtkrcm/ZeroUI/internal/atomic/operations.go:395.116,396.37 1 0
github.com/mrtkrcm/ZeroUI/internal/atomic/operations.go:396.37,398.3 1 0
github.com/mrtkrcm/ZeroUI/internal/atomic/operations.go:400.2,404.37 3 0
github.com/mrtkrcm/ZeroUI/internal/atomic/operations.go:404.37,406.3 1 0
github.com/mrtkrcm/ZeroUI/internal/atomic/operations.go:409.2,409.51 1 0
github.com/mrtkrcm/ZeroUI/internal/atomic/operations.go:409.51,412.3 2 0
github.com/mrtkrcm/ZeroUI/internal/atomic/operations.go:415.2,416.16 2 0
github.com/mrtkrcm/ZeroUI/internal/atomic/operations.go:416.16,419.3 2 0
github.com/mrtkrcm/ZeroUI/internal/atomic/operations.go:422.2,422.20 1 0
github.com/mrtkrcm/ZeroUI/internal/atomic/operations.go:426.39,428.23 1 1
github.com/mrtkrcm/ZeroUI/internal/atomic/operations.go:428.23,430.3 1 0
github.com/mrtkrcm/ZeroUI/internal/atomic/operations.go:433.2,433.33 1 1
github.com/mrtkrcm/ZeroUI/internal/atomic/operations.go:437.50,445.2 3 1
github.com/mrtkrcm/ZeroUI/internal/logger/logger.go:25.30,32.2 1 0
github.com/mrtkrcm/ZeroUI/internal/logger/logger.go:35.34,36.19 1 0
github.com/mrtkrcm/ZeroUI/internal/logger/logger.go:36.19,38.3 1 0
github.com/mrtkrcm/ZeroUI/internal/logger/logger.go:41.2,42.16 2 0
github.com/mrtkrcm/ZeroUI/internal/logger/logger.go:42.16,44.3 1 0
github.com/mrtkrcm/ZeroUI/internal/logger/logger.go:45.2,49.32 3 0
github.com/mrtkrcm/ZeroUI/internal/logger/logger.go:49.32,55.3 2 0
github.com/mrtkrcm/ZeroUI/internal/logger/logger.go:55.8,57.3 1 0
github.com/mrtkrcm/ZeroUI/internal/logger/logger.go:59.2,61.3 1 0
github.com/mrtkrcm/ZeroUI/internal/logger/logger.go:65.69,67.33 2 0
github.com/mrtkrcm/ZeroUI/internal/logger/logger.go:67.33,69.3 1 0
github.com/mrtkrcm/ZeroUI/internal/logger/logger.go:70.2,72.3 1 0
github.com/mrtkrcm/ZeroUI/internal/logger/logger.go:76.46,80.2 1 0
github.com/mrtkrcm/ZeroUI/internal/logger/logger.go:83.50,87.2 1 0
github.com/mrtkrcm/ZeroUI/internal/logger/logger.go:90.70,94.2 3 0
github.com/mrtkrcm/ZeroUI/internal/logger/logger.go:97.69,101.2 3 0
github.com/mrtkrcm/ZeroUI/internal/logger/logger.go:104.69,108.2 3 0
github.com/mrtkrcm/ZeroUI/internal/logger/logger.go:111.81,113.16 2 0
github.com/mrtkrcm/ZeroUI/internal/logger/logger.go:113.16,115.3 1 0
github.com/mrtkrcm/ZeroUI/internal/logger/logger.go:116.2,117.16 2 0
github.com/mrtkrcm/ZeroUI/internal/logger/logger.go:121.81,123.16 2 0
github.com/mrtkrcm/ZeroUI/internal/logger/logger.go:123.16,125.3 1 0
github.com/mrtkrcm/ZeroUI/internal/logger/logger.go:126.2,127.16 2 0
github.com/mrtkrcm/ZeroUI/internal/logger/logger.go:131.72,135.2 3 0
github.com/mrtkrcm/ZeroUI/internal/logger/logger.go:138.84,139.34 1 0
github.com/mrtkrcm/ZeroUI/internal/logger/logger.go:139.34,140.36 1 0
github.com/mrtkrcm/ZeroUI/internal/logger/logger.go:140.36,142.4 1 0
github.com/mrtkrcm/ZeroUI/internal/logger/logger.go:150.33,152.2 1 0
github.com/mrtkrcm/ZeroUI/internal/logger/logger.go:155.23,156.19 1 0
github.com/mrtkrcm/ZeroUI/internal/logger/logger.go:156.19,158.3 1 0
github.com/mrtkrcm/ZeroUI/internal/logger/logger.go:159.2,159.15 1 0
github.com/mrtkrcm/ZeroUI/internal/logger/logger.go:163.58,165.2 1 0
github.com/mrtkrcm/ZeroUI/internal/logger/logger.go:167.57,169.2 1 0
github.com/mrtkrcm/ZeroUI/internal/logger/logger.go:171.57,173.2 1 0
github.com/mrtkrcm/ZeroUI/internal/logger/logger.go:175.69,177.2 1 0
github.com/mrtkrcm/ZeroUI/internal/logger/logger.go:179.69,181.2 1 0
github.com/mrtkrcm/ZeroUI/internal/logger/logger.go:183.60,185.2 1 0
github.com/mrtkrcm/ZeroUI/internal/logger/logger.go:187.34,189.2 1 0
github.com/mrtkrcm/ZeroUI/internal/logger/logger.go:191.38,193.2 1 0
github.com/mrtkrcm/ZeroUI/internal/logger/logger.go:195.57,197.2 1 0
github.com/mrtkrcm/ZeroUI/internal/container/container.go:28.30,33.2 1 0
github.com/mrtkrcm/ZeroUI/internal/container/container.go:36.43,37.16 1 0
github.com/mrtkrcm/ZeroUI/internal/container/container.go:37.16,39.3 1 0
github.com/mrtkrcm/ZeroUI/internal/container/container.go:41.2,56.16 6 0
github.com/mrtkrcm/ZeroUI/internal/container/container.go:56.16,58.3 1 0
github.com/mrtkrcm/ZeroUI/internal/container/container.go:59.2,67.15 4 0
github.com/mrtkrcm/ZeroUI/internal/container/container.go:71.45,73.2 1 0
github.com/mrtkrcm/ZeroUI/internal/container/container.go:76.51,78.2 1 0
github.com/mrtkrcm/ZeroUI/internal/container/container.go:81.51,83.2 1 0
github.com/mrtkrcm/ZeroUI/internal/container/container.go:86.60,88.2 1 0
github.com/mrtkrcm/ZeroUI/internal/container/container.go:91.35,94.2 1 0
github.com/mrtkrcm/ZeroUI/internal/config/custom_parser.go:14.66,18.16 3 12
github.com/mrtkrcm/ZeroUI/internal/config/custom_parser.go:18.16,20.3 1 1
github.com/mrtkrcm/ZeroUI/internal/config/custom_parser.go:21.2,24.21 3 11
github.com/mrtkrcm/ZeroUI/internal/config/custom_parser.go:24.21,28.49 2 85
github.com/mrtkrcm/ZeroUI/internal/config/custom_parser.go:28.49,29.12 1 21
github.com/mrtkrcm/ZeroUI/internal/config/custom_parser.go:33.3,34.22 2 64
github.com/mrtkrcm/ZeroUI/internal/config/custom_parser.go:34.22,35.12 1 1
github.com/mrtkrcm/ZeroUI/internal/config/custom_parser.go:38.3,42.46 3 63
github.com/mrtkrcm/ZeroUI/internal/config/custom_parser.go:42.46,44.32 1 15
github.com/mrtkrcm/ZeroUI/internal/config/custom_parser.go:45.18,46.33 1 6
github.com/mrtkrcm/ZeroUI/internal/config/custom_parser.go:47.16,48.35 1 8
github.com/mrtkrcm/ZeroUI/internal/config/custom_parser.go:49.12,50.47 1 1
github.com/mrtkrcm/ZeroUI/internal/config/custom_parser.go:52.9,54.4 1 48
github.com/mrtkrcm/ZeroUI/internal/config/custom_parser.go:57.2,57.38 1 11
github.com/mrtkrcm/ZeroUI/internal/config/custom_parser.go:57.38,59.3 1 0
github.com/mrtkrcm/ZeroUI/internal/config/custom_parser.go:61.2,61.15 1 11
github.com/mrtkrcm/ZeroUI/internal/config/custom_parser.go:65.87,68.16 2 8
github.com/mrtkrcm/ZeroUI/internal/config/custom_parser.go:68.16,71.3 1 5
github.com/mrtkrcm/ZeroUI/internal/config/custom_parser.go:74.2,77.37 3 3
github.com/mrtkrcm/ZeroUI/internal/config/custom_parser.go:77.37,81.55 2 27
github.com/mrtkrcm/ZeroUI/internal/config/custom_parser.go:81.55,83.12 2 6
github.com/mrtkrcm/ZeroUI/internal/config/custom_parser.go:87.3,88.22 2 21
github.com/mrtkrcm/ZeroUI/internal/config/custom_parser.go:88.22,90.12 2 0
github.com/mrtkrcm/ZeroUI/internal/config/custom_parser.go:93.3,96.20 2 21
github.com/mrtkrcm/ZeroUI/internal/config/custom_parser.go:96.20,100.46 2 14
github.com/mrtkrcm/ZeroUI/internal/config/custom_parser.go:100.46,102.5 1 3
github.com/mrtkrcm/ZeroUI/internal/config/custom_parser.go:105.4,105.29 1 14
github.com/mrtkrcm/ZeroUI/internal/config/custom_parser.go:106.18,107.27 1 4
github.com/mrtkrcm/ZeroUI/internal/config/custom_parser.go:107.27,109.6 1 8
github.com/mrtkrcm/ZeroUI/internal/config/custom_parser.go:110.23,111.27 1 0
github.com/mrtkrcm/ZeroUI/internal/config/custom_parser.go:111.27,113.6 1 0
github.com/mrtkrcm/ZeroUI/internal/config/custom_parser.go:114.12,115.64 1 10
github.com/mrtkrcm/ZeroUI/internal/config/custom_parser.go:118.4,118.29 1 14
github.com/mrtkrcm/ZeroUI/internal/config/custom_parser.go:119.9,122.4 1 7
github.com/mrtkrcm/ZeroUI/internal/config/custom_parser.go:126.2,126.34 1 3
github.com/mrtkrcm/ZeroUI/internal/config/custom_parser.go:126.34,127.26 1 14
github.com/mrtkrcm/ZeroUI/internal/config/custom_parser.go:127.26,128.29 1 2
github.com/mrtkrcm/ZeroUI/internal/config/custom_parser.go:129.18,130.27 1 0
github.com/mrtkrcm/ZeroUI/internal/config/custom_parser.go:130.27,132.6 1 0
github.com/mrtkrcm/ZeroUI/internal/config/custom_parser.go:133.23,134.27 1 0
github.com/mrtkrcm/ZeroUI/internal/config/custom_parser.go:134.27,136.6 1 0
github.com/mrtkrcm/ZeroUI/internal/config/custom_parser.go:137.12,138.64 1 2
github.com/mrtkrcm/ZeroUI/internal/config/custom_parser.go:144.2,145.16 2 3
github.com/mrtkrcm/ZeroUI/internal/config/custom_parser.go:145.16,147.3 1 0
github.com/mrtkrcm/ZeroUI/internal/config/custom_parser.go:148.2,151.30 3 3
github.com/mrtkrcm/ZeroUI/internal/config/custom_parser.go:151.30,152.60 1 36
github.com/mrtkrcm/ZeroUI/internal/config/custom_parser.go:152.60,154.4 1 0
github.com/mrtkrcm/ZeroUI/internal/config/custom_parser.go:157.2,157.23 1 3
github.com/mrtkrcm/ZeroUI/internal/config/custom_parser.go:161.89,163.16 2 8
github.com/mrtkrcm/ZeroUI/internal/config/custom_parser.go:163.16,165.3 1 5
github.com/mrtkrcm/ZeroUI/internal/config/custom_parser.go:166.2,175.21 7 3
github.com/mrtkrcm/ZeroUI/internal/config/custom_parser.go:175.21,180.38 4 27
github.com/mrtkrcm/ZeroUI/internal/config/custom_parser.go:180.38,182.4 1 4
github.com/mrtkrcm/ZeroUI/internal/config/custom_parser.go:182.9,182.48 1 23
github.com/mrtkrcm/ZeroUI/internal/config/custom_parser.go:182.48,185.4 2 4
github.com/mrtkrcm/ZeroUI/internal/config/custom_parser.go:187.3,187.12 1 27
github.com/mrtkrcm/ZeroUI/internal/config/custom_parser.go:190.2,190.39 1 3
github.com/mrtkrcm/ZeroUI/internal/config/custom_parser.go:194.69,197.47 2 5
github.com/mrtkrcm/ZeroUI/internal/config/custom_parser.go:197.47,199.3 1 1
github.com/mrtkrcm/ZeroUI/internal/config/custom_parser.go:201.2,202.16 2 4
github.com/mrtkrcm/ZeroUI/internal/config/custom_parser.go:202.16,204.3 1 0
github.com/mrtkrcm/ZeroUI/internal/config/custom_parser.go:205.2,223.41 6 4
github.com/mrtkrcm/ZeroUI/internal/config/custom_parser.go:223.41,226.28 2 20
github.com/mrtkrcm/ZeroUI/internal/config/custom_parser.go:226.28,227.21 1 72
github.com/mrtkrcm/ZeroUI/internal/config/custom_parser.go:227.21,229.30 2 8
github.com/mrtkrcm/ZeroUI/internal/config/custom_parser.go:230.19,231.28 1 1
github.com/mrtkrcm/ZeroUI/internal/config/custom_parser.go:231.28,233.7 1 3
github.com/mrtkrcm/ZeroUI/internal/config/custom_parser.go:234.24,235.28 1 0
github.com/mrtkrcm/ZeroUI/internal/config/custom_parser.go:235.28,237.7 1 0
github.com/mrtkrcm/ZeroUI/internal/config/custom_parser.go:238.13,239.62 1 7
github.com/mrtkrcm/ZeroUI/internal/config/custom_parser.go:243.3,243.27 1 20
github.com/mrtkrcm/ZeroUI/internal/config/custom_parser.go:247.2,248.34 2 4
github.com/mrtkrcm/ZeroUI/internal/config/custom_parser.go:248.34,249.28 1 20
github.com/mrtkrcm/ZeroUI/internal/config/custom_parser.go:249.28,251.4 1 72
github.com/mrtkrcm/ZeroUI/internal/config/custom_parser.go:254.2,255.34 2 4
github.com/mrtkrcm/ZeroUI/internal/config/custom_parser.go:255.34,256.28 1 13
github.com/mrtkrcm/ZeroUI/internal/config/custom_parser.go:256.28,257.29 1 5
github.com/mrtkrcm/ZeroUI/internal/config/custom_parser.go:258.18,259.27 1 1
github.com/mrtkrcm/ZeroUI/internal/config/custom_parser.go:259.27,261.6 1 3
github.com/mrtkrcm/ZeroUI/internal/config/custom_parser.go:262.23,263.27 1 0
github.com/mrtkrcm/ZeroUI/internal/config/custom_parser.go:263.27,265.6 1 0
github.com/mrtkrcm/ZeroUI/internal/config/custom_parser.go:266.12,267.61 1 4
github.com/mrtkrcm/ZeroUI/internal/config/custom_parser.go:272.2,272.23 1 4
github.com/mrtkrcm/ZeroUI/internal/config/loader.go:23.35,25.16 2 9
github.com/mrtkrcm/ZeroUI/internal/config/loader.go:25.16,27.3 1 1
github.com/mrtkrcm/ZeroUI/internal/config/loader.go:29.2,30.53 2 8
github.com/mrtkrcm/ZeroUI/internal/config/loader.go:30.53,32.3 1 0
github.com/mrtkrcm/ZeroUI/internal/config/loader.go:34.2,36.8 1 8
github.com/mrtkrcm/ZeroUI/internal/config/loader.go:40.43,42.2 1 5
github.com/mrtkrcm/ZeroUI/internal/config/loader.go:73.68,76.55 2 5
github.com/mrtkrcm/ZeroUI/internal/config/loader.go:76.55,78.3 1 2
github.com/mrtkrcm/ZeroUI/internal/config/loader.go:80.2,81.16 2 3
github.com/mrtkrcm/ZeroUI/internal/config/loader.go:81.16,83.3 1 0
github.com/mrtkrcm/ZeroUI/internal/config/loader.go:85.2,86.56 2 3
github.com/mrtkrcm/ZeroUI/internal/config/loader.go:86.56,88.3 1 1
github.com/mrtkrcm/ZeroUI/internal/config/loader.go:90.2,91.21 2 2
github.com/mrtkrcm/ZeroUI/internal/config/loader.go:95.47,99.24 3 4
github.com/mrtkrcm/ZeroUI/internal/config/loader.go:99.24,101.3 1 1
github.com/mrtkrcm/ZeroUI/internal/config/loader.go:102.2,102.16 1 3
github.com/mrtkrcm/ZeroUI/internal/config/loader.go:102.16,104.3 1 0
github.com/mrtkrcm/ZeroUI/internal/config/loader.go:106.2,107.32 2 3
github.com/mrtkrcm/ZeroUI/internal/config/loader.go:107.32,108.65 1 5
github.com/mrtkrcm/ZeroUI/internal/config/loader.go:108.65,111.4 2 5
github.com/mrtkrcm/ZeroUI/internal/config/loader.go:114.2,114.18 1 3
github.com/mrtkrcm/ZeroUI/internal/config/loader.go:118.79,121.40 2 21
github.com/mrtkrcm/ZeroUI/internal/config/loader.go:121.40,123.17 2 1
github.com/mrtkrcm/ZeroUI/internal/config/loader.go:123.17,125.4 1 0
github.com/mrtkrcm/ZeroUI/internal/config/loader.go:126.3,126.51 1 1
github.com/mrtkrcm/ZeroUI/internal/config/loader.go:129.2,133.43 3 21
github.com/mrtkrcm/ZeroUI/internal/config/loader.go:134.14,135.25 1 8
github.com/mrtkrcm/ZeroUI/internal/config/loader.go:136.21,137.25 1 4
github.com/mrtkrcm/ZeroUI/internal/config/loader.go:138.14,139.25 1 3
github.com/mrtkrcm/ZeroUI/internal/config/loader.go:140.16,142.40 1 3
github.com/mrtkrcm/ZeroUI/internal/config/loader.go:143.10,146.14 2 3
github.com/mrtkrcm/ZeroUI/internal/config/loader.go:147.16,148.26 1 2
github.com/mrtkrcm/ZeroUI/internal/config/loader.go:149.24,150.26 1 0
github.com/mrtkrcm/ZeroUI/internal/config/loader.go:151.16,152.26 1 0
github.com/mrtkrcm/ZeroUI/internal/config/loader.go:153.11,154.77 1 1
github.com/mrtkrcm/ZeroUI/internal/config/loader.go:158.2,158.66 1 17
github.com/mrtkrcm/ZeroUI/internal/config/loader.go:158.66,160.3 1 5
github.com/mrtkrcm/ZeroUI/internal/config/loader.go:162.2,162.15 1 12
github.com/mrtkrcm/ZeroUI/internal/config/loader.go:166.79,168.40 2 11
github.com/mrtkrcm/ZeroUI/internal/config/loader.go:168.40,170.17 2 0
github.com/mrtkrcm/ZeroUI/internal/config/loader.go:170.17,172.4 1 0
github.com/mrtkrcm/ZeroUI/internal/config/loader.go:173.3,173.51 1 0
github.com/mrtkrcm/ZeroUI/internal/config/loader.go:177.2,178.47 2 11
github.com/mrtkrcm/ZeroUI/internal/config/loader.go:178.47,179.58 1 4
github.com/mrtkrcm/ZeroUI/internal/config/loader.go:179.58,181.4 1 0
github.com/mrtkrcm/ZeroUI/internal/config/loader.go:184.2,187.43 3 11
github.com/mrtkrcm/ZeroUI/internal/config/loader.go:188.14,189.39 1 3
github.com/mrtkrcm/ZeroUI/internal/config/loader.go:190.21,191.39 1 3
github.com/mrtkrcm/ZeroUI/internal/config/loader.go:192.14,193.39 1 1
github.com/mrtkrcm/ZeroUI/internal/config/loader.go:194.16,195.43 1 3
github.com/mrtkrcm/ZeroUI/internal/config/loader.go:196.10,198.14 2 1
github.com/mrtkrcm/ZeroUI/internal/config/loader.go:199.16,200.40 1 0
github.com/mrtkrcm/ZeroUI/internal/config/loader.go:201.24,202.40 1 0
github.com/mrtkrcm/ZeroUI/internal/config/loader.go:203.16,204.40 1 0
github.com/mrtkrcm/ZeroUI/internal/config/loader.go:205.11,206.72 1 1
github.com/mrtkrcm/ZeroUI/internal/config/loader.go:210.2,210.16 1 7
github.com/mrtkrcm/ZeroUI/internal/config/loader.go:210.16,212.3 1 0
github.com/mrtkrcm/ZeroUI/internal/config/loader.go:214.2,214.61 1 7
github.com/mrtkrcm/ZeroUI/internal/config/loader.go:214.61,216.3 1 0
github.com/mrtkrcm/ZeroUI/internal/config/loader.go:218.2,218.12 1 7
github.com/mrtkrcm/ZeroUI/internal/config/loader.go:222.76,225.2 1 3
github.com/mrtkrcm/ZeroUI/internal/config/loader.go:228.76,231.2 1 3
github.com/mrtkrcm/ZeroUI/internal/config/loader.go:234.38,236.16 2 4
github.com/mrtkrcm/ZeroUI/internal/config/loader.go:236.16,238.3 1 0
github.com/mrtkrcm/ZeroUI/internal/config/loader.go:239.2,239.38 1 4
github.com/mrtkrcm/ZeroUI/internal/plugins/builtin/ghostty.go:17.40,19.2 1 8
github.com/mrtkrcm/ZeroUI/internal/plugins/builtin/ghostty.go:22.39,24.2 1 1
github.com/mrtkrcm/ZeroUI/internal/plugins/builtin/ghostty.go:27.46,29.2 1 2
github.com/mrtkrcm/ZeroUI/internal/plugins/builtin/ghostty.go:32.60,34.16 2 3
github.com/mrtkrcm/ZeroUI/internal/plugins/builtin/ghostty.go:34.16,36.3 1 0
github.com/mrtkrcm/ZeroUI/internal/plugins/builtin/ghostty.go:39.2,44.29 2 3
github.com/mrtkrcm/ZeroUI/internal/plugins/builtin/ghostty.go:44.29,45.42 1 5
github.com/mrtkrcm/ZeroUI/internal/plugins/builtin/ghostty.go:45.42,47.4 1 2
github.com/mrtkrcm/ZeroUI/internal/plugins/builtin/ghostty.go:51.2,51.65 1 1
github.com/mrtkrcm/ZeroUI/internal/plugins/builtin/ghostty.go:55.88,57.16 2 6
github.com/mrtkrcm/ZeroUI/internal/plugins/builtin/ghostty.go:57.16,59.3 1 1
github.com/mrtkrcm/ZeroUI/internal/plugins/builtin/ghostty.go:60.2,65.21 4 5
github.com/mrtkrcm/ZeroUI/internal/plugins/builtin/ghostty.go:65.21,69.49 2 29
github.com/mrtkrcm/ZeroUI/internal/plugins/builtin/ghostty.go:69.49,70.12 1 9
github.com/mrtkrcm/ZeroUI/internal/plugins/builtin/ghostty.go:74.3,75.22 2 20
github.com/mrtkrcm/ZeroUI/internal/plugins/builtin/ghostty.go:75.22,76.12 1 2
github.com/mrtkrcm/ZeroUI/internal/plugins/builtin/ghostty.go:79.3,83.46 3 18
github.com/mrtkrcm/ZeroUI/internal/plugins/builtin/ghostty.go:83.46,85.32 1 3
github.com/mrtkrcm/ZeroUI/internal/plugins/builtin/ghostty.go:86.18,87.35 1 1
github.com/mrtkrcm/ZeroUI/internal/plugins/builtin/ghostty.go:88.16,89.37 1 2
github.com/mrtkrcm/ZeroUI/internal/plugins/builtin/ghostty.go:91.9,93.4 1 15
github.com/mrtkrcm/ZeroUI/internal/plugins/builtin/ghostty.go:96.2,96.38 1 5
github.com/mrtkrcm/ZeroUI/internal/plugins/builtin/ghostty.go:96.38,98.3 1 0
github.com/mrtkrcm/ZeroUI/internal/plugins/builtin/ghostty.go:100.2,100.20 1 5
github.com/mrtkrcm/ZeroUI/internal/plugins/builtin/ghostty.go:104.93,107.16 2 3
github.com/mrtkrcm/ZeroUI/internal/plugins/builtin/ghostty.go:107.16,110.3 1 3
github.com/mrtkrcm/ZeroUI/internal/plugins/builtin/ghostty.go:113.2,117.16 3 0
github.com/mrtkrcm/ZeroUI/internal/plugins/builtin/ghostty.go:117.16,119.3 1 0
github.com/mrtkrcm/ZeroUI/internal/plugins/builtin/ghostty.go:120.2,123.36 3 0
github.com/mrtkrcm/ZeroUI/internal/plugins/builtin/ghostty.go:123.36,124.60 1 0
github.com/mrtkrcm/ZeroUI/internal/plugins/builtin/ghostty.go:124.60,126.4 1 0
github.com/mrtkrcm/ZeroUI/internal/plugins/builtin/ghostty.go:129.2,129.23 1 0
github.com/mrtkrcm/ZeroUI/internal/plugins/builtin/ghostty.go:133.73,186.2 1 18
github.com/mrtkrcm/ZeroUI/internal/plugins/builtin/ghostty.go:189.64,241.2 1 1
github.com/mrtkrcm/ZeroUI/internal/plugins/builtin/ghostty.go:244.78,248.13 3 17
github.com/mrtkrcm/ZeroUI/internal/plugins/builtin/ghostty.go:248.13,251.3 1 1
github.com/mrtkrcm/ZeroUI/internal/plugins/builtin/ghostty.go:254.2,254.24 1 16
github.com/mrtkrcm/ZeroUI/internal/plugins/builtin/ghostty.go:255.16,256.23 1 2
github.com/mrtkrcm/ZeroUI/internal/plugins/builtin/ghostty.go:257.28,257.28 0 1
github.com/mrtkrcm/ZeroUI/internal/plugins/builtin/ghostty.go:259.15,259.15 0 1
github.com/mrtkrcm/ZeroUI/internal/plugins/builtin/ghostty.go:262.11,263.72 1 0
github.com/mrtkrcm/ZeroUI/internal/plugins/builtin/ghostty.go:265.16,267.32 2 14
github.com/mrtkrcm/ZeroUI/internal/plugins/builtin/ghostty.go:267.32,269.48 2 14
github.com/mrtkrcm/ZeroUI/internal/plugins/builtin/ghostty.go:269.48,270.31 1 57
github.com/mrtkrcm/ZeroUI/internal/plugins/builtin/ghostty.go:270.31,272.11 2 11
github.com/mrtkrcm/ZeroUI/internal/plugins/builtin/ghostty.go:275.4,275.14 1 14
github.com/mrtkrcm/ZeroUI/internal/plugins/builtin/ghostty.go:275.14,277.5 1 3
github.com/mrtkrcm/ZeroUI/internal/plugins/builtin/ghostty.go:281.2,281.12 1 13
github.com/mrtkrcm/ZeroUI/internal/plugins/builtin/ghostty.go:285.54,290.2 1 1
github.com/mrtkrcm/ZeroUI/internal/plugins/builtin/ghostty.go:293.78,295.16 2 3
github.com/mrtkrcm/ZeroUI/internal/plugins/builtin/ghostty.go:295.16,297.3 1 3
github.com/mrtkrcm/ZeroUI/internal/plugins/builtin/ghostty.go:298.2,302.21 4 0
github.com/mrtkrcm/ZeroUI/internal/plugins/builtin/ghostty.go:302.21,304.3 1 0
github.com/mrtkrcm/ZeroUI/internal/plugins/builtin/ghostty.go:306.2,306.29 1 0
github.com/mrtkrcm/ZeroUI/internal/plugins/builtin/ghostty.go:310.99,314.29 3 0
github.com/mrtkrcm/ZeroUI/internal/plugins/builtin/ghostty.go:314.29,318.55 2 0
github.com/mrtkrcm/ZeroUI/internal/plugins/builtin/ghostty.go:318.55,320.12 2 0
github.com/mrtkrcm/ZeroUI/internal/plugins/builtin/ghostty.go:324.3,325.22 2 0
github.com/mrtkrcm/ZeroUI/internal/plugins/builtin/ghostty.go:325.22,327.12 2 0
github.com/mrtkrcm/ZeroUI/internal/plugins/builtin/ghostty.go:330.3,333.46 2 0
github.com/mrtkrcm/ZeroUI/internal/plugins/builtin/ghostty.go:333.46,334.32 1 0
github.com/mrtkrcm/ZeroUI/internal/plugins/builtin/ghostty.go:335.18,337.27 1 0
github.com/mrtkrcm/ZeroUI/internal/plugins/builtin/ghostty.go:337.27,339.6 1 0
github.com/mrtkrcm/ZeroUI/internal/plugins/builtin/ghostty.go:340.12,341.67 1 0
github.com/mrtkrcm/ZeroUI/internal/plugins/builtin/ghostty.go:343.4,343.23 1 0
github.com/mrtkrcm/ZeroUI/internal/plugins/builtin/ghostty.go:344.9,347.4 1 0
github.com/mrtkrcm/ZeroUI/internal/plugins/builtin/ghostty.go:351.2,351.33 1 0
github.com/mrtkrcm/ZeroUI/internal/plugins/builtin/ghostty.go:351.33,352.20 1 0
github.com/mrtkrcm/ZeroUI/internal/plugins/builtin/ghostty.go:352.20,353.29 1 0
github.com/mrtkrcm/ZeroUI/internal/plugins/builtin/ghostty.go:354.18,355.27 1 0
github.com/mrtkrcm/ZeroUI/internal/plugins/builtin/ghostty.go:355.27,357.6 1 0
github.com/mrtkrcm/ZeroUI/internal/plugins/builtin/ghostty.go:358.12,359.64 1 0
github.com/mrtkrcm/ZeroUI/internal/plugins/builtin/ghostty.go:364.2,364.15 1 0
github.com/mrtkrcm/ZeroUI/internal/plugins/builtin/ghostty.go:368.96,371.47 2 3
github.com/mrtkrcm/ZeroUI/internal/plugins/builtin/ghostty.go:371.47,373.3 1 0
github.com/mrtkrcm/ZeroUI/internal/plugins/builtin/ghostty.go:375.2,376.16 2 3
github.com/mrtkrcm/ZeroUI/internal/plugins/builtin/ghostty.go:376.16,378.3 1 0
github.com/mrtkrcm/ZeroUI/internal/plugins/builtin/ghostty.go:379.2,388.33 5 3
github.com/mrtkrcm/ZeroUI/internal/plugins/builtin/ghostty.go:388.33,389.28 1 11
github.com/mrtkrcm/ZeroUI/internal/plugins/builtin/ghostty.go:390.17,391.26 1 2
github.com/mrtkrcm/ZeroUI/internal/plugins/builtin/ghostty.go:391.26,393.5 1 5
github.com/mrtkrcm/ZeroUI/internal/plugins/builtin/ghostty.go:394.11,395.60 1 9
github.com/mrtkrcm/ZeroUI/internal/plugins/builtin/ghostty.go:399.2,399.23 1 3
github.com/mrtkrcm/ZeroUI/internal/errors/enhanced.go:22.35,23.11 1 0
github.com/mrtkrcm/ZeroUI/internal/errors/enhanced.go:24.12,25.16 1 0
github.com/mrtkrcm/ZeroUI/internal/errors/enhanced.go:26.15,27.19 1 0
github.com/mrtkrcm/ZeroUI/internal/errors/enhanced.go:28.13,29.17 1 0
github.com/mrtkrcm/ZeroUI/internal/errors/enhanced.go:30.16,31.20 1 0
github.com/mrtkrcm/ZeroUI/internal/errors/enhanced.go:32.10,33.19 1 0
github.com/mrtkrcm/ZeroUI/internal/errors/enhanced.go:38.34,39.11 1 0
github.com/mrtkrcm/ZeroUI/internal/errors/enhanced.go:40.12,41.20 1 0
github.com/mrtkrcm/ZeroUI/internal/errors/enhanced.go:42.15,43.20 1 0
github.com/mrtkrcm/ZeroUI/internal/errors/enhanced.go:44.13,45.20 1 0
github.com/mrtkrcm/ZeroUI/internal/errors/enhanced.go:46.16,47.20 1 0
github.com/mrtkrcm/ZeroUI/internal/errors/enhanced.go:48.10,49.19 1 0
github.com/mrtkrcm/ZeroUI/internal/errors/enhanced.go:54.26,56.2 1 0
github.com/mrtkrcm/ZeroUI/internal/errors/enhanced.go:61.58,64.2 2 0
github.com/mrtkrcm/ZeroUI/internal/errors/enhanced.go:67.67,71.2 3 0
github.com/mrtkrcm/ZeroUI/internal/errors/enhanced.go:74.68,77.2 2 0
github.com/mrtkrcm/ZeroUI/internal/errors/enhanced.go:80.67,83.2 2 0
github.com/mrtkrcm/ZeroUI/internal/errors/enhanced.go:86.67,87.22 1 0
github.com/mrtkrcm/ZeroUI/internal/errors/enhanced.go:87.22,89.3 1 0
github.com/mrtkrcm/ZeroUI/internal/errors/enhanced.go:90.2,91.10 2 0
github.com/mrtkrcm/ZeroUI/internal/errors/enhanced.go:95.47,106.18 5 0
github.com/mrtkrcm/ZeroUI/internal/errors/enhanced.go:106.18,108.17 2 0
github.com/mrtkrcm/ZeroUI/internal/errors/enhanced.go:108.17,110.20 2 0
github.com/mrtkrcm/ZeroUI/internal/errors/enhanced.go:110.20,112.5 1 0
github.com/mrtkrcm/ZeroUI/internal/errors/enhanced.go:114.3,114.34 1 0
github.com/mrtkrcm/ZeroUI/internal/errors/enhanced.go:118.2,118.51 1 0
github.com/mrtkrcm/ZeroUI/internal/errors/enhanced.go:118.51,120.18 2 0
github.com/mrtkrcm/ZeroUI/internal/errors/enhanced.go:120.18,122.4 1 0
github.com/mrtkrcm/ZeroUI/internal/errors/enhanced.go:123.3,123.20 1 0
github.com/mrtkrcm/ZeroUI/internal/errors/enhanced.go:123.20,125.4 1 0
github.com/mrtkrcm/ZeroUI/internal/errors/enhanced.go:126.3,126.20 1 0
github.com/mrtkrcm/ZeroUI/internal/errors/enhanced.go:126.20,128.4 1 0
github.com/mrtkrcm/ZeroUI/internal/errors/enhanced.go:129.3,129.33 1 0
github.com/mrtkrcm/ZeroUI/internal/errors/enhanced.go:133.2,133.36 1 0
github.com/mrtkrcm/ZeroUI/internal/errors/enhanced.go:133.36,135.3 1 0
github.com/mrtkrcm/ZeroUI/internal/errors/enhanced.go:138.2,138.20 1 0
github.com/mrtkrcm/ZeroUI/internal/errors/enhanced.go:138.20,140.3 1 0
github.com/mrtkrcm/ZeroUI/internal/errors/enhanced.go:142.2,145.28 2 0
github.com/mrtkrcm/ZeroUI/internal/errors/enhanced.go:145.28,147.44 2 0
github.com/mrtkrcm/ZeroUI/internal/errors/enhanced.go:147.44,149.4 1 0
github.com/mrtkrcm/ZeroUI/internal/errors/enhanced.go:153.2,153.24 1 0
github.com/mrtkrcm/ZeroUI/internal/errors/enhanced.go:153.24,155.36 2 0
github.com/mrtkrcm/ZeroUI/internal/errors/enhanced.go:155.36,157.4 1 0
github.com/mrtkrcm/ZeroUI/internal/errors/enhanced.go:160.2,160.12 1 0
github.com/mrtkrcm/ZeroUI/internal/errors/enhanced.go:164.46,173.51 5 0
github.com/mrtkrcm/ZeroUI/internal/errors/enhanced.go:173.51,175.18 2 0
github.com/mrtkrcm/ZeroUI/internal/errors/enhanced.go:175.18,177.4 1 0
github.com/mrtkrcm/ZeroUI/internal/errors/enhanced.go:178.3,178.20 1 0
github.com/mrtkrcm/ZeroUI/internal/errors/enhanced.go:178.20,180.4 1 0
github.com/mrtkrcm/ZeroUI/internal/errors/enhanced.go:181.3,181.20 1 0
github.com/mrtkrcm/ZeroUI/internal/errors/enhanced.go:181.20,183.4 1 0
github.com/mrtkrcm/ZeroUI/internal/errors/enhanced.go:184.3,184.15 1 0
github.com/mrtkrcm/ZeroUI/internal/errors/enhanced.go:188.2,188.18 1 0
github.com/mrtkrcm/ZeroUI/internal/errors/enhanced.go:188.18,190.17 2 0
github.com/mrtkrcm/ZeroUI/internal/errors/enhanced.go:190.17,192.20 2 0
github.com/mrtkrcm/ZeroUI/internal/errors/enhanced.go:192.20,194.5 1 0
github.com/mrtkrcm/ZeroUI/internal/errors/enhanced.go:199.2,199.20 1 0
github.com/mrtkrcm/ZeroUI/internal/errors/enhanced.go:199.20,201.3 1 0
github.com/mrtkrcm/ZeroUI/internal/errors/enhanced.go:204.2,204.28 1 0
github.com/mrtkrcm/ZeroUI/internal/errors/enhanced.go:204.28,206.44 2 0
github.com/mrtkrcm/ZeroUI/internal/errors/enhanced.go:206.44,208.4 1 0
github.com/mrtkrcm/ZeroUI/internal/errors/enhanced.go:212.2,212.24 1 0
github.com/mrtkrcm/ZeroUI/internal/errors/enhanced.go:212.24,214.36 2 0
github.com/mrtkrcm/ZeroUI/internal/errors/enhanced.go:214.36,216.4 1 0
github.com/mrtkrcm/ZeroUI/internal/errors/enhanced.go:219.2,219.12 1 0
github.com/mrtkrcm/ZeroUI/internal/errors/enhanced.go:225.87,242.2 3 0
github.com/mrtkrcm/ZeroUI/internal/errors/enhanced.go:245.91,256.22 3 0
github.com/mrtkrcm/ZeroUI/internal/errors/enhanced.go:257.17,259.50 2 0
github.com/mrtkrcm/ZeroUI/internal/errors/enhanced.go:260.27,262.66 2 0
github.com/mrtkrcm/ZeroUI/internal/errors/enhanced.go:263.16,265.98 2 0
github.com/mrtkrcm/ZeroUI/internal/errors/enhanced.go:268.2,274.26 1 0
github.com/mrtkrcm/ZeroUI/internal/errors/enhanced.go:278.67,294.2 3 0
github.com/mrtkrcm/ZeroUI/internal/errors/enhanced.go:299.83,308.28 3 0
github.com/mrtkrcm/ZeroUI/internal/errors/enhanced.go:308.28,311.23 2 0
github.com/mrtkrcm/ZeroUI/internal/errors/enhanced.go:311.23,314.4 2 0
github.com/mrtkrcm/ZeroUI/internal/errors/enhanced.go:315.3,315.106 1 0
github.com/mrtkrcm/ZeroUI/internal/errors/enhanced.go:318.2,323.67 1 0
github.com/mrtkrcm/ZeroUI/internal/errors/enhanced.go:327.94,336.30 3 0
github.com/mrtkrcm/ZeroUI/internal/errors/enhanced.go:336.30,339.23 2 0
github.com/mrtkrcm/ZeroUI/internal/errors/enhanced.go:339.23,342.4 2 0
github.com/mrtkrcm/ZeroUI/internal/errors/enhanced.go:343.3,343.110 1 0
github.com/mrtkrcm/ZeroUI/internal/errors/enhanced.go:346.2,352.65 1 0
github.com/mrtkrcm/ZeroUI/internal/errors/enhanced.go:356.96,360.26 3 0
github.com/mrtkrcm/ZeroUI/internal/errors/enhanced.go:360.26,363.23 2 0
github.com/mrtkrcm/ZeroUI/internal/errors/enhanced.go:363.23,366.4 2 0
github.com/mrtkrcm/ZeroUI/internal/errors/enhanced.go:367.3,368.109 2 0
github.com/mrtkrcm/ZeroUI/internal/errors/enhanced.go:369.8,372.3 2 0
github.com/mrtkrcm/ZeroUI/internal/errors/enhanced.go:374.2,381.61 1 0
github.com/mrtkrcm/ZeroUI/internal/errors/enhanced.go:385.97,394.31 3 0
github.com/mrtkrcm/ZeroUI/internal/errors/enhanced.go:394.31,397.23 2 0
github.com/mrtkrcm/ZeroUI/internal/errors/enhanced.go:397.23,400.4 2 0
github.com/mrtkrcm/ZeroUI/internal/errors/enhanced.go:401.3,401.112 1 0
github.com/mrtkrcm/ZeroUI/internal/errors/enhanced.go:402.8,405.3 2 0
github.com/mrtkrcm/ZeroUI/internal/errors/enhanced.go:407.2,413.67 1 0
github.com/mrtkrcm/ZeroUI/internal/errors/enhanced.go:417.63,435.2 3 0
github.com/mrtkrcm/ZeroUI/internal/errors/enhanced.go:438.73,457.2 3 0
github.com/mrtkrcm/ZeroUI/internal/errors/enhanced.go:460.77,478.2 3 0
github.com/mrtkrcm/ZeroUI/internal/errors/enhanced.go:483.86,491.31 3 0
github.com/mrtkrcm/ZeroUI/internal/errors/enhanced.go:491.31,494.30 2 0
github.com/mrtkrcm/ZeroUI/internal/errors/enhanced.go:494.30,496.4 1 0
github.com/mrtkrcm/ZeroUI/internal/errors/enhanced.go:500.2,500.38 1 0
github.com/mrtkrcm/ZeroUI/internal/errors/enhanced.go:500.38,501.41 1 0
github.com/mrtkrcm/ZeroUI/internal/errors/enhanced.go:501.41,502.49 1 0
github.com/mrtkrcm/ZeroUI/internal/errors/enhanced.go:502.49,504.5 1 0
github.com/mrtkrcm/ZeroUI/internal/errors/enhanced.go:509.2,510.28 2 0
github.com/mrtkrcm/ZeroUI/internal/errors/enhanced.go:510.28,511.22 1 0
github.com/mrtkrcm/ZeroUI/internal/errors/enhanced.go:511.22,512.9 1 0
github.com/mrtkrcm/ZeroUI/internal/errors/enhanced.go:514.3,514.35 1 0
github.com/mrtkrcm/ZeroUI/internal/errors/enhanced.go:517.2,517.15 1 0
github.com/mrtkrcm/ZeroUI/internal/errors/enhanced.go:521.45,522.18 1 0
github.com/mrtkrcm/ZeroUI/internal/errors/enhanced.go:522.18,524.3 1 0
github.com/mrtkrcm/ZeroUI/internal/errors/enhanced.go:525.2,525.18 1 0
github.com/mrtkrcm/ZeroUI/internal/errors/enhanced.go:525.18,527.3 1 0
github.com/mrtkrcm/ZeroUI/internal/errors/enhanced.go:529.2,536.24 5 0
github.com/mrtkrcm/ZeroUI/internal/errors/enhanced.go:536.24,538.3 1 0
github.com/mrtkrcm/ZeroUI/internal/errors/enhanced.go:541.2,541.29 1 0
github.com/mrtkrcm/ZeroUI/internal/errors/enhanced.go:541.29,543.3 1 0
github.com/mrtkrcm/ZeroUI/internal/errors/enhanced.go:544.2,544.29 1 0
github.com/mrtkrcm/ZeroUI/internal/errors/enhanced.go:544.29,546.3 1 0
github.com/mrtkrcm/ZeroUI/internal/errors/enhanced.go:549.2,549.29 1 0
github.com/mrtkrcm/ZeroUI/internal/errors/enhanced.go:549.29,550.30 1 0
github.com/mrtkrcm/ZeroUI/internal/errors/enhanced.go:550.30,552.34 2 0
github.com/mrtkrcm/ZeroUI/internal/errors/enhanced.go:552.34,554.5 1 0
github.com/mrtkrcm/ZeroUI/internal/errors/enhanced.go:556.4,560.5 1 0
github.com/mrtkrcm/ZeroUI/internal/errors/enhanced.go:564.2,564.27 1 0
github.com/mrtkrcm/ZeroUI/internal/errors/enhanced.go:568.32,569.22 1 0
github.com/mrtkrcm/ZeroUI/internal/errors/enhanced.go:569.22,571.3 1 0
github.com/mrtkrcm/ZeroUI/internal/errors/enhanced.go:572.2,572.12 1 0
github.com/mrtkrcm/ZeroUI/internal/errors/enhanced.go:572.12,574.3 1 0
github.com/mrtkrcm/ZeroUI/internal/errors/enhanced.go:575.2,575.10 1 0
github.com/mrtkrcm/ZeroUI/internal/errors/errors.go:74.38,77.17 2 2
github.com/mrtkrcm/ZeroUI/internal/errors/errors.go:77.17,79.3 1 2
github.com/mrtkrcm/ZeroUI/internal/errors/errors.go:80.2,80.19 1 2
github.com/mrtkrcm/ZeroUI/internal/errors/errors.go:80.19,82.3 1 1
github.com/mrtkrcm/ZeroUI/internal/errors/errors.go:83.2,83.19 1 2
github.com/mrtkrcm/ZeroUI/internal/errors/errors.go:83.19,85.3 1 1
github.com/mrtkrcm/ZeroUI/internal/errors/errors.go:87.2,88.20 2 2
github.com/mrtkrcm/ZeroUI/internal/errors/errors.go:88.20,90.3 1 2
github.com/mrtkrcm/ZeroUI/internal/errors/errors.go:92.2,94.20 2 2
github.com/mrtkrcm/ZeroUI/internal/errors/errors.go:94.20,96.3 1 0
github.com/mrtkrcm/ZeroUI/internal/errors/errors.go:98.2,98.12 1 2
github.com/mrtkrcm/ZeroUI/internal/errors/errors.go:102.38,104.2 1 2
github.com/mrtkrcm/ZeroUI/internal/errors/errors.go:107.39,110.28 2 1
github.com/mrtkrcm/ZeroUI/internal/errors/errors.go:110.28,112.44 2 1
github.com/mrtkrcm/ZeroUI/internal/errors/errors.go:112.44,114.4 1 2
github.com/mrtkrcm/ZeroUI/internal/errors/errors.go:117.2,117.12 1 1
github.com/mrtkrcm/ZeroUI/internal/errors/errors.go:121.56,123.2 1 2
github.com/mrtkrcm/ZeroUI/internal/errors/errors.go:126.60,131.2 1 8
github.com/mrtkrcm/ZeroUI/internal/errors/errors.go:134.74,140.2 1 1
github.com/mrtkrcm/ZeroUI/internal/errors/errors.go:143.56,146.2 2 4
github.com/mrtkrcm/ZeroUI/internal/errors/errors.go:149.60,152.2 2 3
github.com/mrtkrcm/ZeroUI/internal/errors/errors.go:155.60,158.2 2 2
github.com/mrtkrcm/ZeroUI/internal/errors/errors.go:161.75,164.2 2 4
github.com/mrtkrcm/ZeroUI/internal/errors/errors.go:169.75,173.28 2 1
github.com/mrtkrcm/ZeroUI/internal/errors/errors.go:173.28,175.3 1 1
github.com/mrtkrcm/ZeroUI/internal/errors/errors.go:177.2,179.34 1 1
github.com/mrtkrcm/ZeroUI/internal/errors/errors.go:183.86,187.30 2 1
github.com/mrtkrcm/ZeroUI/internal/errors/errors.go:187.30,189.3 1 1
github.com/mrtkrcm/ZeroUI/internal/errors/errors.go:191.2,194.34 1 1
github.com/mrtkrcm/ZeroUI/internal/errors/errors.go:198.88,200.26 2 1
github.com/mrtkrcm/ZeroUI/internal/errors/errors.go:200.26,202.3 1 1
github.com/mrtkrcm/ZeroUI/internal/errors/errors.go:204.2,208.34 1 1
github.com/mrtkrcm/ZeroUI/internal/errors/errors.go:212.89,216.31 2 0
github.com/mrtkrcm/ZeroUI/internal/errors/errors.go:216.31,218.3 1 0
github.com/mrtkrcm/ZeroUI/internal/errors/errors.go:220.2,223.34 1 0
github.com/mrtkrcm/ZeroUI/internal/errors/errors.go:227.55,236.2 2 0
github.com/mrtkrcm/ZeroUI/internal/errors/errors.go:239.65,248.2 2 0
github.com/mrtkrcm/ZeroUI/internal/errors/errors.go:251.69,260.2 2 0
github.com/mrtkrcm/ZeroUI/internal/errors/errors.go:263.36,266.2 2 2
github.com/mrtkrcm/ZeroUI/internal/errors/errors.go:269.53,270.41 1 2
github.com/mrtkrcm/ZeroUI/internal/errors/errors.go:270.41,272.3 1 1
github.com/mrtkrcm/ZeroUI/internal/errors/errors.go:273.2,273.19 1 1
github.com/mrtkrcm/ZeroUI/internal/version/version.go:28.17,37.2 1 0
github.com/mrtkrcm/ZeroUI/internal/version/version.go:40.31,43.2 1 0
github.com/mrtkrcm/ZeroUI/internal/version/version.go:46.30,48.2 1 0
github.com/mrtkrcm/ZeroUI/internal/version/version.go:51.14,53.2 1 0
github.com/mrtkrcm/ZeroUI/internal/version/version.go:56.19,58.2 1 0
github.com/mrtkrcm/ZeroUI/pkg/reference/loader.go:20.66,22.2 1 3
github.com/mrtkrcm/ZeroUI/pkg/reference/loader.go:25.86,29.33 2 6
github.com/mrtkrcm/ZeroUI/pkg/reference/loader.go:29.33,31.53 2 14
github.com/mrtkrcm/ZeroUI/pkg/reference/loader.go:31.53,33.4 1 2
github.com/mrtkrcm/ZeroUI/pkg/reference/loader.go:36.2,36.71 1 4
github.com/mrtkrcm/ZeroUI/pkg/reference/loader.go:40.111,46.13 4 2
github.com/mrtkrcm/ZeroUI/pkg/reference/loader.go:47.15,48.35 1 0
github.com/mrtkrcm/ZeroUI/pkg/reference/loader.go:49.23,50.35 1 2
github.com/mrtkrcm/ZeroUI/pkg/reference/loader.go:51.10,52.61 1 0
github.com/mrtkrcm/ZeroUI/pkg/reference/loader.go:55.2,55.16 1 2
github.com/mrtkrcm/ZeroUI/pkg/reference/loader.go:55.16,57.3 1 0
github.com/mrtkrcm/ZeroUI/pkg/reference/loader.go:60.2,63.18 3 2
github.com/mrtkrcm/ZeroUI/pkg/reference/manager.go:9.84,11.46 1 15
github.com/mrtkrcm/ZeroUI/pkg/reference/manager.go:11.46,13.3 1 10
github.com/mrtkrcm/ZeroUI/pkg/reference/manager.go:16.2,17.16 2 5
github.com/mrtkrcm/ZeroUI/pkg/reference/manager.go:17.16,19.3 1 4
github.com/mrtkrcm/ZeroUI/pkg/reference/manager.go:22.2,23.17 2 1
github.com/mrtkrcm/ZeroUI/pkg/reference/manager.go:27.126,29.16 2 6
github.com/mrtkrcm/ZeroUI/pkg/reference/manager.go:29.16,31.3 1 0
github.com/mrtkrcm/ZeroUI/pkg/reference/manager.go:33.2,34.13 2 6
github.com/mrtkrcm/ZeroUI/pkg/reference/manager.go:34.13,40.3 1 1
github.com/mrtkrcm/ZeroUI/pkg/reference/manager.go:42.2,42.45 1 5
github.com/mrtkrcm/ZeroUI/pkg/reference/manager.go:46.82,50.39 2 5
github.com/mrtkrcm/ZeroUI/pkg/reference/manager.go:50.39,53.3 2 0
github.com/mrtkrcm/ZeroUI/pkg/reference/manager.go:56.2,56.34 1 5
github.com/mrtkrcm/ZeroUI/pkg/reference/manager.go:56.34,59.50 3 0
github.com/mrtkrcm/ZeroUI/pkg/reference/manager.go:59.50,60.30 1 0
github.com/mrtkrcm/ZeroUI/pkg/reference/manager.go:60.30,62.10 2 0
github.com/mrtkrcm/ZeroUI/pkg/reference/manager.go:65.3,65.13 1 0
github.com/mrtkrcm/ZeroUI/pkg/reference/manager.go:65.13,68.4 2 0
github.com/mrtkrcm/ZeroUI/pkg/reference/manager.go:71.2,71.15 1 5
github.com/mrtkrcm/ZeroUI/pkg/reference/manager.go:75.68,76.22 1 5
github.com/mrtkrcm/ZeroUI/pkg/reference/manager.go:77.18,79.12 2 3
github.com/mrtkrcm/ZeroUI/pkg/reference/manager.go:80.18,81.23 1 1
github.com/mrtkrcm/ZeroUI/pkg/reference/manager.go:82.94,83.15 1 1
github.com/mrtkrcm/ZeroUI/pkg/reference/manager.go:85.3,85.15 1 0
github.com/mrtkrcm/ZeroUI/pkg/reference/manager.go:86.19,88.12 2 1
github.com/mrtkrcm/ZeroUI/pkg/reference/manager.go:89.17,91.23 1 0
github.com/mrtkrcm/ZeroUI/pkg/reference/manager.go:92.58,93.15 1 0
github.com/mrtkrcm/ZeroUI/pkg/reference/manager.go:95.3,95.15 1 0
github.com/mrtkrcm/ZeroUI/pkg/reference/manager.go:96.18,98.12 2 0
github.com/mrtkrcm/ZeroUI/pkg/reference/manager.go:99.10,100.14 1 0
github.com/mrtkrcm/ZeroUI/pkg/reference/manager.go:105.77,109.33 3 1
github.com/mrtkrcm/ZeroUI/pkg/reference/manager.go:109.33,113.91 2 4
github.com/mrtkrcm/ZeroUI/pkg/reference/manager.go:113.91,115.29 2 0
github.com/mrtkrcm/ZeroUI/pkg/reference/manager.go:115.29,116.10 1 0
github.com/mrtkrcm/ZeroUI/pkg/reference/manager.go:121.2,121.20 1 1
github.com/mrtkrcm/ZeroUI/pkg/reference/manager.go:125.92,127.16 2 3
github.com/mrtkrcm/ZeroUI/pkg/reference/manager.go:127.16,129.3 1 0
github.com/mrtkrcm/ZeroUI/pkg/reference/manager.go:131.2,134.39 3 3
github.com/mrtkrcm/ZeroUI/pkg/reference/manager.go:134.39,137.68 1 12
github.com/mrtkrcm/ZeroUI/pkg/reference/manager.go:137.68,139.4 1 4
github.com/mrtkrcm/ZeroUI/pkg/reference/manager.go:142.2,142.21 1 3
github.com/mrtkrcm/ZeroUI/pkg/reference/manager.go:146.58,153.32 3 1
github.com/mrtkrcm/ZeroUI/pkg/reference/manager.go:153.32,154.49 1 3
github.com/mrtkrcm/ZeroUI/pkg/reference/manager.go:154.49,156.4 1 0
github.com/mrtkrcm/ZeroUI/pkg/reference/manager.go:159.2,159.18 1 1
github.com/mrtkrcm/ZeroUI/pkg/reference/types.go:56.65,61.2 1 2
github.com/mrtkrcm/ZeroUI/internal/validation/validator.go:80.32,84.2 1 8
github.com/mrtkrcm/ZeroUI/internal/validation/validator.go:87.57,89.16 2 6
github.com/mrtkrcm/ZeroUI/internal/validation/validator.go:89.16,91.3 1 1
github.com/mrtkrcm/ZeroUI/internal/validation/validator.go:93.2,94.54 2 5
github.com/mrtkrcm/ZeroUI/internal/validation/validator.go:94.54,96.3 1 1
github.com/mrtkrcm/ZeroUI/internal/validation/validator.go:98.2,98.23 1 4
github.com/mrtkrcm/ZeroUI/internal/validation/validator.go:98.23,100.3 1 0
github.com/mrtkrcm/ZeroUI/internal/validation/validator.go:102.2,103.12 2 4
github.com/mrtkrcm/ZeroUI/internal/validation/validator.go:107.58,109.16 2 2
github.com/mrtkrcm/ZeroUI/internal/validation/validator.go:109.16,111.3 1 1
github.com/mrtkrcm/ZeroUI/internal/validation/validator.go:113.2,113.32 1 1
github.com/mrtkrcm/ZeroUI/internal/validation/validator.go:113.32,114.20 1 4
github.com/mrtkrcm/ZeroUI/internal/validation/validator.go:114.20,115.12 1 0
github.com/mrtkrcm/ZeroUI/internal/validation/validator.go:118.3,118.47 1 4
github.com/mrtkrcm/ZeroUI/internal/validation/validator.go:118.47,120.51 2 3
github.com/mrtkrcm/ZeroUI/internal/validation/validator.go:120.51,122.5 1 0
github.com/mrtkrcm/ZeroUI/internal/validation/validator.go:126.2,126.12 1 1
github.com/mrtkrcm/ZeroUI/internal/validation/validator.go:130.52,132.2 1 5
github.com/mrtkrcm/ZeroUI/internal/validation/validator.go:135.102,140.13 4 3
github.com/mrtkrcm/ZeroUI/internal/validation/validator.go:140.13,143.3 1 1
github.com/mrtkrcm/ZeroUI/internal/validation/validator.go:146.2,146.48 1 2
github.com/mrtkrcm/ZeroUI/internal/validation/validator.go:150.111,155.13 4 5
github.com/mrtkrcm/ZeroUI/internal/validation/validator.go:155.13,158.3 1 1
github.com/mrtkrcm/ZeroUI/internal/validation/validator.go:161.2,161.55 1 4
github.com/mrtkrcm/ZeroUI/internal/validation/validator.go:165.106,169.13 3 15
github.com/mrtkrcm/ZeroUI/internal/validation/validator.go:169.13,172.3 1 0
github.com/mrtkrcm/ZeroUI/internal/validation/validator.go:174.2,175.13 2 15
github.com/mrtkrcm/ZeroUI/internal/validation/validator.go:175.13,183.3 2 1
github.com/mrtkrcm/ZeroUI/internal/validation/validator.go:185.2,185.56 1 14
github.com/mrtkrcm/ZeroUI/internal/validation/validator.go:189.82,193.26 2 1
github.com/mrtkrcm/ZeroUI/internal/validation/validator.go:193.26,200.3 2 0
github.com/mrtkrcm/ZeroUI/internal/validation/validator.go:202.2,202.26 1 1
github.com/mrtkrcm/ZeroUI/internal/validation/validator.go:202.26,209.3 2 0
github.com/mrtkrcm/ZeroUI/internal/validation/validator.go:212.2,212.49 1 1
github.com/mrtkrcm/ZeroUI/internal/validation/validator.go:212.49,213.23 1 2
github.com/mrtkrcm/ZeroUI/internal/validation/validator.go:213.23,220.4 2 0
github.com/mrtkrcm/ZeroUI/internal/validation/validator.go:220.9,220.43 1 2
github.com/mrtkrcm/ZeroUI/internal/validation/validator.go:220.43,228.4 2 1
github.com/mrtkrcm/ZeroUI/internal/validation/validator.go:231.3,231.55 1 2
github.com/mrtkrcm/ZeroUI/internal/validation/validator.go:231.55,237.4 1 0
github.com/mrtkrcm/ZeroUI/internal/validation/validator.go:240.2,240.15 1 1
github.com/mrtkrcm/ZeroUI/internal/validation/validator.go:244.94,248.37 2 1
github.com/mrtkrcm/ZeroUI/internal/validation/validator.go:248.37,249.33 1 3
github.com/mrtkrcm/ZeroUI/internal/validation/validator.go:249.33,257.4 2 0
github.com/mrtkrcm/ZeroUI/internal/validation/validator.go:260.2,260.15 1 1
github.com/mrtkrcm/ZeroUI/internal/validation/validator.go:264.103,268.26 2 2
github.com/mrtkrcm/ZeroUI/internal/validation/validator.go:268.26,269.73 1 2
github.com/mrtkrcm/ZeroUI/internal/validation/validator.go:269.73,271.20 2 1
github.com/mrtkrcm/ZeroUI/internal/validation/validator.go:271.20,273.5 1 1
github.com/mrtkrcm/ZeroUI/internal/validation/validator.go:278.2,278.49 1 2
github.com/mrtkrcm/ZeroUI/internal/validation/validator.go:278.49,280.14 2 3
github.com/mrtkrcm/ZeroUI/internal/validation/validator.go:280.14,286.12 2 0
github.com/mrtkrcm/ZeroUI/internal/validation/validator.go:290.3,293.25 4 3
github.com/mrtkrcm/ZeroUI/internal/validation/validator.go:293.25,295.4 1 1
github.com/mrtkrcm/ZeroUI/internal/validation/validator.go:299.2,299.45 1 2
github.com/mrtkrcm/ZeroUI/internal/validation/validator.go:299.45,300.20 1 12
github.com/mrtkrcm/ZeroUI/internal/validation/validator.go:300.20,301.57 1 4
github.com/mrtkrcm/ZeroUI/internal/validation/validator.go:301.57,308.5 2 1
github.com/mrtkrcm/ZeroUI/internal/validation/validator.go:312.2,312.15 1 2
github.com/mrtkrcm/ZeroUI/internal/validation/validator.go:316.115,320.26 2 4
github.com/mrtkrcm/ZeroUI/internal/validation/validator.go:320.26,321.83 1 4
github.com/mrtkrcm/ZeroUI/internal/validation/validator.go:321.83,327.4 2 1
github.com/mrtkrcm/ZeroUI/internal/validation/validator.go:329.3,329.83 1 4
github.com/mrtkrcm/ZeroUI/internal/validation/validator.go:329.83,335.4 2 0
github.com/mrtkrcm/ZeroUI/internal/validation/validator.go:338.3,338.59 1 4
github.com/mrtkrcm/ZeroUI/internal/validation/validator.go:338.59,339.50 1 4
github.com/mrtkrcm/ZeroUI/internal/validation/validator.go:339.50,346.5 2 1
github.com/mrtkrcm/ZeroUI/internal/validation/validator.go:351.2,351.43 1 4
github.com/mrtkrcm/ZeroUI/internal/validation/validator.go:351.43,353.14 2 11
github.com/mrtkrcm/ZeroUI/internal/validation/validator.go:353.14,360.12 2 1
github.com/mrtkrcm/ZeroUI/internal/validation/validator.go:363.3,366.25 4 10
github.com/mrtkrcm/ZeroUI/internal/validation/validator.go:366.25,368.4 1 0
github.com/mrtkrcm/ZeroUI/internal/validation/validator.go:372.2,372.45 1 4
github.com/mrtkrcm/ZeroUI/internal/validation/validator.go:372.45,373.20 1 24
github.com/mrtkrcm/ZeroUI/internal/validation/validator.go:373.20,374.51 1 8
github.com/mrtkrcm/ZeroUI/internal/validation/validator.go:374.51,381.5 2 3
github.com/mrtkrcm/ZeroUI/internal/validation/validator.go:386.2,386.43 1 4
github.com/mrtkrcm/ZeroUI/internal/validation/validator.go:386.43,388.42 2 11
github.com/mrtkrcm/ZeroUI/internal/validation/validator.go:388.42,389.12 1 11
github.com/mrtkrcm/ZeroUI/internal/validation/validator.go:392.3,392.41 1 0
github.com/mrtkrcm/ZeroUI/internal/validation/validator.go:392.41,393.45 1 0
github.com/mrtkrcm/ZeroUI/internal/validation/validator.go:393.45,401.5 2 0
github.com/mrtkrcm/ZeroUI/internal/validation/validator.go:406.2,406.43 1 4
github.com/mrtkrcm/ZeroUI/internal/validation/validator.go:406.43,408.43 2 11
github.com/mrtkrcm/ZeroUI/internal/validation/validator.go:408.43,409.12 1 11
github.com/mrtkrcm/ZeroUI/internal/validation/validator.go:412.3,412.47 1 0
github.com/mrtkrcm/ZeroUI/internal/validation/validator.go:412.47,413.49 1 0
github.com/mrtkrcm/ZeroUI/internal/validation/validator.go:413.49,421.5 2 0
github.com/mrtkrcm/ZeroUI/internal/validation/validator.go:425.2,425.15 1 4
github.com/mrtkrcm/ZeroUI/internal/validation/validator.go:429.95,432.32 2 0
github.com/mrtkrcm/ZeroUI/internal/validation/validator.go:432.32,440.3 2 0
github.com/mrtkrcm/ZeroUI/internal/validation/validator.go:442.2,442.15 1 0
github.com/mrtkrcm/ZeroUI/internal/validation/validator.go:446.115,450.55 2 27
github.com/mrtkrcm/ZeroUI/internal/validation/validator.go:450.55,459.3 3 0
github.com/mrtkrcm/ZeroUI/internal/validation/validator.go:462.2,462.49 1 27
github.com/mrtkrcm/ZeroUI/internal/validation/validator.go:462.49,465.34 3 7
github.com/mrtkrcm/ZeroUI/internal/validation/validator.go:465.34,466.24 1 9
github.com/mrtkrcm/ZeroUI/internal/validation/validator.go:466.24,468.10 2 6
github.com/mrtkrcm/ZeroUI/internal/validation/validator.go:471.3,471.13 1 7
github.com/mrtkrcm/ZeroUI/internal/validation/validator.go:471.13,479.4 2 1
github.com/mrtkrcm/ZeroUI/internal/validation/validator.go:483.2,483.27 1 27
github.com/mrtkrcm/ZeroUI/internal/validation/validator.go:483.27,487.63 2 12
github.com/mrtkrcm/ZeroUI/internal/validation/validator.go:487.63,495.4 2 1
github.com/mrtkrcm/ZeroUI/internal/validation/validator.go:497.3,497.63 1 12
github.com/mrtkrcm/ZeroUI/internal/validation/validator.go:497.63,505.4 2 1
github.com/mrtkrcm/ZeroUI/internal/validation/validator.go:508.3,508.25 1 12
github.com/mrtkrcm/ZeroUI/internal/validation/validator.go:508.25,510.18 2 7
github.com/mrtkrcm/ZeroUI/internal/validation/validator.go:510.18,516.5 1 0
github.com/mrtkrcm/ZeroUI/internal/validation/validator.go:516.10,516.23 1 7
github.com/mrtkrcm/ZeroUI/internal/validation/validator.go:516.23,524.5 2 1
github.com/mrtkrcm/ZeroUI/internal/validation/validator.go:528.3,528.24 1 12
github.com/mrtkrcm/ZeroUI/internal/validation/validator.go:528.24,529.66 1 5
github.com/mrtkrcm/ZeroUI/internal/validation/validator.go:529.66,537.5 2 2
github.com/mrtkrcm/ZeroUI/internal/validation/validator.go:542.2,542.27 1 27
github.com/mrtkrcm/ZeroUI/internal/validation/validator.go:542.27,544.17 2 5
github.com/mrtkrcm/ZeroUI/internal/validation/validator.go:544.17,552.4 2 0
github.com/mrtkrcm/ZeroUI/internal/validation/validator.go:552.9,553.47 1 5
github.com/mrtkrcm/ZeroUI/internal/validation/validator.go:553.47,561.5 2 1
github.com/mrtkrcm/ZeroUI/internal/validation/validator.go:563.4,563.47 1 5
github.com/mrtkrcm/ZeroUI/internal/validation/validator.go:563.47,571.5 2 1
github.com/mrtkrcm/ZeroUI/internal/validation/validator.go:576.2,576.24 1 27
github.com/mrtkrcm/ZeroUI/internal/validation/validator.go:576.24,577.73 1 0
github.com/mrtkrcm/ZeroUI/internal/validation/validator.go:577.73,585.4 2 0
github.com/mrtkrcm/ZeroUI/internal/validation/validator.go:588.2,588.15 1 27
github.com/mrtkrcm/ZeroUI/internal/validation/validator.go:592.125,596.29 2 3
github.com/mrtkrcm/ZeroUI/internal/validation/validator.go:596.29,603.3 2 1
github.com/mrtkrcm/ZeroUI/internal/validation/validator.go:606.2,606.26 1 3
github.com/mrtkrcm/ZeroUI/internal/validation/validator.go:606.26,608.27 2 3
github.com/mrtkrcm/ZeroUI/internal/validation/validator.go:608.27,616.4 2 0
github.com/mrtkrcm/ZeroUI/internal/validation/validator.go:619.2,619.15 1 3
github.com/mrtkrcm/ZeroUI/internal/validation/validator.go:623.110,628.63 3 2
github.com/mrtkrcm/ZeroUI/internal/validation/validator.go:628.63,633.3 1 1
github.com/mrtkrcm/ZeroUI/internal/validation/validator.go:635.2,635.63 1 2
github.com/mrtkrcm/ZeroUI/internal/validation/validator.go:635.63,640.3 1 0
github.com/mrtkrcm/ZeroUI/internal/validation/validator.go:643.2,643.49 1 2
github.com/mrtkrcm/ZeroUI/internal/validation/validator.go:643.49,644.55 1 4
github.com/mrtkrcm/ZeroUI/internal/validation/validator.go:644.55,650.4 1 1
github.com/mrtkrcm/ZeroUI/internal/validation/validator.go:654.2,654.51 1 2
github.com/mrtkrcm/ZeroUI/internal/validation/validator.go:654.51,655.55 1 2
github.com/mrtkrcm/ZeroUI/internal/validation/validator.go:655.55,661.4 1 0
github.com/mrtkrcm/ZeroUI/internal/validation/validator.go:664.2,664.15 1 2
github.com/mrtkrcm/ZeroUI/internal/validation/validator.go:668.102,669.22 1 27
github.com/mrtkrcm/ZeroUI/internal/validation/validator.go:670.16,672.12 2 12
github.com/mrtkrcm/ZeroUI/internal/validation/validator.go:673.16,675.20 2 5
github.com/mrtkrcm/ZeroUI/internal/validation/validator.go:676.17,678.10 2 3
github.com/mrtkrcm/ZeroUI/internal/validation/validator.go:678.10,680.37 1 0
github.com/mrtkrcm/ZeroUI/internal/validation/validator.go:680.37,683.5 2 0
github.com/mrtkrcm/ZeroUI/internal/validation/validator.go:685.3,685.12 1 3
github.com/mrtkrcm/ZeroUI/internal/validation/validator.go:686.16,689.12 2 7
github.com/mrtkrcm/ZeroUI/internal/validation/validator.go:690.15,692.23 1 0
github.com/mrtkrcm/ZeroUI/internal/validation/validator.go:693.50,694.15 1 0
github.com/mrtkrcm/ZeroUI/internal/validation/validator.go:695.11,696.16 1 0
github.com/mrtkrcm/ZeroUI/internal/validation/validator.go:698.10,699.14 1 0
github.com/mrtkrcm/ZeroUI/internal/validation/validator.go:704.64,705.16 1 18
github.com/mrtkrcm/ZeroUI/internal/validation/validator.go:706.15,707.30 1 5
github.com/mrtkrcm/ZeroUI/internal/validation/validator.go:708.13,709.28 1 4
github.com/mrtkrcm/ZeroUI/internal/validation/validator.go:710.14,711.29 1 2
github.com/mrtkrcm/ZeroUI/internal/validation/validator.go:712.15,713.30 1 4
github.com/mrtkrcm/ZeroUI/internal/validation/validator.go:714.15,716.13 2 2
github.com/mrtkrcm/ZeroUI/internal/validation/validator.go:717.10,718.50 1 1
github.com/mrtkrcm/ZeroUI/internal/validation/validator.go:723.99,726.25 1 0
github.com/mrtkrcm/ZeroUI/internal/validation/validator.go:727.15,728.50 1 0
github.com/mrtkrcm/ZeroUI/internal/validation/validator.go:728.50,729.51 1 0
github.com/mrtkrcm/ZeroUI/internal/validation/validator.go:729.51,731.19 2 0
github.com/mrtkrcm/ZeroUI/internal/validation/validator.go:731.19,733.6 1 0
github.com/mrtkrcm/ZeroUI/internal/validation/validator.go:734.5,734.41 1 0
github.com/mrtkrcm/ZeroUI/internal/validation/validator.go:734.41,736.6 1 0
github.com/mrtkrcm/ZeroUI/internal/validation/validator.go:739.16,741.61 1 0
github.com/mrtkrcm/ZeroUI/internal/validation/validator.go:742.10,743.79 1 0
github.com/mrtkrcm/ZeroUI/internal/validation/validator.go:745.2,745.12 1 0
github.com/mrtkrcm/ZeroUI/internal/validation/validator.go:750.46,752.35 2 10
github.com/mrtkrcm/ZeroUI/internal/validation/validator.go:752.35,753.25 1 36
github.com/mrtkrcm/ZeroUI/internal/validation/validator.go:753.25,755.4 1 6
github.com/mrtkrcm/ZeroUI/internal/validation/validator.go:757.2,757.14 1 4
github.com/mrtkrcm/ZeroUI/internal/validation/validator.go:760.49,761.22 1 13
github.com/mrtkrcm/ZeroUI/internal/validation/validator.go:762.84,763.14 1 10
github.com/mrtkrcm/ZeroUI/internal/validation/validator.go:764.30,765.14 1 1
github.com/mrtkrcm/ZeroUI/internal/validation/validator.go:766.10,767.15 1 2
github.com/mrtkrcm/ZeroUI/internal/validation/validator.go:771.59,772.27 1 16
github.com/mrtkrcm/ZeroUI/internal/validation/validator.go:773.15,774.16 1 1
github.com/mrtkrcm/ZeroUI/internal/validation/validator.go:775.11,776.25 1 11
github.com/mrtkrcm/ZeroUI/internal/validation/validator.go:777.13,778.25 1 1
github.com/mrtkrcm/ZeroUI/internal/validation/validator.go:779.14,780.35 1 2
github.com/mrtkrcm/ZeroUI/internal/validation/validator.go:781.10,782.62 1 1
github.com/mrtkrcm/ZeroUI/internal/validation/validator.go:786.40,789.16 3 5
github.com/mrtkrcm/ZeroUI/internal/validation/validator.go:789.16,791.3 1 0
github.com/mrtkrcm/ZeroUI/internal/validation/validator.go:792.2,792.14 1 5
github.com/mrtkrcm/ZeroUI/internal/validation/validator.go:792.14,794.3 1 2
github.com/mrtkrcm/ZeroUI/internal/validation/validator.go:795.2,795.12 1 3
github.com/mrtkrcm/ZeroUI/internal/validation/validator.go:798.36,801.16 3 4
github.com/mrtkrcm/ZeroUI/internal/validation/validator.go:801.16,803.3 1 0
github.com/mrtkrcm/ZeroUI/internal/validation/validator.go:804.2,804.14 1 4
github.com/mrtkrcm/ZeroUI/internal/validation/validator.go:804.14,806.3 1 2
github.com/mrtkrcm/ZeroUI/internal/validation/validator.go:807.2,807.12 1 2
github.com/mrtkrcm/ZeroUI/internal/validation/validator.go:810.38,812.36 1 2
github.com/mrtkrcm/ZeroUI/internal/validation/validator.go:812.36,814.3 1 1
github.com/mrtkrcm/ZeroUI/internal/validation/validator.go:815.2,815.12 1 1
github.com/mrtkrcm/ZeroUI/internal/validation/validator.go:818.40,822.16 3 4
github.com/mrtkrcm/ZeroUI/internal/validation/validator.go:822.16,824.3 1 0
github.com/mrtkrcm/ZeroUI/internal/validation/validator.go:825.2,825.14 1 4
github.com/mrtkrcm/ZeroUI/internal/validation/validator.go:825.14,828.37 2 2
github.com/mrtkrcm/ZeroUI/internal/validation/validator.go:828.37,829.39 1 9
github.com/mrtkrcm/ZeroUI/internal/validation/validator.go:829.39,831.5 1 1
github.com/mrtkrcm/ZeroUI/internal/validation/validator.go:833.3,833.44 1 1
github.com/mrtkrcm/ZeroUI/internal/validation/validator.go:835.2,835.12 1 2
github.com/mrtkrcm/ZeroUI/internal/tui/app.go:19.46,21.16 2 2
github.com/mrtkrcm/ZeroUI/internal/tui/app.go:21.16,23.3 1 0
github.com/mrtkrcm/ZeroUI/internal/tui/app.go:25.2,28.8 1 2
github.com/mrtkrcm/ZeroUI/internal/tui/app.go:32.27,34.16 2 0
github.com/mrtkrcm/ZeroUI/internal/tui/app.go:34.16,36.3 1 0
github.com/mrtkrcm/ZeroUI/internal/tui/app.go:38.2,40.43 2 0
github.com/mrtkrcm/ZeroUI/internal/tui/app.go:40.43,42.3 1 0
github.com/mrtkrcm/ZeroUI/internal/tui/app.go:44.2,44.12 1 0
github.com/mrtkrcm/ZeroUI/internal/tui/app.go:98.73,100.16 2 22
github.com/mrtkrcm/ZeroUI/internal/tui/app.go:100.16,102.3 1 0
github.com/mrtkrcm/ZeroUI/internal/tui/app.go:104.2,113.22 2 22
github.com/mrtkrcm/ZeroUI/internal/tui/app.go:113.22,114.28 1 6
github.com/mrtkrcm/ZeroUI/internal/tui/app.go:114.28,115.25 1 6
github.com/mrtkrcm/ZeroUI/internal/tui/app.go:115.25,117.59 2 0
github.com/mrtkrcm/ZeroUI/internal/tui/app.go:117.59,119.6 1 0
github.com/mrtkrcm/ZeroUI/internal/tui/app.go:120.5,120.10 1 0
github.com/mrtkrcm/ZeroUI/internal/tui/app.go:125.2,125.19 1 22
github.com/mrtkrcm/ZeroUI/internal/tui/app.go:129.32,131.2 1 2
github.com/mrtkrcm/ZeroUI/internal/tui/app.go:134.58,135.27 1 17
github.com/mrtkrcm/ZeroUI/internal/tui/app.go:136.18,137.31 1 15
github.com/mrtkrcm/ZeroUI/internal/tui/app.go:138.25,141.16 3 2
github.com/mrtkrcm/ZeroUI/internal/tui/app.go:143.2,143.15 1 0
github.com/mrtkrcm/ZeroUI/internal/tui/app.go:147.69,148.22 1 15
github.com/mrtkrcm/ZeroUI/internal/tui/app.go:149.21,150.34 1 1
github.com/mrtkrcm/ZeroUI/internal/tui/app.go:150.34,152.4 1 1
github.com/mrtkrcm/ZeroUI/internal/tui/app.go:154.3,155.16 2 0
github.com/mrtkrcm/ZeroUI/internal/tui/app.go:157.11,159.16 2 1
github.com/mrtkrcm/ZeroUI/internal/tui/app.go:161.13,162.18 1 3
github.com/mrtkrcm/ZeroUI/internal/tui/app.go:163.54,164.30 1 3
github.com/mrtkrcm/ZeroUI/internal/tui/app.go:165.11,166.22 1 0
github.com/mrtkrcm/ZeroUI/internal/tui/app.go:168.3,168.16 1 3
github.com/mrtkrcm/ZeroUI/internal/tui/app.go:172.2,172.17 1 10
github.com/mrtkrcm/ZeroUI/internal/tui/app.go:173.24,174.39 1 10
github.com/mrtkrcm/ZeroUI/internal/tui/app.go:175.22,176.37 1 0
github.com/mrtkrcm/ZeroUI/internal/tui/app.go:177.27,178.42 1 0
github.com/mrtkrcm/ZeroUI/internal/tui/app.go:179.16,180.31 1 0
github.com/mrtkrcm/ZeroUI/internal/tui/app.go:183.2,183.15 1 0
github.com/mrtkrcm/ZeroUI/internal/tui/app.go:187.77,188.22 1 10
github.com/mrtkrcm/ZeroUI/internal/tui/app.go:189.17,190.19 1 3
github.com/mrtkrcm/ZeroUI/internal/tui/app.go:190.19,192.4 1 0
github.com/mrtkrcm/ZeroUI/internal/tui/app.go:193.19,194.31 1 4
github.com/mrtkrcm/ZeroUI/internal/tui/app.go:194.31,196.4 1 0
github.com/mrtkrcm/ZeroUI/internal/tui/app.go:197.20,198.22 1 3
github.com/mrtkrcm/ZeroUI/internal/tui/app.go:198.22,201.56 3 3
github.com/mrtkrcm/ZeroUI/internal/tui/app.go:201.56,203.5 1 0
github.com/mrtkrcm/ZeroUI/internal/tui/app.go:206.2,206.15 1 10
[...]
github.com/mrtkrcm/ZeroUI/internal/tui/design_system_showcase.go:27.90,32.2 1 0
github.com/mrtkrcm/ZeroUI/internal/tui/design_system_showcase.go:35.44,39.43 3 0
github.com/mrtkrcm/ZeroUI/internal/tui/design_system_showcase.go:39.43,41.3 1 0
github.com/mrtkrcm/ZeroUI/internal/tui/design_system_showcase.go:43.2,43.12 1 0
github.com/mrtkrcm/ZeroUI/internal/tui/design_system_showcase.go:98.44,98.62 1 0
github.com/mrtkrcm/ZeroUI/internal/tui/design_system_showcase.go:101.84,123.35 7 0
github.com/mrtkrcm/ZeroUI/internal/tui/design_system_showcase.go:123.35,125.3 1 0
github.com/mrtkrcm/ZeroUI/internal/tui/design_system_showcase.go:126.2,153.3 12 0
github.com/mrtkrcm/ZeroUI/internal/tui/design_system_showcase.go:157.44,162.2 1 0
github.com/mrtkrcm/ZeroUI/internal/tui/design_system_showcase.go:165.70,168.27 2 0
github.com/mrtkrcm/ZeroUI/internal/tui/design_system_showcase.go:169.25,173.16 4 0
github.com/mrtkrcm/ZeroUI/internal/tui/design_system_showcase.go:175.18,176.23 1 0
github.com/mrtkrcm/ZeroUI/internal/tui/design_system_showcase.go:177.22,178.22 1 0
github.com/mrtkrcm/ZeroUI/internal/tui/design_system_showcase.go:179.14,180.21 1 0
github.com/mrtkrcm/ZeroUI/internal/tui/design_system_showcase.go:180.21,183.5 2 0
github.com/mrtkrcm/ZeroUI/internal/tui/design_system_showcase.go:184.20,185.21 1 0
github.com/mrtkrcm/ZeroUI/internal/tui/design_system_showcase.go:185.21,188.5 2 0
github.com/mrtkrcm/ZeroUI/internal/tui/design_system_showcase.go:189.21,190.21 1 0
github.com/mrtkrcm/ZeroUI/internal/tui/design_system_showcase.go:190.21,191.74 1 0
github.com/mrtkrcm/ZeroUI/internal/tui/design_system_showcase.go:191.74,192.56 1 0
github.com/mrtkrcm/ZeroUI/internal/tui/design_system_showcase.go:192.56,194.7 1 0
github.com/mrtkrcm/ZeroUI/internal/tui/design_system_showcase.go:197.57,198.21 1 0
github.com/mrtkrcm/ZeroUI/internal/tui/design_system_showcase.go:198.21,200.57 2 0
github.com/mrtkrcm/ZeroUI/internal/tui/design_system_showcase.go:200.57,203.6 2 0
github.com/mrtkrcm/ZeroUI/internal/tui/design_system_showcase.go:208.3,208.65 1 0
github.com/mrtkrcm/ZeroUI/internal/tui/design_system_showcase.go:208.65,212.4 3 0
github.com/mrtkrcm/ZeroUI/internal/tui/design_system_showcase.go:214.23,217.27 3 0
github.com/mrtkrcm/ZeroUI/internal/tui/design_system_showcase.go:219.23,221.26 2 0
github.com/mrtkrcm/ZeroUI/internal/tui/design_system_showcase.go:221.26,223.4 1 0
github.com/mrtkrcm/ZeroUI/internal/tui/design_system_showcase.go:224.3,224.40 1 0
github.com/mrtkrcm/ZeroUI/internal/tui/design_system_showcase.go:226.20,228.49 1 0
github.com/mrtkrcm/ZeroUI/internal/tui/design_system_showcase.go:228.50,230.4 0 0
github.com/mrtkrcm/ZeroUI/internal/tui/design_system_showcase.go:234.2,234.19 1 0
github.com/mrtkrcm/ZeroUI/internal/tui/design_system_showcase.go:234.19,238.3 3 0
github.com/mrtkrcm/ZeroUI/internal/tui/design_system_showcase.go:240.2,240.30 1 0
github.com/mrtkrcm/ZeroUI/internal/tui/design_system_showcase.go:244.43,245.18 1 0
github.com/mrtkrcm/ZeroUI/internal/tui/design_system_showcase.go:245.18,247.3 1 0
github.com/mrtkrcm/ZeroUI/internal/tui/design_system_showcase.go:249.2,249.20 1 0
github.com/mrtkrcm/ZeroUI/internal/tui/design_system_showcase.go:249.20,251.3 1 0
github.com/mrtkrcm/ZeroUI/internal/tui/design_system_showcase.go:254.2,262.3 3 0
github.com/mrtkrcm/ZeroUI/internal/tui/design_system_showcase.go:266.52,268.23 2 0
github.com/mrtkrcm/ZeroUI/internal/tui/design_system_showcase.go:268.23,270.3 1 0
github.com/mrtkrcm/ZeroUI/internal/tui/design_system_showcase.go:272.2,294.18 7 0
github.com/mrtkrcm/ZeroUI/internal/tui/design_system_showcase.go:298.59,300.23 2 0
github.com/mrtkrcm/ZeroUI/internal/tui/design_system_showcase.go:300.23,302.3 1 0
github.com/mrtkrcm/ZeroUI/internal/tui/design_system_showcase.go:305.2,305.20 1 0
github.com/mrtkrcm/ZeroUI/internal/tui/design_system_showcase.go:305.20,307.3 1 0
github.com/mrtkrcm/ZeroUI/internal/tui/design_system_showcase.go:309.2,311.25 2 0
github.com/mrtkrcm/ZeroUI/internal/tui/design_system_showcase.go:312.23,313.40 1 0
github.com/mrtkrcm/ZeroUI/internal/tui/design_system_showcase.go:314.21,315.38 1 0
github.com/mrtkrcm/ZeroUI/internal/tui/design_system_showcase.go:316.25,317.42 1 0
github.com/mrtkrcm/ZeroUI/internal/tui/design_system_showcase.go:318.25,319.42 1 0
github.com/mrtkrcm/ZeroUI/internal/tui/design_system_showcase.go:320.21,321.38 1 0
github.com/mrtkrcm/ZeroUI/internal/tui/design_system_showcase.go:322.26,323.43 1 0
github.com/mrtkrcm/ZeroUI/internal/tui/design_system_showcase.go:324.25,325.42 1 0
github.com/mrtkrcm/ZeroUI/internal/tui/design_system_showcase.go:326.26,327.43 1 0
github.com/mrtkrcm/ZeroUI/internal/tui/design_system_showcase.go:328.25,329.42 1 0
github.com/mrtkrcm/ZeroUI/internal/tui/design_system_showcase.go:330.27,331.44 1 0
github.com/mrtkrcm/ZeroUI/internal/tui/design_system_showcase.go:334.2,334.34 1 0
github.com/mrtkrcm/ZeroUI/internal/tui/design_system_showcase.go:338.62,390.2 5 0
github.com/mrtkrcm/ZeroUI/internal/tui/design_system_showcase.go:393.60,464.2 6 0
github.com/mrtkrcm/ZeroUI/internal/tui/design_system_showcase.go:467.64,526.2 6 0
github.com/mrtkrcm/ZeroUI/internal/tui/design_system_showcase.go:529.64,602.2 7 0
github.com/mrtkrcm/ZeroUI/internal/tui/design_system_showcase.go:605.60,666.2 6 0
github.com/mrtkrcm/ZeroUI/internal/tui/design_system_showcase.go:669.65,728.2 6 0
github.com/mrtkrcm/ZeroUI/internal/tui/design_system_showcase.go:731.64,761.56 5 0
github.com/mrtkrcm/ZeroUI/internal/tui/design_system_showcase.go:761.56,763.3 1 0
github.com/mrtkrcm/ZeroUI/internal/tui/design_system_showcase.go:765.2,791.4 3 0
github.com/mrtkrcm/ZeroUI/internal/tui/design_system_showcase.go:795.65,850.2 6 0
github.com/mrtkrcm/ZeroUI/internal/tui/design_system_showcase.go:853.64,901.2 8 0
github.com/mrtkrcm/ZeroUI/internal/tui/design_system_showcase.go:904.66,957.2 5 0
github.com/mrtkrcm/ZeroUI/internal/tui/design_system_showcase.go:960.59,963.39 2 0
github.com/mrtkrcm/ZeroUI/internal/tui/design_system_showcase.go:963.39,967.3 3 0
github.com/mrtkrcm/ZeroUI/internal/tui/design_system_showcase.go:969.2,969.58 1 0
github.com/mrtkrcm/ZeroUI/internal/tui/design_system_showcase.go:973.44,974.20 1 0
github.com/mrtkrcm/ZeroUI/internal/tui/design_system_showcase.go:974.20,976.3 1 0
github.com/mrtkrcm/ZeroUI/internal/tui/design_system_showcase.go:979.2,980.23 2 0
github.com/mrtkrcm/ZeroUI/internal/tui/design_system_showcase.go:980.23,982.3 1 0
github.com/mrtkrcm/ZeroUI/internal/tui/design_system_showcase.go:985.2,985.23 1 0
github.com/mrtkrcm/ZeroUI/internal/tui/design_system_showcase.go:985.23,987.3 1 0
github.com/mrtkrcm/ZeroUI/internal/tui/design_system_showcase.go:993.52,994.65 1 0
github.com/mrtkrcm/ZeroUI/internal/tui/design_system_showcase.go:994.65,996.3 1 0
github.com/mrtkrcm/ZeroUI/internal/tui/design_system_showcase.go:1002.68,1002.80 1 0
github.com/mrtkrcm/ZeroUI/internal/tui/design_system_showcase.go:1003.68,1003.80 1 0
github.com/mrtkrcm/ZeroUI/internal/tui/design_system_showcase.go:1004.68,1004.82 1 0
github.com/mrtkrcm/ZeroUI/internal/tui/design_system_showcase.go:1005.92,1007.9 2 0
github.com/mrtkrcm/ZeroUI/internal/tui/design_system_showcase.go:1007.9,1009.3 1 0
github.com/mrtkrcm/ZeroUI/internal/tui/design_system_showcase.go:1011.2,1014.24 3 0
github.com/mrtkrcm/ZeroUI/internal/tui/design_system_showcase.go:1014.24,1016.3 1 0
github.com/mrtkrcm/ZeroUI/internal/tui/design_system_showcase.go:1018.2,1018.24 1 0
github.com/mrtkrcm/ZeroUI/internal/tui/improved_app.go:25.92,30.2 1 0
github.com/mrtkrcm/ZeroUI/internal/tui/improved_app.go:33.35,37.43 3 0
github.com/mrtkrcm/ZeroUI/internal/tui/improved_app.go:37.43,39.3 1 0
github.com/mrtkrcm/ZeroUI/internal/tui/improved_app.go:41.2,41.12 1 0
github.com/mrtkrcm/ZeroUI/internal/tui/improved_app.go:68.96,93.2 11 0
github.com/mrtkrcm/ZeroUI/internal/tui/improved_app.go:96.40,101.2 1 0
github.com/mrtkrcm/ZeroUI/internal/tui/improved_app.go:104.66,107.27 2 0
github.com/mrtkrcm/ZeroUI/internal/tui/improved_app.go:108.25,112.16 4 0
github.com/mrtkrcm/ZeroUI/internal/tui/improved_app.go:114.18,115.23 1 0
github.com/mrtkrcm/ZeroUI/internal/tui/improved_app.go:116.22,117.22 1 0
github.com/mrtkrcm/ZeroUI/internal/tui/improved_app.go:118.14,119.27 1 0
github.com/mrtkrcm/ZeroUI/internal/tui/improved_app.go:123.3,123.18 1 0
github.com/mrtkrcm/ZeroUI/internal/tui/improved_app.go:124.25,125.40 1 0
github.com/mrtkrcm/ZeroUI/internal/tui/improved_app.go:126.23,127.38 1 0
github.com/mrtkrcm/ZeroUI/internal/tui/improved_app.go:128.17,129.32 1 0
github.com/mrtkrcm/ZeroUI/internal/tui/improved_app.go:132.21,133.33 1 0
github.com/mrtkrcm/ZeroUI/internal/tui/improved_app.go:135.23,138.27 3 0
github.com/mrtkrcm/ZeroUI/internal/tui/improved_app.go:140.16,143.16 3 0
github.com/mrtkrcm/ZeroUI/internal/tui/improved_app.go:147.2,147.33 1 0
github.com/mrtkrcm/ZeroUI/internal/tui/improved_app.go:147.33,151.3 3 0
github.com/mrtkrcm/ZeroUI/internal/tui/improved_app.go:153.2,153.30 1 0
github.com/mrtkrcm/ZeroUI/internal/tui/improved_app.go:157.39,158.20 1 0
github.com/mrtkrcm/ZeroUI/internal/tui/improved_app.go:158.20,160.3 1 0
github.com/mrtkrcm/ZeroUI/internal/tui/improved_app.go:162.2,162.17 1 0
github.com/mrtkrcm/ZeroUI/internal/tui/improved_app.go:163.24,164.32 1 0
github.com/mrtkrcm/ZeroUI/internal/tui/improved_app.go:165.22,166.30 1 0
github.com/mrtkrcm/ZeroUI/internal/tui/improved_app.go:167.16,168.24 1 0
github.com/mrtkrcm/ZeroUI/internal/tui/improved_app.go:171.2,171.11 1 0
github.com/mrtkrcm/ZeroUI/internal/tui/improved_app.go:184.44,185.24 1 0
github.com/mrtkrcm/ZeroUI/internal/tui/improved_app.go:185.24,187.17 2 0
github.com/mrtkrcm/ZeroUI/internal/tui/improved_app.go:187.17,189.4 1 0
github.com/mrtkrcm/ZeroUI/internal/tui/improved_app.go:190.3,190.29 1 0
github.com/mrtkrcm/ZeroUI/internal/tui/improved_app.go:195.87,197.31 2 0
github.com/mrtkrcm/ZeroUI/internal/tui/improved_app.go:197.31,199.3 1 0
github.com/mrtkrcm/ZeroUI/internal/tui/improved_app.go:200.2,202.15 3 0
github.com/mrtkrcm/ZeroUI/internal/tui/improved_app.go:205.66,206.17 1 0
github.com/mrtkrcm/ZeroUI/internal/tui/improved_app.go:207.32,209.16 2 0
github.com/mrtkrcm/ZeroUI/internal/tui/improved_app.go:210.10,211.21 1 0
github.com/mrtkrcm/ZeroUI/internal/tui/improved_app.go:215.90,216.22 1 0
github.com/mrtkrcm/ZeroUI/internal/tui/improved_app.go:217.20,218.68 1 0
github.com/mrtkrcm/ZeroUI/internal/tui/improved_app.go:218.68,219.45 1 0
github.com/mrtkrcm/ZeroUI/internal/tui/improved_app.go:219.45,223.5 3 0
github.com/mrtkrcm/ZeroUI/internal/tui/improved_app.go:225.11,227.16 2 0
github.com/mrtkrcm/ZeroUI/internal/tui/improved_app.go:229.2,229.15 1 0
github.com/mrtkrcm/ZeroUI/internal/tui/improved_app.go:232.88,233.22 1 0
github.com/mrtkrcm/ZeroUI/internal/tui/improved_app.go:234.11,236.16 2 0
github.com/mrtkrcm/ZeroUI/internal/tui/improved_app.go:238.2,238.15 1 0
github.com/mrtkrcm/ZeroUI/internal/tui/improved_app.go:241.82,242.22 1 0
github.com/mrtkrcm/ZeroUI/internal/tui/improved_app.go:243.27,245.16 2 0
github.com/mrtkrcm/ZeroUI/internal/tui/improved_app.go:247.2,247.15 1 0
github.com/mrtkrcm/ZeroUI/internal/tui/improved_app.go:250.49,251.24 1 0
github.com/mrtkrcm/ZeroUI/internal/tui/improved_app.go:251.24,255.3 1 0
github.com/mrtkrcm/ZeroUI/internal/tui/improved_app.go:259.40,269.2 7 0
github.com/mrtkrcm/ZeroUI/internal/tui/improved_app.go:272.46,284.2 3 0
github.com/mrtkrcm/ZeroUI/internal/tui/improved_app.go:286.53,287.15 1 0
github.com/mrtkrcm/ZeroUI/internal/tui/improved_app.go:287.15,298.3 2 0
github.com/mrtkrcm/ZeroUI/internal/tui/improved_app.go:300.2,310.3 3 0
github.com/mrtkrcm/ZeroUI/internal/tui/improved_app.go:313.51,326.2 4 0
github.com/mrtkrcm/ZeroUI/internal/tui/improved_app.go:328.45,358.2 4 0
github.com/mrtkrcm/ZeroUI/internal/tui/improved_app.go:363.39,363.59 1 0
github.com/mrtkrcm/ZeroUI/internal/tui/improved_app.go:367.64,367.76 1 0
github.com/mrtkrcm/ZeroUI/internal/tui/improved_app.go:368.64,368.76 1 0
github.com/mrtkrcm/ZeroUI/internal/tui/improved_app.go:369.64,369.78 1 0
github.com/mrtkrcm/ZeroUI/internal/tui/improved_app.go:370.88,372.9 2 0
github.com/mrtkrcm/ZeroUI/internal/tui/improved_app.go:372.9,374.3 1 0
github.com/mrtkrcm/ZeroUI/internal/tui/improved_app.go:376.2,379.24 3 0
github.com/mrtkrcm/ZeroUI/internal/tui/improved_app.go:379.24,382.3 2 0
github.com/mrtkrcm/ZeroUI/internal/tui/improved_app.go:384.2,384.24 1 0
github.com/mrtkrcm/ZeroUI/internal/plugins/plugin.go:62.30,66.2 1 4
github.com/mrtkrcm/ZeroUI/internal/plugins/plugin.go:69.50,71.42 2 5
github.com/mrtkrcm/ZeroUI/internal/plugins/plugin.go:71.42,73.3 1 1
github.com/mrtkrcm/ZeroUI/internal/plugins/plugin.go:74.2,75.12 2 4
github.com/mrtkrcm/ZeroUI/internal/plugins/plugin.go:79.53,81.13 2 2
github.com/mrtkrcm/ZeroUI/internal/plugins/plugin.go:81.13,83.3 1 1
github.com/mrtkrcm/ZeroUI/internal/plugins/plugin.go:84.2,84.20 1 1
github.com/mrtkrcm/ZeroUI/internal/plugins/plugin.go:88.36,90.30 2 2
github.com/mrtkrcm/ZeroUI/internal/plugins/plugin.go:90.30,92.3 1 2
github.com/mrtkrcm/ZeroUI/internal/plugins/plugin.go:93.2,93.14 1 2
github.com/mrtkrcm/ZeroUI/internal/plugins/plugin.go:97.40,99.16 2 3
github.com/mrtkrcm/ZeroUI/internal/plugins/plugin.go:99.16,101.3 1 0
github.com/mrtkrcm/ZeroUI/internal/plugins/plugin.go:103.2,104.53 2 3
github.com/mrtkrcm/ZeroUI/internal/plugins/plugin.go:104.53,106.3 1 0
github.com/mrtkrcm/ZeroUI/internal/plugins/plugin.go:108.2,111.47 2 3
github.com/mrtkrcm/ZeroUI/internal/plugins/plugin.go:111.47,113.3 1 1
github.com/mrtkrcm/ZeroUI/internal/plugins/plugin.go:116.2,117.16 2 2
github.com/mrtkrcm/ZeroUI/internal/plugins/plugin.go:117.16,119.3 1 1
github.com/mrtkrcm/ZeroUI/internal/plugins/plugin.go:122.2,132.53 9 1
github.com/mrtkrcm/ZeroUI/internal/plugins/plugin.go:132.53,135.28 3 3
github.com/mrtkrcm/ZeroUI/internal/plugins/plugin.go:135.28,137.39 2 2
github.com/mrtkrcm/ZeroUI/internal/plugins/plugin.go:137.39,139.5 1 7
github.com/mrtkrcm/ZeroUI/internal/plugins/plugin.go:141.3,141.27 1 3
github.com/mrtkrcm/ZeroUI/internal/plugins/plugin.go:141.27,143.4 1 3
github.com/mrtkrcm/ZeroUI/internal/plugins/plugin.go:144.3,144.30 1 3
github.com/mrtkrcm/ZeroUI/internal/plugins/plugin.go:144.30,146.4 1 3
github.com/mrtkrcm/ZeroUI/internal/plugins/plugin.go:147.3,147.23 1 3
github.com/mrtkrcm/ZeroUI/internal/plugins/plugin.go:147.23,149.4 1 0
github.com/mrtkrcm/ZeroUI/internal/plugins/plugin.go:153.2,154.22 2 1
github.com/mrtkrcm/ZeroUI/internal/plugins/plugin.go:154.22,156.37 2 1
github.com/mrtkrcm/ZeroUI/internal/plugins/plugin.go:156.37,159.32 3 2
github.com/mrtkrcm/ZeroUI/internal/plugins/plugin.go:159.32,161.5 1 2
github.com/mrtkrcm/ZeroUI/internal/plugins/plugin.go:162.4,163.42 2 2
github.com/mrtkrcm/ZeroUI/internal/plugins/plugin.go:163.42,165.5 1 6
github.com/mrtkrcm/ZeroUI/internal/plugins/plugin.go:170.2,171.20 2 1
github.com/mrtkrcm/ZeroUI/internal/plugins/plugin.go:171.20,173.37 2 1
github.com/mrtkrcm/ZeroUI/internal/plugins/plugin.go:173.37,175.4 1 2
github.com/mrtkrcm/ZeroUI/internal/plugins/plugin.go:179.2,179.80 1 1
github.com/mrtkrcm/ZeroUI/internal/plugins/plugin.go:179.80,181.3 1 0
github.com/mrtkrcm/ZeroUI/internal/plugins/plugin.go:183.2,183.12 1 1
github.com/mrtkrcm/ZeroUI/internal/recovery/recovery.go:18.49,20.16 2 2
github.com/mrtkrcm/ZeroUI/internal/recovery/recovery.go:20.16,22.3 1 0
github.com/mrtkrcm/ZeroUI/internal/recovery/recovery.go:24.2,25.53 2 2
github.com/mrtkrcm/ZeroUI/internal/recovery/recovery.go:25.53,28.3 1 0
github.com/mrtkrcm/ZeroUI/internal/recovery/recovery.go:30.2,32.8 1 2
github.com/mrtkrcm/ZeroUI/internal/recovery/recovery.go:36.83,37.55 1 4
github.com/mrtkrcm/ZeroUI/internal/recovery/recovery.go:37.55,40.3 1 1
github.com/mrtkrcm/ZeroUI/internal/recovery/recovery.go:42.2,47.16 5 3
github.com/mrtkrcm/ZeroUI/internal/recovery/recovery.go:47.16,50.3 1 0
github.com/mrtkrcm/ZeroUI/internal/recovery/recovery.go:52.2,52.61 1 3
github.com/mrtkrcm/ZeroUI/internal/recovery/recovery.go:52.61,55.3 1 0
github.com/mrtkrcm/ZeroUI/internal/recovery/recovery.go:57.2,57.24 1 3
github.com/mrtkrcm/ZeroUI/internal/recovery/recovery.go:61.77,62.55 1 3
github.com/mrtkrcm/ZeroUI/internal/recovery/recovery.go:62.55,65.3 1 1
github.com/mrtkrcm/ZeroUI/internal/recovery/recovery.go:67.2,68.16 2 2
github.com/mrtkrcm/ZeroUI/internal/recovery/recovery.go:68.16,70.3 1 0
github.com/mrtkrcm/ZeroUI/internal/recovery/recovery.go:73.2,74.53 2 2
github.com/mrtkrcm/ZeroUI/internal/recovery/recovery.go:74.53,76.3 1 0
github.com/mrtkrcm/ZeroUI/internal/recovery/recovery.go:78.2,78.61 1 2
github.com/mrtkrcm/ZeroUI/internal/recovery/recovery.go:78.61,81.3 1 0
github.com/mrtkrcm/ZeroUI/internal/recovery/recovery.go:83.2,83.12 1 2
github.com/mrtkrcm/ZeroUI/internal/recovery/recovery.go:87.76,89.16 2 7
github.com/mrtkrcm/ZeroUI/internal/recovery/recovery.go:89.16,90.25 1 0
github.com/mrtkrcm/ZeroUI/internal/recovery/recovery.go:90.25,92.4 1 0
github.com/mrtkrcm/ZeroUI/internal/recovery/recovery.go:93.3,93.90 1 0
github.com/mrtkrcm/ZeroUI/internal/recovery/recovery.go:96.2,100.32 4 7
github.com/mrtkrcm/ZeroUI/internal/recovery/recovery.go:100.32,101.21 1 20
github.com/mrtkrcm/ZeroUI/internal/recovery/recovery.go:101.21,105.45 2 20
github.com/mrtkrcm/ZeroUI/internal/recovery/recovery.go:105.45,108.19 2 16
github.com/mrtkrcm/ZeroUI/internal/recovery/recovery.go:108.19,109.14 1 0
github.com/mrtkrcm/ZeroUI/internal/recovery/recovery.go:112.5,119.7 2 16
github.com/mrtkrcm/ZeroUI/internal/recovery/recovery.go:124.2,124.21 1 7
github.com/mrtkrcm/ZeroUI/internal/recovery/recovery.go:128.81,130.16 2 3
github.com/mrtkrcm/ZeroUI/internal/recovery/recovery.go:130.16,132.3 1 0
github.com/mrtkrcm/ZeroUI/internal/recovery/recovery.go:134.2,134.31 1 3
github.com/mrtkrcm/ZeroUI/internal/recovery/recovery.go:134.31,136.3 1 2
github.com/mrtkrcm/ZeroUI/internal/recovery/recovery.go:140.2,140.44 1 1
github.com/mrtkrcm/ZeroUI/internal/recovery/recovery.go:140.44,141.52 1 2
github.com/mrtkrcm/ZeroUI/internal/recovery/recovery.go:141.52,144.4 1 0
github.com/mrtkrcm/ZeroUI/internal/recovery/recovery.go:147.2,147.12 1 1
github.com/mrtkrcm/ZeroUI/internal/recovery/recovery.go:168.75,170.16 2 2
github.com/mrtkrcm/ZeroUI/internal/recovery/recovery.go:170.16,172.3 1 0
github.com/mrtkrcm/ZeroUI/internal/recovery/recovery.go:174.2,175.16 2 2
github.com/mrtkrcm/ZeroUI/internal/recovery/recovery.go:175.16,177.3 1 0
github.com/mrtkrcm/ZeroUI/internal/recovery/recovery.go:179.2,184.8 1 2
github.com/mrtkrcm/ZeroUI/internal/recovery/recovery.go:188.43,189.25 1 1
github.com/mrtkrcm/ZeroUI/internal/recovery/recovery.go:189.25,191.3 1 0
github.com/mrtkrcm/ZeroUI/internal/recovery/recovery.go:193.2,193.69 1 1
github.com/mrtkrcm/ZeroUI/internal/recovery/recovery.go:197.41,198.25 1 1
github.com/mrtkrcm/ZeroUI/internal/recovery/recovery.go:198.25,200.3 1 0
github.com/mrtkrcm/ZeroUI/internal/recovery/recovery.go:202.2,202.49 1 1
github.com/mrtkrcm/ZeroUI/internal/recovery/recovery.go:202.49,205.3 1 0
github.com/mrtkrcm/ZeroUI/internal/recovery/recovery.go:207.2,207.12 1 1
github.com/mrtkrcm/ZeroUI/internal/recovery/recovery.go:211.55,213.2 1 0
github.com/mrtkrcm/ZeroUI/internal/recovery/recovery.go:216.46,218.57 1 0
github.com/mrtkrcm/ZeroUI/internal/recovery/recovery.go:218.57,219.57 1 0
github.com/mrtkrcm/ZeroUI/internal/recovery/recovery.go:219.57,222.4 1 0
github.com/mrtkrcm/ZeroUI/internal/recovery/recovery.go:226.2,227.69 2 0
github.com/mrtkrcm/ZeroUI/internal/recovery/recovery.go:227.69,230.3 1 0
github.com/mrtkrcm/ZeroUI/internal/recovery/recovery.go:233.2,234.12 2 0
github.com/mrtkrcm/ZeroUI/internal/recovery/recovery.go:238.60,243.16 3 0
github.com/mrtkrcm/ZeroUI/internal/recovery/recovery.go:243.16,246.3 2 0
github.com/mrtkrcm/ZeroUI/internal/recovery/recovery.go:248.2,253.32 4 0
github.com/mrtkrcm/ZeroUI/internal/recovery/recovery.go:253.32,254.21 1 0
github.com/mrtkrcm/ZeroUI/internal/recovery/recovery.go:254.21,256.18 2 0
github.com/mrtkrcm/ZeroUI/internal/recovery/recovery.go:256.18,258.5 1 0
github.com/mrtkrcm/ZeroUI/internal/recovery/recovery.go:262.2,263.14 2 0
